2025-07-24 04:36:15,991 - __main__ - INFO - 🔍 STARTING COMPREHENSIVE PIPELINE DEBUGGING
2025-07-24 04:36:15,991 - __main__ - INFO - ================================================================================
2025-07-24 04:36:15,992 - __main__ - INFO - ================================================================================
2025-07-24 04:36:15,992 - __main__ - INFO - 🔍 JAX ENVIRONMENT CHECK
2025-07-24 04:36:15,992 - __main__ - INFO - ================================================================================
2025-07-24 04:36:15,992 - __main__ - INFO - JAX version: 0.6.2
2025-07-24 04:36:16,392 - jax._src.xla_bridge - INFO - Unable to initialize backend 'tpu': INTERNAL: Failed to open libtpu.so: libtpu.so: cannot open shared object file: No such file or directory
2025-07-24 04:36:16,715 - __main__ - INFO - JAX devices: [CudaDevice(id=0)]
2025-07-24 04:36:16,716 - __main__ - INFO - Default backend: gpu
2025-07-24 04:36:16,716 - __main__ - INFO - XLA settings: {'XLA_PYTHON_CLIENT_PREALLOCATE': 'not set', 'XLA_PYTHON_CLIENT_MEM_FRACTION': 'not set', 'XLA_FLAGS': 'not set'}
2025-07-24 04:36:17,565 - __main__ - INFO - JAX basic test: 2.8403148651123047
2025-07-24 04:36:17,565 - __main__ - INFO - ================================================================================
2025-07-24 04:36:17,565 - __main__ - INFO - 🌊 REAL LIGO DATA INTEGRATION TEST
2025-07-24 04:36:17,565 - __main__ - INFO - ================================================================================
2025-07-24 04:36:17,601 - __main__ - INFO - ✅ Real LIGO integration module found
2025-07-24 04:36:17,601 - data.real_ligo_integration - INFO - 🌊 Attempting to download real GW150914 data...
2025-07-24 04:36:17,602 - data.real_ligo_integration - INFO - ✅ ReadLIGO available - loading real GW150914 data
2025-07-24 04:36:17,602 - data.real_ligo_integration - INFO - 🌊 Loading strain data from H1: H-H1_LOSC_4_V2-1126259446-32.hdf5
2025-07-24 04:36:17,602 - data.real_ligo_integration - INFO - 🌊 Loading strain data from L1: L-L1_LOSC_4_V2-1126259446-32.hdf5
2025-07-24 04:36:17,666 - data.real_ligo_integration - INFO - ✅ Real GW150914 strain loaded:
2025-07-24 04:36:17,667 - data.real_ligo_integration - INFO -    H1: 131072 samples
2025-07-24 04:36:17,667 - data.real_ligo_integration - INFO -    L1: 131072 samples
2025-07-24 04:36:17,667 - data.real_ligo_integration - INFO -    Time span: 1126259446.000 to 1126259478.000 GPS
2025-07-24 04:36:17,667 - data.real_ligo_integration - INFO -    Sample rate: 4096 Hz
2025-07-24 04:36:17,670 - data.real_ligo_integration - INFO - ✅ Successfully loaded real GW150914 strain data: 2048 samples
2025-07-24 04:36:17,670 - data.real_ligo_integration - INFO - 📊 Strain amplitude range: -7.60e-19 to -2.08e-19
2025-07-24 04:36:17,671 - data.real_ligo_integration - INFO - ✅ GW150914 strain data obtained: 2048 samples
2025-07-24 04:36:17,701 - data.real_ligo_integration - INFO - 🌊 Created proper windowed dataset:
2025-07-24 04:36:17,701 - data.real_ligo_integration - INFO -    Total windows: 15
2025-07-24 04:36:17,701 - data.real_ligo_integration - INFO -    Window size: 256
2025-07-24 04:36:17,752 - data.real_ligo_integration - INFO -    Signal windows (label=1): 3
2025-07-24 04:36:17,795 - data.real_ligo_integration - INFO -    Noise windows (label=0): 12
2025-07-24 04:36:17,853 - data.real_ligo_integration - INFO -    Class balance: 20.0% positive
2025-07-24 04:36:18,957 - utils.data_split - INFO - 📊 Creating stratified split (train: 80.0%):
2025-07-24 04:36:18,958 - utils.data_split - INFO -    Class 0 samples: 12
2025-07-24 04:36:18,958 - utils.data_split - INFO -    Class 1 samples: 3
2025-07-24 04:36:21,553 - utils.data_split - INFO - 📊 Dataset split completed:
2025-07-24 04:36:21,553 - utils.data_split - INFO -    Train: 11 samples
2025-07-24 04:36:21,553 - utils.data_split - INFO -    Test: 4 samples
2025-07-24 04:36:21,601 - utils.data_split - INFO -    Train class balance: 18.2% positive
2025-07-24 04:36:21,661 - utils.data_split - INFO -    Test class balance: 25.0% positive
2025-07-24 04:36:21,762 - utils.data_split - INFO - ✅ Balanced test set: 25.0% positive
2025-07-24 04:36:21,763 - __main__ - INFO - ✅ Real LIGO data loaded successfully
2025-07-24 04:36:21,763 - __main__ - INFO -    Train: (11, 256), labels: (11,)
2025-07-24 04:36:21,763 - __main__ - INFO -    Test: (4, 256), labels: (4,)
2025-07-24 04:36:22,058 - __main__ - INFO -    Train label distribution: [9 2]
2025-07-24 04:36:22,261 - __main__ - INFO -    Test label distribution: [3 1]
2025-07-24 04:36:22,580 - __main__ - INFO -    Strain statistics: mean=-4.89e-19, std=1.22e-19, max=7.60e-19
2025-07-24 04:36:22,632 - __main__ - WARNING - ⚠️ SUSPICIOUS: Strain levels very high (7.60e-19) - possibly unrealistic
2025-07-24 04:36:22,632 - __main__ - INFO - ================================================================================
2025-07-24 04:36:22,632 - __main__ - INFO - 🧠 MODEL ARCHITECTURE DEBUG
2025-07-24 04:36:22,632 - __main__ - INFO - ================================================================================
2025-07-24 04:36:22,634 - models - INFO - Models module v1.0.0 initialized with lazy loading
2025-07-24 04:36:22,634 - models - INFO - Available models: 21 classes, 9 factories
2025-07-24 04:36:22,768 - __main__ - INFO - ✅ CPC encoder found
2025-07-24 04:36:22,768 - __main__ - ERROR - ❌ CPC encoder failed: CPCEncoder.__init__() got an unexpected keyword argument 'downsample_factor'
2025-07-24 04:36:22,772 - __main__ - INFO - ✅ SNN classifier found
2025-07-24 04:36:22,772 - __main__ - ERROR - ❌ SNN classifier failed: SNNClassifier.__init__() got an unexpected keyword argument 'num_layers'
2025-07-24 04:36:22,774 - __main__ - INFO - ✅ Spike bridge found
2025-07-24 04:36:22,774 - __main__ - ERROR - ❌ Spike bridge failed: ValidatedSpikeBridge.__init__() got an unexpected keyword argument 'encoding_method'
2025-07-24 04:36:22,774 - __main__ - INFO - ================================================================================
2025-07-24 04:36:22,774 - __main__ - INFO - 🏋️ TRAINING COMPONENTS DEBUG
2025-07-24 04:36:22,774 - __main__ - INFO - ================================================================================
2025-07-24 04:36:27,101 - root - INFO - Running PyFstat version 2.3.0
2025-07-24 04:36:27,416 - pyfstat.utils.importing - INFO - No $DISPLAY environment variable found, so importing matplotlib.pyplot with non-interactive 'Agg' backend.
2025-07-24 04:36:28,103 - data.gw_signal_params - INFO - PyFstat available - enhanced F-statistic features enabled
2025-07-24 04:36:28,867 - data.readligo_data_sources - INFO - ✅ ReadLIGO available - using real LIGO data
2025-07-24 04:36:28,873 - training - INFO - Training module initialized (v1.0.0) with 5 trainer types
2025-07-24 04:36:28,873 - training.training_utils - INFO - JAX devices: [CudaDevice(id=0)]
2025-07-24 04:36:28,874 - training.training_utils - INFO - JAX platform: gpu
2025-07-24 04:36:28,874 - training.base_trainer - INFO - Using basic experiment tracker
2025-07-24 04:36:28,874 - training.training_utils - INFO - Configuration saved to outputs/config.json
2025-07-24 04:36:28,875 - training.base_trainer - INFO - Initialized CPCSNNTrainer with config: cpc_snn_gw
2025-07-24 04:36:28,875 - __main__ - INFO - ✅ CPCSNNTrainer created successfully
2025-07-24 04:36:28,876 - __main__ - INFO - ✅ Model created successfully
2025-07-24 04:36:36,432 - models.spike_bridge - INFO - ValidatedSpikeBridge initialized: encoding=temporal_contrast, threshold=±0.1, time_steps=16
2025-07-24 04:36:40,672 - __main__ - INFO - ✅ Training state created successfully
2025-07-24 04:36:40,688 - __main__ - ERROR - ❌ Training component test failed: jax.tree_map was removed in JAX v0.6.0: use jax.tree.map (jax v0.4.25 or newer) or jax.tree_util.tree_map (any JAX version).
2025-07-24 04:36:40,692 - __main__ - INFO - ================================================================================
2025-07-24 04:36:40,692 - __main__ - INFO - 🔧 CPC LOSS FIXES DEBUG
2025-07-24 04:36:40,692 - __main__ - INFO - ================================================================================
2025-07-24 04:36:41,260 - __main__ - INFO -    CPC features validation: True
2025-07-24 04:36:42,357 - __main__ - INFO -    CPC loss: 13.655603
2025-07-24 04:36:42,358 - __main__ - INFO - ✅ CPC loss is non-zero - contrastive learning working
2025-07-24 04:36:43,667 - __main__ - INFO -    Test case 1 (b=1, t=10, f=32): CPC loss = 12.889552
2025-07-24 04:36:45,251 - __main__ - INFO -    Test case 2 (b=1, t=64, f=32): CPC loss = 13.472465
2025-07-24 04:36:46,626 - __main__ - INFO -    Test case 3 (b=2, t=32, f=32): CPC loss = 14.257004
2025-07-24 04:36:46,626 - __main__ - INFO - ================================================================================
2025-07-24 04:36:46,626 - __main__ - INFO - 🚀 3-EPOCH TRAINING TEST
2025-07-24 04:36:46,627 - __main__ - INFO - ================================================================================
2025-07-24 04:36:46,627 - __main__ - INFO -    Using 11 training samples, 4 test samples
2025-07-24 04:36:46,628 - training.training_utils - INFO - JAX devices: [CudaDevice(id=0)]
2025-07-24 04:36:46,628 - training.training_utils - INFO - JAX platform: gpu
2025-07-24 04:36:46,629 - training.base_trainer - INFO - Using basic experiment tracker
2025-07-24 04:36:46,629 - training.training_utils - INFO - Configuration saved to outputs/config.json
2025-07-24 04:36:46,630 - training.base_trainer - INFO - Initialized CPCSNNTrainer with config: cpc_snn_gw
2025-07-24 04:36:50,839 - models.spike_bridge - INFO - ValidatedSpikeBridge initialized: encoding=temporal_contrast, threshold=±0.1, time_steps=16
2025-07-24 04:36:53,786 - __main__ - INFO -    🔥 Epoch 1/3
2025-07-24 04:36:53,787 - __main__ - ERROR - ❌ 3-epoch training test failed: jax.tree_leaves was removed in JAX v0.6.0: use jax.tree.leaves (jax v0.4.25 or newer) or jax.tree_util.tree_leaves (any JAX version).
2025-07-24 04:36:53,790 - __main__ - INFO - ================================================================================
2025-07-24 04:36:53,791 - __main__ - INFO - 📋 DEBUGGING SUMMARY
2025-07-24 04:36:53,791 - __main__ - INFO - ================================================================================
2025-07-24 04:36:53,791 - __main__ - ERROR - ❌ CRITICAL ISSUES FOUND:
2025-07-24 04:36:53,791 - __main__ - ERROR -    - CPC encoder not working
2025-07-24 04:36:53,791 - __main__ - ERROR -    - SNN classifier not working
2025-07-24 04:36:53,792 - __main__ - ERROR -    - Spike bridge not working
2025-07-24 04:36:53,792 - __main__ - ERROR -    - Gradient flow broken
2025-07-24 04:36:53,792 - __main__ - ERROR -    - Trainer not working
2025-07-24 04:36:53,792 - __main__ - ERROR -    - 3-epoch training failed
2025-07-24 04:36:53,793 - __main__ - INFO - 📊 OVERALL SUCCESS RATE: 50.0% (3/6 tests passed)
2025-07-24 04:36:53,793 - __main__ - ERROR - ❌ Pipeline has serious issues that need to be addressed
2025-07-24 04:45:34,651 - __main__ - INFO - 🔍 STARTING COMPREHENSIVE PIPELINE DEBUGGING
2025-07-24 04:45:34,651 - __main__ - INFO - ================================================================================
2025-07-24 04:45:34,651 - __main__ - INFO - ================================================================================
2025-07-24 04:45:34,651 - __main__ - INFO - 🔍 JAX ENVIRONMENT CHECK
2025-07-24 04:45:34,652 - __main__ - INFO - ================================================================================
2025-07-24 04:45:34,652 - __main__ - INFO - JAX version: 0.6.2
2025-07-24 04:45:35,089 - jax._src.xla_bridge - INFO - Unable to initialize backend 'tpu': INTERNAL: Failed to open libtpu.so: libtpu.so: cannot open shared object file: No such file or directory
2025-07-24 04:45:35,416 - __main__ - INFO - JAX devices: [CudaDevice(id=0)]
2025-07-24 04:45:35,417 - __main__ - INFO - Default backend: gpu
2025-07-24 04:45:35,417 - __main__ - INFO - XLA settings: {'XLA_PYTHON_CLIENT_PREALLOCATE': 'not set', 'XLA_PYTHON_CLIENT_MEM_FRACTION': 'not set', 'XLA_FLAGS': 'not set'}
2025-07-24 04:45:36,235 - __main__ - INFO - JAX basic test: 2.8403148651123047
2025-07-24 04:45:36,235 - __main__ - INFO - ================================================================================
2025-07-24 04:45:36,236 - __main__ - INFO - 🌊 REAL LIGO DATA INTEGRATION TEST
2025-07-24 04:45:36,236 - __main__ - INFO - ================================================================================
2025-07-24 04:45:36,300 - __main__ - INFO - ✅ Real LIGO integration module found
2025-07-24 04:45:36,300 - data.real_ligo_integration - INFO - 🌊 Attempting to download real GW150914 data...
2025-07-24 04:45:36,301 - data.real_ligo_integration - INFO - ✅ ReadLIGO available - loading real GW150914 data
2025-07-24 04:45:36,301 - data.real_ligo_integration - INFO - 🌊 Loading strain data from H1: H-H1_LOSC_4_V2-1126259446-32.hdf5
2025-07-24 04:45:36,302 - data.real_ligo_integration - INFO - 🌊 Loading strain data from L1: L-L1_LOSC_4_V2-1126259446-32.hdf5
2025-07-24 04:45:36,365 - data.real_ligo_integration - INFO - ✅ Real GW150914 strain loaded:
2025-07-24 04:45:36,365 - data.real_ligo_integration - INFO -    H1: 131072 samples
2025-07-24 04:45:36,366 - data.real_ligo_integration - INFO -    L1: 131072 samples
2025-07-24 04:45:36,366 - data.real_ligo_integration - INFO -    Time span: 1126259446.000 to 1126259478.000 GPS
2025-07-24 04:45:36,366 - data.real_ligo_integration - INFO -    Sample rate: 4096 Hz
2025-07-24 04:45:36,369 - data.real_ligo_integration - INFO - ✅ Successfully loaded real GW150914 strain data: 2048 samples
2025-07-24 04:45:36,369 - data.real_ligo_integration - INFO - 📊 Strain amplitude range: -7.60e-21 to -2.08e-21
2025-07-24 04:45:36,369 - data.real_ligo_integration - INFO - 🔧 Applied 100x normalization for realistic LIGO strain levels
2025-07-24 04:45:36,370 - data.real_ligo_integration - INFO - ✅ GW150914 strain data obtained: 2048 samples
2025-07-24 04:45:36,400 - data.real_ligo_integration - INFO - 🌊 Created proper windowed dataset:
2025-07-24 04:45:36,401 - data.real_ligo_integration - INFO -    Total windows: 15
2025-07-24 04:45:36,401 - data.real_ligo_integration - INFO -    Window size: 256
2025-07-24 04:45:36,454 - data.real_ligo_integration - INFO -    Signal windows (label=1): 3
2025-07-24 04:45:36,498 - data.real_ligo_integration - INFO -    Noise windows (label=0): 12
2025-07-24 04:45:36,552 - data.real_ligo_integration - INFO -    Class balance: 20.0% positive
2025-07-24 04:45:37,669 - utils.data_split - INFO - 📊 Creating stratified split (train: 80.0%):
2025-07-24 04:45:37,669 - utils.data_split - INFO -    Class 0 samples: 12
2025-07-24 04:45:37,669 - utils.data_split - INFO -    Class 1 samples: 3
2025-07-24 04:45:40,347 - utils.data_split - INFO - 📊 Dataset split completed:
2025-07-24 04:45:40,348 - utils.data_split - INFO -    Train: 11 samples
2025-07-24 04:45:40,348 - utils.data_split - INFO -    Test: 4 samples
2025-07-24 04:45:40,397 - utils.data_split - INFO -    Train class balance: 18.2% positive
2025-07-24 04:45:40,457 - utils.data_split - INFO -    Test class balance: 25.0% positive
2025-07-24 04:45:40,556 - utils.data_split - INFO - ✅ Balanced test set: 25.0% positive
2025-07-24 04:45:40,556 - __main__ - INFO - ✅ Real LIGO data loaded successfully
2025-07-24 04:45:40,556 - __main__ - INFO -    Train: (11, 256), labels: (11,)
2025-07-24 04:45:40,556 - __main__ - INFO -    Test: (4, 256), labels: (4,)
2025-07-24 04:45:40,851 - __main__ - INFO -    Train label distribution: [9 2]
2025-07-24 04:45:41,059 - __main__ - INFO -    Test label distribution: [3 1]
2025-07-24 04:45:41,370 - __main__ - INFO -    Strain statistics: mean=-4.89e-21, std=1.22e-21, max=7.60e-21
2025-07-24 04:45:41,419 - __main__ - INFO - ================================================================================
2025-07-24 04:45:41,419 - __main__ - INFO - 🧠 MODEL ARCHITECTURE DEBUG
2025-07-24 04:45:41,419 - __main__ - INFO - ================================================================================
2025-07-24 04:45:41,493 - models - INFO - Models module v1.0.0 initialized with lazy loading
2025-07-24 04:45:41,493 - models - INFO - Available models: 21 classes, 9 factories
2025-07-24 04:45:41,574 - __main__ - INFO - ✅ CPC encoder found
2025-07-24 04:45:50,815 - __main__ - ERROR - ❌ CPC encoder failed: Dropout_0 needs PRNG for "dropout" (https://flax.readthedocs.io/en/latest/api_reference/flax.errors.html#flax.errors.InvalidRngError)
2025-07-24 04:45:50,823 - __main__ - INFO - ✅ SNN classifier found
2025-07-24 04:45:51,054 - __main__ - ERROR - ❌ SNN classifier failed: SNNClassifier.__call__() got an unexpected keyword argument 'training'
2025-07-24 04:45:51,056 - __main__ - INFO - ✅ Spike bridge found
2025-07-24 04:45:51,342 - models.spike_bridge - INFO - ValidatedSpikeBridge initialized: encoding=temporal_contrast, threshold=±0.1, time_steps=32
2025-07-24 04:45:51,348 - __main__ - ERROR - ❌ Spike bridge failed: ValidatedSpikeBridge.__call__() got an unexpected keyword argument 'train'
2025-07-24 04:45:51,348 - __main__ - INFO - ================================================================================
2025-07-24 04:45:51,348 - __main__ - INFO - 🏋️ TRAINING COMPONENTS DEBUG
2025-07-24 04:45:51,348 - __main__ - INFO - ================================================================================
2025-07-24 04:45:55,913 - root - INFO - Running PyFstat version 2.3.0
2025-07-24 04:45:56,163 - pyfstat.utils.importing - INFO - No $DISPLAY environment variable found, so importing matplotlib.pyplot with non-interactive 'Agg' backend.
2025-07-24 04:45:56,901 - data.gw_signal_params - INFO - PyFstat available - enhanced F-statistic features enabled
2025-07-24 04:45:57,653 - data.readligo_data_sources - INFO - ✅ ReadLIGO available - using real LIGO data
2025-07-24 04:45:57,659 - training - INFO - Training module initialized (v1.0.0) with 5 trainer types
2025-07-24 04:45:57,660 - training.training_utils - INFO - JAX devices: [CudaDevice(id=0)]
2025-07-24 04:45:57,660 - training.training_utils - INFO - JAX platform: gpu
2025-07-24 04:45:57,660 - training.base_trainer - INFO - Using basic experiment tracker
2025-07-24 04:45:57,661 - training.training_utils - INFO - Configuration saved to outputs/config.json
2025-07-24 04:45:57,661 - training.base_trainer - INFO - Initialized CPCSNNTrainer with config: cpc_snn_gw
2025-07-24 04:45:57,661 - __main__ - INFO - ✅ CPCSNNTrainer created successfully
2025-07-24 04:45:57,662 - __main__ - INFO - ✅ Model created successfully
2025-07-24 04:45:57,720 - models.spike_bridge - INFO - ValidatedSpikeBridge initialized: encoding=temporal_contrast, threshold=±0.1, time_steps=16
2025-07-24 04:46:02,309 - __main__ - INFO - ✅ Training state created successfully
2025-07-24 04:46:04,216 - __main__ - INFO -    Initial parameter norm: 70.865738
2025-07-24 04:46:07,640 - models.spike_bridge - INFO - ValidatedSpikeBridge initialized: encoding=temporal_contrast, threshold=±0.1, time_steps=16
2025-07-24 04:46:19,040 - __main__ - INFO -    New parameter norm: 70.865738
2025-07-24 04:46:19,041 - __main__ - INFO -    Total parameter change: 0.000000
2025-07-24 04:46:19,042 - __main__ - WARNING - ⚠️ CRITICAL: Parameters barely changed - possible broken gradient flow!
2025-07-24 04:46:19,042 - __main__ - INFO -    Training metrics: loss=0.429888, accuracy=1.000000
2025-07-24 04:46:19,042 - __main__ - INFO -    Gradient norm: 2.318649
2025-07-24 04:46:19,042 - __main__ - INFO -    Learning rate: 0.000100
2025-07-24 04:46:19,043 - __main__ - WARNING - ⚠️ SUSPICIOUS: Accuracy is exact value (1.0) - possible mock metric
2025-07-24 04:46:19,043 - __main__ - INFO - ================================================================================
2025-07-24 04:46:19,044 - __main__ - INFO - 🔧 CPC LOSS FIXES DEBUG
2025-07-24 04:46:19,044 - __main__ - INFO - ================================================================================
2025-07-24 04:46:19,684 - __main__ - INFO -    CPC features validation: True
2025-07-24 04:46:20,917 - __main__ - INFO -    CPC loss: 13.655603
2025-07-24 04:46:20,918 - __main__ - INFO - ✅ CPC loss is non-zero - contrastive learning working
2025-07-24 04:46:22,368 - __main__ - INFO -    Test case 1 (b=1, t=10, f=32): CPC loss = 12.889552
2025-07-24 04:46:23,833 - __main__ - INFO -    Test case 2 (b=1, t=64, f=32): CPC loss = 13.472465
2025-07-24 04:46:25,282 - __main__ - INFO -    Test case 3 (b=2, t=32, f=32): CPC loss = 14.257004
2025-07-24 04:46:25,282 - __main__ - INFO - ================================================================================
2025-07-24 04:46:25,283 - __main__ - INFO - 🚀 3-EPOCH TRAINING TEST
2025-07-24 04:46:25,283 - __main__ - INFO - ================================================================================
2025-07-24 04:46:25,283 - __main__ - INFO -    Using 11 training samples, 4 test samples
2025-07-24 04:46:25,284 - training.training_utils - INFO - JAX devices: [CudaDevice(id=0)]
2025-07-24 04:46:25,285 - training.training_utils - INFO - JAX platform: gpu
2025-07-24 04:46:25,285 - training.base_trainer - INFO - Using basic experiment tracker
2025-07-24 04:46:25,285 - training.training_utils - INFO - Configuration saved to outputs/config.json
2025-07-24 04:46:25,286 - training.base_trainer - INFO - Initialized CPCSNNTrainer with config: cpc_snn_gw
2025-07-24 04:46:29,819 - models.spike_bridge - INFO - ValidatedSpikeBridge initialized: encoding=temporal_contrast, threshold=±0.1, time_steps=16
2025-07-24 04:46:32,689 - __main__ - INFO -    🔥 Epoch 1/3
2025-07-24 04:46:32,848 - __main__ - INFO -       Parameter norm: 70.865349
2025-07-24 04:46:36,272 - models.spike_bridge - INFO - ValidatedSpikeBridge initialized: encoding=temporal_contrast, threshold=±0.1, time_steps=16
2025-07-24 04:46:40,681 - models.spike_bridge - INFO - ValidatedSpikeBridge initialized: encoding=temporal_contrast, threshold=±0.1, time_steps=16
2025-07-24 04:46:41,520 - models.spike_bridge - INFO - ValidatedSpikeBridge initialized: encoding=temporal_contrast, threshold=±0.1, time_steps=16
2025-07-24 04:46:42,360 - models.spike_bridge - INFO - ValidatedSpikeBridge initialized: encoding=temporal_contrast, threshold=±0.1, time_steps=16
2025-07-24 04:46:43,209 - models.spike_bridge - INFO - ValidatedSpikeBridge initialized: encoding=temporal_contrast, threshold=±0.1, time_steps=16
2025-07-24 04:46:44,046 - models.spike_bridge - INFO - ValidatedSpikeBridge initialized: encoding=temporal_contrast, threshold=±0.1, time_steps=16
2025-07-24 04:46:44,893 - models.spike_bridge - INFO - ValidatedSpikeBridge initialized: encoding=temporal_contrast, threshold=±0.1, time_steps=16
2025-07-24 04:46:45,741 - models.spike_bridge - INFO - ValidatedSpikeBridge initialized: encoding=temporal_contrast, threshold=±0.1, time_steps=16
2025-07-24 04:46:46,607 - models.spike_bridge - INFO - ValidatedSpikeBridge initialized: encoding=temporal_contrast, threshold=±0.1, time_steps=16
2025-07-24 04:46:47,440 - models.spike_bridge - INFO - ValidatedSpikeBridge initialized: encoding=temporal_contrast, threshold=±0.1, time_steps=16
2025-07-24 04:46:48,277 - models.spike_bridge - INFO - ValidatedSpikeBridge initialized: encoding=temporal_contrast, threshold=±0.1, time_steps=16
2025-07-24 04:46:49,115 - __main__ - INFO -       Loss: 0.559818, Accuracy: 0.636364, Grad norm: 1.727457
2025-07-24 04:46:49,116 - __main__ - INFO -    🔥 Epoch 2/3
2025-07-24 04:46:49,128 - __main__ - INFO -       Parameter norm: 70.865349
2025-07-24 04:46:49,238 - models.spike_bridge - INFO - ValidatedSpikeBridge initialized: encoding=temporal_contrast, threshold=±0.1, time_steps=16
2025-07-24 04:46:50,064 - models.spike_bridge - INFO - ValidatedSpikeBridge initialized: encoding=temporal_contrast, threshold=±0.1, time_steps=16
2025-07-24 04:46:50,911 - models.spike_bridge - INFO - ValidatedSpikeBridge initialized: encoding=temporal_contrast, threshold=±0.1, time_steps=16
2025-07-24 04:46:51,749 - models.spike_bridge - INFO - ValidatedSpikeBridge initialized: encoding=temporal_contrast, threshold=±0.1, time_steps=16
2025-07-24 04:46:52,611 - models.spike_bridge - INFO - ValidatedSpikeBridge initialized: encoding=temporal_contrast, threshold=±0.1, time_steps=16
2025-07-24 04:46:53,510 - models.spike_bridge - INFO - ValidatedSpikeBridge initialized: encoding=temporal_contrast, threshold=±0.1, time_steps=16
2025-07-24 04:46:54,345 - models.spike_bridge - INFO - ValidatedSpikeBridge initialized: encoding=temporal_contrast, threshold=±0.1, time_steps=16
2025-07-24 04:46:55,561 - models.spike_bridge - INFO - ValidatedSpikeBridge initialized: encoding=temporal_contrast, threshold=±0.1, time_steps=16
2025-07-24 04:46:56,430 - models.spike_bridge - INFO - ValidatedSpikeBridge initialized: encoding=temporal_contrast, threshold=±0.1, time_steps=16
2025-07-24 04:46:57,289 - models.spike_bridge - INFO - ValidatedSpikeBridge initialized: encoding=temporal_contrast, threshold=±0.1, time_steps=16
2025-07-24 04:46:58,099 - models.spike_bridge - INFO - ValidatedSpikeBridge initialized: encoding=temporal_contrast, threshold=±0.1, time_steps=16
2025-07-24 04:46:58,854 - __main__ - INFO -       Loss: 0.559316, Accuracy: 0.636364, Grad norm: 1.725955
2025-07-24 04:46:58,855 - __main__ - INFO -    🔥 Epoch 3/3
2025-07-24 04:46:58,862 - __main__ - INFO -       Parameter norm: 70.865349
2025-07-24 04:46:58,973 - models.spike_bridge - INFO - ValidatedSpikeBridge initialized: encoding=temporal_contrast, threshold=±0.1, time_steps=16
2025-07-24 04:46:59,782 - models.spike_bridge - INFO - ValidatedSpikeBridge initialized: encoding=temporal_contrast, threshold=±0.1, time_steps=16
2025-07-24 04:47:00,595 - models.spike_bridge - INFO - ValidatedSpikeBridge initialized: encoding=temporal_contrast, threshold=±0.1, time_steps=16
2025-07-24 04:47:01,425 - models.spike_bridge - INFO - ValidatedSpikeBridge initialized: encoding=temporal_contrast, threshold=±0.1, time_steps=16
2025-07-24 04:47:02,282 - models.spike_bridge - INFO - ValidatedSpikeBridge initialized: encoding=temporal_contrast, threshold=±0.1, time_steps=16
2025-07-24 04:47:03,128 - models.spike_bridge - INFO - ValidatedSpikeBridge initialized: encoding=temporal_contrast, threshold=±0.1, time_steps=16
2025-07-24 04:47:03,949 - models.spike_bridge - INFO - ValidatedSpikeBridge initialized: encoding=temporal_contrast, threshold=±0.1, time_steps=16
2025-07-24 04:47:04,776 - models.spike_bridge - INFO - ValidatedSpikeBridge initialized: encoding=temporal_contrast, threshold=±0.1, time_steps=16
2025-07-24 04:47:05,625 - models.spike_bridge - INFO - ValidatedSpikeBridge initialized: encoding=temporal_contrast, threshold=±0.1, time_steps=16
2025-07-24 04:47:06,433 - models.spike_bridge - INFO - ValidatedSpikeBridge initialized: encoding=temporal_contrast, threshold=±0.1, time_steps=16
2025-07-24 04:47:07,268 - models.spike_bridge - INFO - ValidatedSpikeBridge initialized: encoding=temporal_contrast, threshold=±0.1, time_steps=16
2025-07-24 04:47:08,018 - __main__ - INFO -       Loss: 0.558815, Accuracy: 0.636364, Grad norm: 1.724456
2025-07-24 04:47:08,018 - __main__ - INFO -    📊 Test evaluation...
2025-07-24 04:47:08,091 - training.test_evaluation - INFO - 
🧪 Evaluating on test set...
2025-07-24 04:47:08,223 - models.spike_bridge - INFO - ValidatedSpikeBridge initialized: encoding=temporal_contrast, threshold=±0.1, time_steps=16
2025-07-24 04:47:08,929 - models.spike_bridge - INFO - ValidatedSpikeBridge initialized: encoding=temporal_contrast, threshold=±0.1, time_steps=16
2025-07-24 04:47:09,484 - models.spike_bridge - INFO - ValidatedSpikeBridge initialized: encoding=temporal_contrast, threshold=±0.1, time_steps=16
2025-07-24 04:47:10,026 - models.spike_bridge - INFO - ValidatedSpikeBridge initialized: encoding=temporal_contrast, threshold=±0.1, time_steps=16
2025-07-24 04:47:10,736 - training.test_evaluation - INFO - 📊 TEST SET ANALYSIS:
2025-07-24 04:47:10,736 - training.test_evaluation - INFO -    Test samples: 4
2025-07-24 04:47:10,736 - training.test_evaluation - INFO -    True labels - Class 0: 3, Class 1: 1
2025-07-24 04:47:10,737 - training.test_evaluation - INFO -    Predictions - Class 0: 4, Class 1: 0
2025-07-24 04:47:10,737 - training.test_evaluation - INFO -    Test accuracy: 75.0%
2025-07-24 04:47:11,171 - training.test_evaluation - WARNING - 🚨 MODEL ALWAYS PREDICTS CLASS 0 ON TEST SET!
2025-07-24 04:47:11,172 - training.test_evaluation - WARNING -    This suggests the model didn't learn properly
2025-07-24 04:47:11,172 - training.test_evaluation - INFO - 🔍 TEST PREDICTIONS vs LABELS:
2025-07-24 04:47:11,282 - training.test_evaluation - INFO -    Test 0: Pred=0, True=0 ✅
2025-07-24 04:47:11,285 - training.test_evaluation - INFO -    Test 1: Pred=0, True=1 ❌
2025-07-24 04:47:11,288 - training.test_evaluation - INFO -    Test 2: Pred=0, True=0 ✅
2025-07-24 04:47:11,292 - training.test_evaluation - INFO -    Test 3: Pred=0, True=0 ✅
2025-07-24 04:47:11,354 - __main__ - INFO -       Test accuracy: 0.750000
2025-07-24 04:47:11,354 - __main__ - INFO -       Model collapse: True
2025-07-24 04:47:11,354 - __main__ - INFO -       Suspicious patterns: ['model_collapse']
2025-07-24 04:47:11,355 - __main__ - INFO -    🔍 CRITICAL ANALYSIS:
2025-07-24 04:47:11,355 - __main__ - INFO - ✅ Loss decreased by 0.001003 - learning working
2025-07-24 04:47:11,355 - __main__ - WARNING - ⚠️ CRITICAL: Parameter norms barely changed - possible broken optimization
2025-07-24 04:47:11,356 - __main__ - INFO - ================================================================================
2025-07-24 04:47:11,356 - __main__ - INFO - 📋 DEBUGGING SUMMARY
2025-07-24 04:47:11,356 - __main__ - INFO - ================================================================================
2025-07-24 04:47:11,357 - __main__ - ERROR - ❌ CRITICAL ISSUES FOUND:
2025-07-24 04:47:11,357 - __main__ - ERROR -    - CPC encoder not working
2025-07-24 04:47:11,357 - __main__ - ERROR -    - SNN classifier not working
2025-07-24 04:47:11,357 - __main__ - ERROR -    - Spike bridge not working
2025-07-24 04:47:11,358 - __main__ - ERROR -    - Gradient flow broken
2025-07-24 04:47:11,467 - __main__ - INFO - 📊 OVERALL SUCCESS RATE: 66.7% (4/6 tests passed)
2025-07-24 04:47:11,532 - __main__ - WARNING - ⚠️ Pipeline has some issues but basic functionality works
2025-07-24 04:52:27,192 - __main__ - INFO - 🔍 STARTING COMPREHENSIVE PIPELINE DEBUGGING
2025-07-24 04:52:27,193 - __main__ - INFO - ================================================================================
2025-07-24 04:52:27,193 - __main__ - INFO - ================================================================================
2025-07-24 04:52:27,193 - __main__ - INFO - 🔍 JAX ENVIRONMENT CHECK
2025-07-24 04:52:27,193 - __main__ - INFO - ================================================================================
2025-07-24 04:52:27,193 - __main__ - INFO - JAX version: 0.6.2
2025-07-24 04:52:27,488 - jax._src.xla_bridge - INFO - Unable to initialize backend 'tpu': INTERNAL: Failed to open libtpu.so: libtpu.so: cannot open shared object file: No such file or directory
2025-07-24 04:52:27,825 - __main__ - INFO - JAX devices: [CudaDevice(id=0)]
2025-07-24 04:52:27,826 - __main__ - INFO - Default backend: gpu
2025-07-24 04:52:27,826 - __main__ - INFO - XLA settings: {'XLA_PYTHON_CLIENT_PREALLOCATE': 'not set', 'XLA_PYTHON_CLIENT_MEM_FRACTION': 'not set', 'XLA_FLAGS': 'not set'}
2025-07-24 04:52:28,547 - __main__ - INFO - JAX basic test: 2.8403148651123047
2025-07-24 04:52:28,547 - __main__ - INFO - ================================================================================
2025-07-24 04:52:28,547 - __main__ - INFO - 🌊 REAL LIGO DATA INTEGRATION TEST
2025-07-24 04:52:28,548 - __main__ - INFO - ================================================================================
2025-07-24 04:52:28,553 - __main__ - INFO - ✅ Real LIGO integration module found
2025-07-24 04:52:28,553 - data.real_ligo_integration - INFO - 🌊 Attempting to download real GW150914 data...
2025-07-24 04:52:28,554 - data.real_ligo_integration - INFO - ✅ ReadLIGO available - loading real GW150914 data
2025-07-24 04:52:28,554 - data.real_ligo_integration - INFO - 🌊 Loading strain data from H1: H-H1_LOSC_4_V2-1126259446-32.hdf5
2025-07-24 04:52:28,554 - data.real_ligo_integration - INFO - 🌊 Loading strain data from L1: L-L1_LOSC_4_V2-1126259446-32.hdf5
2025-07-24 04:52:28,613 - data.real_ligo_integration - INFO - ✅ Real GW150914 strain loaded:
2025-07-24 04:52:28,613 - data.real_ligo_integration - INFO -    H1: 131072 samples
2025-07-24 04:52:28,613 - data.real_ligo_integration - INFO -    L1: 131072 samples
2025-07-24 04:52:28,613 - data.real_ligo_integration - INFO -    Time span: 1126259446.000 to 1126259478.000 GPS
2025-07-24 04:52:28,614 - data.real_ligo_integration - INFO -    Sample rate: 4096 Hz
2025-07-24 04:52:28,617 - data.real_ligo_integration - INFO - ✅ Successfully loaded real GW150914 strain data: 2048 samples
2025-07-24 04:52:28,617 - data.real_ligo_integration - INFO - 📊 Strain amplitude range: -7.60e-21 to -2.08e-21
2025-07-24 04:52:28,617 - data.real_ligo_integration - INFO - 🔧 Applied 100x normalization for realistic LIGO strain levels
2025-07-24 04:52:28,618 - data.real_ligo_integration - INFO - ✅ GW150914 strain data obtained: 2048 samples
2025-07-24 04:52:28,646 - data.real_ligo_integration - INFO - 🌊 Created proper windowed dataset:
2025-07-24 04:52:28,646 - data.real_ligo_integration - INFO -    Total windows: 15
2025-07-24 04:52:28,647 - data.real_ligo_integration - INFO -    Window size: 256
2025-07-24 04:52:28,692 - data.real_ligo_integration - INFO -    Signal windows (label=1): 3
2025-07-24 04:52:28,736 - data.real_ligo_integration - INFO -    Noise windows (label=0): 12
2025-07-24 04:52:28,785 - data.real_ligo_integration - INFO -    Class balance: 20.0% positive
2025-07-24 04:52:29,852 - utils.data_split - INFO - 📊 Creating stratified split (train: 80.0%):
2025-07-24 04:52:29,852 - utils.data_split - INFO -    Class 0 samples: 12
2025-07-24 04:52:29,852 - utils.data_split - INFO -    Class 1 samples: 3
2025-07-24 04:52:32,596 - utils.data_split - INFO - 📊 Dataset split completed:
2025-07-24 04:52:32,596 - utils.data_split - INFO -    Train: 11 samples
2025-07-24 04:52:32,597 - utils.data_split - INFO -    Test: 4 samples
2025-07-24 04:52:32,654 - utils.data_split - INFO -    Train class balance: 18.2% positive
2025-07-24 04:52:32,717 - utils.data_split - INFO -    Test class balance: 25.0% positive
2025-07-24 04:52:32,818 - utils.data_split - INFO - ✅ Balanced test set: 25.0% positive
2025-07-24 04:52:32,818 - __main__ - INFO - ✅ Real LIGO data loaded successfully
2025-07-24 04:52:32,819 - __main__ - INFO -    Train: (11, 256), labels: (11,)
2025-07-24 04:52:32,819 - __main__ - INFO -    Test: (4, 256), labels: (4,)
2025-07-24 04:52:33,128 - __main__ - INFO -    Train label distribution: [9 2]
2025-07-24 04:52:33,341 - __main__ - INFO -    Test label distribution: [3 1]
2025-07-24 04:52:33,661 - __main__ - INFO -    Strain statistics: mean=-4.89e-21, std=1.22e-21, max=7.60e-21
2025-07-24 04:52:33,707 - __main__ - INFO - ================================================================================
2025-07-24 04:52:33,708 - __main__ - INFO - 🧠 MODEL ARCHITECTURE DEBUG
2025-07-24 04:52:33,708 - __main__ - INFO - ================================================================================
2025-07-24 04:52:33,710 - models - INFO - Models module v1.0.0 initialized with lazy loading
2025-07-24 04:52:33,710 - models - INFO - Available models: 21 classes, 9 factories
2025-07-24 04:52:33,782 - __main__ - INFO - ✅ CPC encoder found
2025-07-24 04:52:41,731 - __main__ - INFO - ✅ CPC encoder forward pass: (1, 512) → (1, 128, 64)
2025-07-24 04:52:42,002 - __main__ - INFO - ✅ SNN classifier found
2025-07-24 04:52:43,924 - __main__ - INFO - ✅ SNN classifier forward pass: (1, 32, 64) → (1, 2)
2025-07-24 04:52:44,179 - __main__ - INFO -    Output probabilities: [[0.22681424 0.7731858 ]]
2025-07-24 04:52:44,194 - __main__ - INFO - ✅ Spike bridge found
2025-07-24 04:52:44,486 - models.spike_bridge - INFO - ValidatedSpikeBridge initialized: encoding=temporal_contrast, threshold=±0.1, time_steps=32
2025-07-24 04:52:46,764 - models.spike_bridge - INFO - ValidatedSpikeBridge initialized: encoding=temporal_contrast, threshold=±0.1, time_steps=32
2025-07-24 04:52:46,908 - __main__ - INFO - ✅ Spike bridge forward pass: (1, 64, 64) → (1, 32, 64, 64)
2025-07-24 04:52:46,988 - __main__ - INFO -    Spike rate: 0.3818
2025-07-24 04:52:46,989 - __main__ - INFO - ================================================================================
2025-07-24 04:52:46,989 - __main__ - INFO - 🏋️ TRAINING COMPONENTS DEBUG
2025-07-24 04:52:46,989 - __main__ - INFO - ================================================================================
2025-07-24 04:52:51,406 - root - INFO - Running PyFstat version 2.3.0
2025-07-24 04:52:51,662 - pyfstat.utils.importing - INFO - No $DISPLAY environment variable found, so importing matplotlib.pyplot with non-interactive 'Agg' backend.
2025-07-24 04:52:52,427 - data.gw_signal_params - INFO - PyFstat available - enhanced F-statistic features enabled
2025-07-24 04:52:53,217 - data.readligo_data_sources - INFO - ✅ ReadLIGO available - using real LIGO data
2025-07-24 04:52:53,226 - training - INFO - Training module initialized (v1.0.0) with 5 trainer types
2025-07-24 04:52:53,227 - training.training_utils - INFO - JAX devices: [CudaDevice(id=0)]
2025-07-24 04:52:53,227 - training.training_utils - INFO - JAX platform: gpu
2025-07-24 04:52:53,228 - training.base_trainer - INFO - Using basic experiment tracker
2025-07-24 04:52:53,228 - training.training_utils - INFO - Configuration saved to outputs/config.json
2025-07-24 04:52:53,228 - training.base_trainer - INFO - Initialized CPCSNNTrainer with config: cpc_snn_gw
2025-07-24 04:52:53,229 - __main__ - INFO - ✅ CPCSNNTrainer created successfully
2025-07-24 04:52:53,230 - __main__ - INFO - ✅ Model created successfully
2025-07-24 04:52:53,285 - models.spike_bridge - INFO - ValidatedSpikeBridge initialized: encoding=temporal_contrast, threshold=±0.1, time_steps=16
2025-07-24 04:52:57,409 - __main__ - INFO - ✅ Training state created successfully
2025-07-24 04:52:59,337 - __main__ - INFO -    Initial parameter norm: 70.865738
2025-07-24 04:53:03,147 - models.spike_bridge - INFO - ValidatedSpikeBridge initialized: encoding=temporal_contrast, threshold=±0.1, time_steps=16
2025-07-24 04:53:17,544 - __main__ - INFO -    New parameter norm: 70.865822
2025-07-24 04:53:17,545 - __main__ - INFO -    Total parameter change: 0.000000
2025-07-24 04:53:17,546 - __main__ - WARNING - ⚠️ CRITICAL: Parameters barely changed - possible broken gradient flow!
2025-07-24 04:53:17,546 - __main__ - INFO -    Training metrics: loss=0.429888, accuracy=1.000000
2025-07-24 04:53:17,546 - __main__ - INFO -    Gradient norm: 2.318649
2025-07-24 04:53:17,547 - __main__ - INFO -    Learning rate: 0.010000
2025-07-24 04:53:17,547 - __main__ - WARNING - ⚠️ SUSPICIOUS: Accuracy is exact value (1.0) - possible mock metric
2025-07-24 04:53:17,548 - __main__ - INFO - ================================================================================
2025-07-24 04:53:17,549 - __main__ - INFO - 🔧 CPC LOSS FIXES DEBUG
2025-07-24 04:53:17,549 - __main__ - INFO - ================================================================================
2025-07-24 04:53:18,100 - __main__ - INFO -    CPC features validation: True
2025-07-24 04:53:19,251 - __main__ - INFO -    CPC loss: 13.655603
2025-07-24 04:53:19,252 - __main__ - INFO - ✅ CPC loss is non-zero - contrastive learning working
2025-07-24 04:53:20,782 - __main__ - INFO -    Test case 1 (b=1, t=10, f=32): CPC loss = 12.889552
2025-07-24 04:53:22,307 - __main__ - INFO -    Test case 2 (b=1, t=64, f=32): CPC loss = 13.472465
2025-07-24 04:53:23,818 - __main__ - INFO -    Test case 3 (b=2, t=32, f=32): CPC loss = 14.257004
2025-07-24 04:53:23,818 - __main__ - INFO - ================================================================================
2025-07-24 04:53:23,818 - __main__ - INFO - 🚀 3-EPOCH TRAINING TEST
2025-07-24 04:53:23,819 - __main__ - INFO - ================================================================================
2025-07-24 04:53:23,819 - __main__ - INFO -    Using 11 training samples, 4 test samples
2025-07-24 04:53:23,820 - training.training_utils - INFO - JAX devices: [CudaDevice(id=0)]
2025-07-24 04:53:23,820 - training.training_utils - INFO - JAX platform: gpu
2025-07-24 04:53:23,821 - training.base_trainer - INFO - Using basic experiment tracker
2025-07-24 04:53:23,821 - training.training_utils - INFO - Configuration saved to outputs/config.json
2025-07-24 04:53:23,822 - training.base_trainer - INFO - Initialized CPCSNNTrainer with config: cpc_snn_gw
2025-07-24 04:53:28,559 - models.spike_bridge - INFO - ValidatedSpikeBridge initialized: encoding=temporal_contrast, threshold=±0.1, time_steps=16
2025-07-24 04:53:29,816 - __main__ - INFO -    🔥 Epoch 1/3
2025-07-24 04:53:29,969 - __main__ - INFO -       Parameter norm: 70.865349
2025-07-24 04:53:33,413 - models.spike_bridge - INFO - ValidatedSpikeBridge initialized: encoding=temporal_contrast, threshold=±0.1, time_steps=16
2025-07-24 04:53:37,770 - models.spike_bridge - INFO - ValidatedSpikeBridge initialized: encoding=temporal_contrast, threshold=±0.1, time_steps=16
2025-07-24 04:53:38,620 - models.spike_bridge - INFO - ValidatedSpikeBridge initialized: encoding=temporal_contrast, threshold=±0.1, time_steps=16
2025-07-24 04:53:39,477 - models.spike_bridge - INFO - ValidatedSpikeBridge initialized: encoding=temporal_contrast, threshold=±0.1, time_steps=16
2025-07-24 04:53:40,309 - models.spike_bridge - INFO - ValidatedSpikeBridge initialized: encoding=temporal_contrast, threshold=±0.1, time_steps=16
2025-07-24 04:53:41,149 - models.spike_bridge - INFO - ValidatedSpikeBridge initialized: encoding=temporal_contrast, threshold=±0.1, time_steps=16
2025-07-24 04:53:41,959 - models.spike_bridge - INFO - ValidatedSpikeBridge initialized: encoding=temporal_contrast, threshold=±0.1, time_steps=16
2025-07-24 04:53:42,776 - models.spike_bridge - INFO - ValidatedSpikeBridge initialized: encoding=temporal_contrast, threshold=±0.1, time_steps=16
2025-07-24 04:53:43,621 - models.spike_bridge - INFO - ValidatedSpikeBridge initialized: encoding=temporal_contrast, threshold=±0.1, time_steps=16
2025-07-24 04:53:44,448 - models.spike_bridge - INFO - ValidatedSpikeBridge initialized: encoding=temporal_contrast, threshold=±0.1, time_steps=16
2025-07-24 04:53:45,311 - models.spike_bridge - INFO - ValidatedSpikeBridge initialized: encoding=temporal_contrast, threshold=±0.1, time_steps=16
2025-07-24 04:53:46,126 - __main__ - INFO -       Loss: 0.559818, Accuracy: 0.636364, Grad norm: 1.727457
2025-07-24 04:53:46,127 - __main__ - INFO -    🔥 Epoch 2/3
2025-07-24 04:53:46,135 - __main__ - INFO -       Parameter norm: 70.865349
2025-07-24 04:53:46,242 - models.spike_bridge - INFO - ValidatedSpikeBridge initialized: encoding=temporal_contrast, threshold=±0.1, time_steps=16
2025-07-24 04:53:47,085 - models.spike_bridge - INFO - ValidatedSpikeBridge initialized: encoding=temporal_contrast, threshold=±0.1, time_steps=16
2025-07-24 04:53:47,940 - models.spike_bridge - INFO - ValidatedSpikeBridge initialized: encoding=temporal_contrast, threshold=±0.1, time_steps=16
2025-07-24 04:53:48,777 - models.spike_bridge - INFO - ValidatedSpikeBridge initialized: encoding=temporal_contrast, threshold=±0.1, time_steps=16
2025-07-24 04:53:49,611 - models.spike_bridge - INFO - ValidatedSpikeBridge initialized: encoding=temporal_contrast, threshold=±0.1, time_steps=16
2025-07-24 04:53:50,429 - models.spike_bridge - INFO - ValidatedSpikeBridge initialized: encoding=temporal_contrast, threshold=±0.1, time_steps=16
2025-07-24 04:53:51,255 - models.spike_bridge - INFO - ValidatedSpikeBridge initialized: encoding=temporal_contrast, threshold=±0.1, time_steps=16
2025-07-24 04:53:52,101 - models.spike_bridge - INFO - ValidatedSpikeBridge initialized: encoding=temporal_contrast, threshold=±0.1, time_steps=16
2025-07-24 04:53:53,259 - models.spike_bridge - INFO - ValidatedSpikeBridge initialized: encoding=temporal_contrast, threshold=±0.1, time_steps=16
2025-07-24 04:53:54,139 - models.spike_bridge - INFO - ValidatedSpikeBridge initialized: encoding=temporal_contrast, threshold=±0.1, time_steps=16
2025-07-24 04:53:54,966 - models.spike_bridge - INFO - ValidatedSpikeBridge initialized: encoding=temporal_contrast, threshold=±0.1, time_steps=16
2025-07-24 04:53:55,701 - __main__ - INFO -       Loss: 0.559316, Accuracy: 0.636364, Grad norm: 1.725955
2025-07-24 04:53:55,701 - __main__ - INFO -    🔥 Epoch 3/3
2025-07-24 04:53:55,713 - __main__ - INFO -       Parameter norm: 70.865349
2025-07-24 04:53:55,824 - models.spike_bridge - INFO - ValidatedSpikeBridge initialized: encoding=temporal_contrast, threshold=±0.1, time_steps=16
2025-07-24 04:53:56,653 - models.spike_bridge - INFO - ValidatedSpikeBridge initialized: encoding=temporal_contrast, threshold=±0.1, time_steps=16
2025-07-24 04:53:57,519 - models.spike_bridge - INFO - ValidatedSpikeBridge initialized: encoding=temporal_contrast, threshold=±0.1, time_steps=16
2025-07-24 04:53:58,332 - models.spike_bridge - INFO - ValidatedSpikeBridge initialized: encoding=temporal_contrast, threshold=±0.1, time_steps=16
2025-07-24 04:53:59,171 - models.spike_bridge - INFO - ValidatedSpikeBridge initialized: encoding=temporal_contrast, threshold=±0.1, time_steps=16
2025-07-24 04:54:00,035 - models.spike_bridge - INFO - ValidatedSpikeBridge initialized: encoding=temporal_contrast, threshold=±0.1, time_steps=16
2025-07-24 04:54:00,855 - models.spike_bridge - INFO - ValidatedSpikeBridge initialized: encoding=temporal_contrast, threshold=±0.1, time_steps=16
2025-07-24 04:54:01,723 - models.spike_bridge - INFO - ValidatedSpikeBridge initialized: encoding=temporal_contrast, threshold=±0.1, time_steps=16
2025-07-24 04:54:02,557 - models.spike_bridge - INFO - ValidatedSpikeBridge initialized: encoding=temporal_contrast, threshold=±0.1, time_steps=16
2025-07-24 04:54:03,369 - models.spike_bridge - INFO - ValidatedSpikeBridge initialized: encoding=temporal_contrast, threshold=±0.1, time_steps=16
2025-07-24 04:54:04,209 - models.spike_bridge - INFO - ValidatedSpikeBridge initialized: encoding=temporal_contrast, threshold=±0.1, time_steps=16
2025-07-24 04:54:04,932 - __main__ - INFO -       Loss: 0.558815, Accuracy: 0.636364, Grad norm: 1.724456
2025-07-24 04:54:04,932 - __main__ - INFO -    📊 Test evaluation...
2025-07-24 04:54:04,991 - training.test_evaluation - INFO - 
🧪 Evaluating on test set...
2025-07-24 04:54:05,134 - models.spike_bridge - INFO - ValidatedSpikeBridge initialized: encoding=temporal_contrast, threshold=±0.1, time_steps=16
2025-07-24 04:54:05,857 - models.spike_bridge - INFO - ValidatedSpikeBridge initialized: encoding=temporal_contrast, threshold=±0.1, time_steps=16
2025-07-24 04:54:06,380 - models.spike_bridge - INFO - ValidatedSpikeBridge initialized: encoding=temporal_contrast, threshold=±0.1, time_steps=16
2025-07-24 04:54:06,939 - models.spike_bridge - INFO - ValidatedSpikeBridge initialized: encoding=temporal_contrast, threshold=±0.1, time_steps=16
2025-07-24 04:54:07,653 - training.test_evaluation - INFO - 📊 TEST SET ANALYSIS:
2025-07-24 04:54:07,653 - training.test_evaluation - INFO -    Test samples: 4
2025-07-24 04:54:07,654 - training.test_evaluation - INFO -    True labels - Class 0: 3, Class 1: 1
2025-07-24 04:54:07,654 - training.test_evaluation - INFO -    Predictions - Class 0: 4, Class 1: 0
2025-07-24 04:54:07,654 - training.test_evaluation - INFO -    Test accuracy: 75.0%
2025-07-24 04:54:08,101 - training.test_evaluation - WARNING - 🚨 MODEL ALWAYS PREDICTS CLASS 0 ON TEST SET!
2025-07-24 04:54:08,101 - training.test_evaluation - WARNING -    This suggests the model didn't learn properly
2025-07-24 04:54:08,101 - training.test_evaluation - INFO - 🔍 TEST PREDICTIONS vs LABELS:
2025-07-24 04:54:08,220 - training.test_evaluation - INFO -    Test 0: Pred=0, True=0 ✅
2025-07-24 04:54:08,223 - training.test_evaluation - INFO -    Test 1: Pred=0, True=1 ❌
2025-07-24 04:54:08,226 - training.test_evaluation - INFO -    Test 2: Pred=0, True=0 ✅
2025-07-24 04:54:08,230 - training.test_evaluation - INFO -    Test 3: Pred=0, True=0 ✅
2025-07-24 04:54:08,284 - __main__ - INFO -       Test accuracy: 0.750000
2025-07-24 04:54:08,284 - __main__ - INFO -       Model collapse: True
2025-07-24 04:54:08,285 - __main__ - INFO -       Suspicious patterns: ['model_collapse']
2025-07-24 04:54:08,285 - __main__ - INFO -    🔍 CRITICAL ANALYSIS:
2025-07-24 04:54:08,285 - __main__ - INFO - ✅ Loss decreased by 0.001003 - learning working
2025-07-24 04:54:08,285 - __main__ - WARNING - ⚠️ CRITICAL: Parameter norms barely changed - possible broken optimization
2025-07-24 04:54:08,286 - __main__ - INFO - ================================================================================
2025-07-24 04:54:08,286 - __main__ - INFO - 📋 DEBUGGING SUMMARY
2025-07-24 04:54:08,286 - __main__ - INFO - ================================================================================
2025-07-24 04:54:08,287 - __main__ - ERROR - ❌ CRITICAL ISSUES FOUND:
2025-07-24 04:54:08,287 - __main__ - ERROR -    - Gradient flow broken
2025-07-24 04:54:08,404 - __main__ - INFO - 📊 OVERALL SUCCESS RATE: 83.3% (5/6 tests passed)
2025-07-24 04:54:08,460 - __main__ - INFO - 🎉 Pipeline appears to be working well!
2025-07-24 05:09:57,907 - __main__ - INFO - 🔍 STARTING COMPREHENSIVE PIPELINE DEBUGGING
2025-07-24 05:09:57,908 - __main__ - INFO - ================================================================================
2025-07-24 05:09:57,908 - __main__ - INFO - ================================================================================
2025-07-24 05:09:57,908 - __main__ - INFO - 🔍 JAX ENVIRONMENT CHECK
2025-07-24 05:09:57,908 - __main__ - INFO - ================================================================================
2025-07-24 05:09:57,908 - __main__ - INFO - JAX version: 0.6.2
2025-07-24 05:09:58,332 - jax._src.xla_bridge - INFO - Unable to initialize backend 'tpu': INTERNAL: Failed to open libtpu.so: libtpu.so: cannot open shared object file: No such file or directory
2025-07-24 05:09:58,657 - __main__ - INFO - JAX devices: [CudaDevice(id=0)]
2025-07-24 05:09:58,657 - __main__ - INFO - Default backend: gpu
2025-07-24 05:09:58,657 - __main__ - INFO - XLA settings: {'XLA_PYTHON_CLIENT_PREALLOCATE': 'not set', 'XLA_PYTHON_CLIENT_MEM_FRACTION': 'not set', 'XLA_FLAGS': 'not set'}
2025-07-24 05:09:59,522 - __main__ - INFO - JAX basic test: 2.8403148651123047
2025-07-24 05:09:59,523 - __main__ - INFO - ================================================================================
2025-07-24 05:09:59,523 - __main__ - INFO - 🌊 REAL LIGO DATA INTEGRATION TEST
2025-07-24 05:09:59,523 - __main__ - INFO - ================================================================================
2025-07-24 05:09:59,547 - __main__ - INFO - ✅ Real LIGO integration module found
2025-07-24 05:09:59,547 - data.real_ligo_integration - INFO - 🌊 Attempting to download real GW150914 data...
2025-07-24 05:09:59,548 - data.real_ligo_integration - INFO - ✅ ReadLIGO available - loading real GW150914 data
2025-07-24 05:09:59,548 - data.real_ligo_integration - INFO - 🌊 Loading strain data from H1: H-H1_LOSC_4_V2-1126259446-32.hdf5
2025-07-24 05:09:59,548 - data.real_ligo_integration - INFO - 🌊 Loading strain data from L1: L-L1_LOSC_4_V2-1126259446-32.hdf5
2025-07-24 05:09:59,626 - data.real_ligo_integration - INFO - ✅ Real GW150914 strain loaded:
2025-07-24 05:09:59,626 - data.real_ligo_integration - INFO -    H1: 131072 samples
2025-07-24 05:09:59,626 - data.real_ligo_integration - INFO -    L1: 131072 samples
2025-07-24 05:09:59,627 - data.real_ligo_integration - INFO -    Time span: 1126259446.000 to 1126259478.000 GPS
2025-07-24 05:09:59,627 - data.real_ligo_integration - INFO -    Sample rate: 4096 Hz
2025-07-24 05:09:59,632 - data.real_ligo_integration - INFO - ✅ Successfully loaded real GW150914 strain data: 2048 samples
2025-07-24 05:09:59,632 - data.real_ligo_integration - INFO - 📊 Strain amplitude range: -7.60e-21 to -2.08e-21
2025-07-24 05:09:59,632 - data.real_ligo_integration - INFO - 🔧 Applied 100x normalization for realistic LIGO strain levels
2025-07-24 05:09:59,633 - data.real_ligo_integration - INFO - ✅ GW150914 strain data obtained: 2048 samples
2025-07-24 05:09:59,671 - data.real_ligo_integration - INFO - 🌊 Created proper windowed dataset:
2025-07-24 05:09:59,671 - data.real_ligo_integration - INFO -    Total windows: 15
2025-07-24 05:09:59,671 - data.real_ligo_integration - INFO -    Window size: 256
2025-07-24 05:09:59,714 - data.real_ligo_integration - INFO -    Signal windows (label=1): 3
2025-07-24 05:09:59,764 - data.real_ligo_integration - INFO -    Noise windows (label=0): 12
2025-07-24 05:09:59,814 - data.real_ligo_integration - INFO -    Class balance: 20.0% positive
2025-07-24 05:10:00,980 - utils.data_split - INFO - 📊 Creating stratified split (train: 80.0%):
2025-07-24 05:10:00,980 - utils.data_split - INFO -    Class 0 samples: 12
2025-07-24 05:10:00,981 - utils.data_split - INFO -    Class 1 samples: 3
2025-07-24 05:10:03,699 - utils.data_split - INFO - 📊 Dataset split completed:
2025-07-24 05:10:03,700 - utils.data_split - INFO -    Train: 11 samples
2025-07-24 05:10:03,700 - utils.data_split - INFO -    Test: 4 samples
2025-07-24 05:10:03,752 - utils.data_split - INFO -    Train class balance: 18.2% positive
2025-07-24 05:10:03,809 - utils.data_split - INFO -    Test class balance: 25.0% positive
2025-07-24 05:10:03,908 - utils.data_split - INFO - ✅ Balanced test set: 25.0% positive
2025-07-24 05:10:03,908 - __main__ - INFO - ✅ Real LIGO data loaded successfully
2025-07-24 05:10:03,908 - __main__ - INFO -    Train: (11, 256), labels: (11,)
2025-07-24 05:10:03,909 - __main__ - INFO -    Test: (4, 256), labels: (4,)
2025-07-24 05:10:04,216 - __main__ - INFO -    Train label distribution: [9 2]
2025-07-24 05:10:04,426 - __main__ - INFO -    Test label distribution: [3 1]
2025-07-24 05:10:04,777 - __main__ - INFO -    Strain statistics: mean=-4.89e-21, std=1.22e-21, max=7.60e-21
2025-07-24 05:10:04,817 - __main__ - INFO - ================================================================================
2025-07-24 05:10:04,817 - __main__ - INFO - 🧠 MODEL ARCHITECTURE DEBUG
2025-07-24 05:10:04,817 - __main__ - INFO - ================================================================================
2025-07-24 05:10:04,841 - models - INFO - Models module v1.0.0 initialized with lazy loading
2025-07-24 05:10:04,841 - models - INFO - Available models: 21 classes, 9 factories
2025-07-24 05:10:04,924 - __main__ - INFO - ✅ CPC encoder found
2025-07-24 05:10:12,866 - __main__ - INFO - ✅ CPC encoder forward pass: (1, 512) → (1, 128, 64)
2025-07-24 05:10:13,129 - __main__ - INFO - ✅ SNN classifier found
2025-07-24 05:10:15,098 - __main__ - INFO - ✅ SNN classifier forward pass: (1, 32, 64) → (1, 2)
2025-07-24 05:10:15,351 - __main__ - INFO -    Output probabilities: [[0.22681424 0.7731858 ]]
2025-07-24 05:10:15,354 - __main__ - INFO - ✅ Spike bridge found
2025-07-24 05:10:15,642 - models.spike_bridge - INFO - ValidatedSpikeBridge initialized: encoding=temporal_contrast, threshold=±0.1, time_steps=32
2025-07-24 05:10:17,946 - models.spike_bridge - INFO - ValidatedSpikeBridge initialized: encoding=temporal_contrast, threshold=±0.1, time_steps=32
2025-07-24 05:10:18,089 - __main__ - INFO - ✅ Spike bridge forward pass: (1, 64, 64) → (1, 32, 64, 64)
2025-07-24 05:10:18,175 - __main__ - INFO -    Spike rate: 0.3818
2025-07-24 05:10:18,175 - __main__ - INFO - ================================================================================
2025-07-24 05:10:18,175 - __main__ - INFO - 🏋️ TRAINING COMPONENTS DEBUG
2025-07-24 05:10:18,175 - __main__ - INFO - ================================================================================
2025-07-24 05:10:22,576 - root - INFO - Running PyFstat version 2.3.0
2025-07-24 05:10:22,822 - pyfstat.utils.importing - INFO - No $DISPLAY environment variable found, so importing matplotlib.pyplot with non-interactive 'Agg' backend.
2025-07-24 05:10:23,542 - data.gw_signal_params - INFO - PyFstat available - enhanced F-statistic features enabled
2025-07-24 05:10:24,321 - data.readligo_data_sources - INFO - ✅ ReadLIGO available - using real LIGO data
2025-07-24 05:10:24,341 - training - INFO - Training module initialized (v1.0.0) with 5 trainer types
2025-07-24 05:10:24,344 - training.training_utils - INFO - JAX devices: [CudaDevice(id=0)]
2025-07-24 05:10:24,344 - training.training_utils - INFO - JAX platform: gpu
2025-07-24 05:10:24,345 - training.base_trainer - INFO - Using basic experiment tracker
2025-07-24 05:10:24,346 - training.training_utils - INFO - Configuration saved to outputs/config.json
2025-07-24 05:10:24,346 - training.base_trainer - INFO - Initialized CPCSNNTrainer with config: cpc_snn_gw
2025-07-24 05:10:24,346 - __main__ - INFO - ✅ CPCSNNTrainer created successfully
2025-07-24 05:10:24,348 - __main__ - INFO - ✅ Model created successfully
2025-07-24 05:10:24,412 - models.spike_bridge - INFO - ValidatedSpikeBridge initialized: encoding=temporal_contrast, threshold=±0.1, time_steps=16
2025-07-24 05:10:28,619 - __main__ - INFO - ✅ Training state created successfully
2025-07-24 05:10:30,583 - __main__ - INFO -    Initial parameter norm: 70.865738
2025-07-24 05:10:34,354 - models.spike_bridge - INFO - ValidatedSpikeBridge initialized: encoding=temporal_contrast, threshold=±0.1, time_steps=16
2025-07-24 05:10:50,570 - __main__ - INFO -    New parameter norm: 70.865822
2025-07-24 05:10:50,571 - __main__ - INFO -    Total parameter change: 0.094142
2025-07-24 05:10:50,572 - __main__ - INFO - ✅ Parameters changed significantly - gradient flow working
2025-07-24 05:10:50,573 - __main__ - INFO -    Training metrics: loss=0.429888, accuracy=1.000000
2025-07-24 05:10:50,573 - __main__ - INFO -    Gradient norm: 2.318649
2025-07-24 05:10:50,573 - __main__ - INFO -    Learning rate: 0.010000
2025-07-24 05:10:50,573 - __main__ - WARNING - ⚠️ SUSPICIOUS: Accuracy is exact value (1.0) - possible mock metric
2025-07-24 05:10:50,575 - __main__ - INFO - ================================================================================
2025-07-24 05:10:50,575 - __main__ - INFO - 🔧 CPC LOSS FIXES DEBUG
2025-07-24 05:10:50,576 - __main__ - INFO - ================================================================================
2025-07-24 05:10:51,109 - __main__ - INFO -    CPC features validation: True
2025-07-24 05:10:52,308 - __main__ - INFO -    CPC loss: 13.655603
2025-07-24 05:10:52,309 - __main__ - INFO - ✅ CPC loss is non-zero - contrastive learning working
2025-07-24 05:10:53,860 - __main__ - INFO -    Test case 1 (b=1, t=10, f=32): CPC loss = 12.889552
2025-07-24 05:10:55,416 - __main__ - INFO -    Test case 2 (b=1, t=64, f=32): CPC loss = 13.472465
2025-07-24 05:10:57,017 - __main__ - INFO -    Test case 3 (b=2, t=32, f=32): CPC loss = 14.257004
2025-07-24 05:10:57,017 - __main__ - INFO - ================================================================================
2025-07-24 05:10:57,017 - __main__ - INFO - 🚀 3-EPOCH TRAINING TEST
2025-07-24 05:10:57,018 - __main__ - INFO - ================================================================================
2025-07-24 05:10:57,018 - __main__ - INFO -    Using 11 training samples, 4 test samples
2025-07-24 05:10:57,039 - training.training_utils - INFO - JAX devices: [CudaDevice(id=0)]
2025-07-24 05:10:57,039 - training.training_utils - INFO - JAX platform: gpu
2025-07-24 05:10:57,040 - training.base_trainer - INFO - Using basic experiment tracker
2025-07-24 05:10:57,041 - training.training_utils - INFO - Configuration saved to outputs/config.json
2025-07-24 05:10:57,041 - training.base_trainer - INFO - Initialized CPCSNNTrainer with config: cpc_snn_gw
2025-07-24 05:11:01,809 - models.spike_bridge - INFO - ValidatedSpikeBridge initialized: encoding=temporal_contrast, threshold=±0.1, time_steps=16
2025-07-24 05:11:03,152 - __main__ - INFO -    🔥 Epoch 1/3
2025-07-24 05:11:03,313 - __main__ - INFO -       Parameter norm: 70.865349
2025-07-24 05:11:06,928 - models.spike_bridge - INFO - ValidatedSpikeBridge initialized: encoding=temporal_contrast, threshold=±0.1, time_steps=16
2025-07-24 05:11:11,480 - models.spike_bridge - INFO - ValidatedSpikeBridge initialized: encoding=temporal_contrast, threshold=±0.1, time_steps=16
2025-07-24 05:11:12,372 - models.spike_bridge - INFO - ValidatedSpikeBridge initialized: encoding=temporal_contrast, threshold=±0.1, time_steps=16
2025-07-24 05:11:13,240 - models.spike_bridge - INFO - ValidatedSpikeBridge initialized: encoding=temporal_contrast, threshold=±0.1, time_steps=16
2025-07-24 05:11:14,095 - models.spike_bridge - INFO - ValidatedSpikeBridge initialized: encoding=temporal_contrast, threshold=±0.1, time_steps=16
2025-07-24 05:11:14,981 - models.spike_bridge - INFO - ValidatedSpikeBridge initialized: encoding=temporal_contrast, threshold=±0.1, time_steps=16
2025-07-24 05:11:15,842 - models.spike_bridge - INFO - ValidatedSpikeBridge initialized: encoding=temporal_contrast, threshold=±0.1, time_steps=16
2025-07-24 05:11:16,683 - models.spike_bridge - INFO - ValidatedSpikeBridge initialized: encoding=temporal_contrast, threshold=±0.1, time_steps=16
2025-07-24 05:11:17,551 - models.spike_bridge - INFO - ValidatedSpikeBridge initialized: encoding=temporal_contrast, threshold=±0.1, time_steps=16
2025-07-24 05:11:18,385 - models.spike_bridge - INFO - ValidatedSpikeBridge initialized: encoding=temporal_contrast, threshold=±0.1, time_steps=16
2025-07-24 05:11:19,259 - models.spike_bridge - INFO - ValidatedSpikeBridge initialized: encoding=temporal_contrast, threshold=±0.1, time_steps=16
2025-07-24 05:11:20,137 - __main__ - INFO -       Loss: 0.559818, Accuracy: 0.636364, Grad norm: 1.727457
2025-07-24 05:11:20,137 - __main__ - INFO -    🔥 Epoch 2/3
2025-07-24 05:11:20,149 - __main__ - INFO -       Parameter norm: 70.865349
2025-07-24 05:11:20,277 - models.spike_bridge - INFO - ValidatedSpikeBridge initialized: encoding=temporal_contrast, threshold=±0.1, time_steps=16
2025-07-24 05:11:21,142 - models.spike_bridge - INFO - ValidatedSpikeBridge initialized: encoding=temporal_contrast, threshold=±0.1, time_steps=16
2025-07-24 05:11:22,043 - models.spike_bridge - INFO - ValidatedSpikeBridge initialized: encoding=temporal_contrast, threshold=±0.1, time_steps=16
2025-07-24 05:11:22,905 - models.spike_bridge - INFO - ValidatedSpikeBridge initialized: encoding=temporal_contrast, threshold=±0.1, time_steps=16
2025-07-24 05:11:23,810 - models.spike_bridge - INFO - ValidatedSpikeBridge initialized: encoding=temporal_contrast, threshold=±0.1, time_steps=16
2025-07-24 05:11:24,675 - models.spike_bridge - INFO - ValidatedSpikeBridge initialized: encoding=temporal_contrast, threshold=±0.1, time_steps=16
2025-07-24 05:11:25,540 - models.spike_bridge - INFO - ValidatedSpikeBridge initialized: encoding=temporal_contrast, threshold=±0.1, time_steps=16
2025-07-24 05:11:26,438 - models.spike_bridge - INFO - ValidatedSpikeBridge initialized: encoding=temporal_contrast, threshold=±0.1, time_steps=16
2025-07-24 05:11:27,727 - models.spike_bridge - INFO - ValidatedSpikeBridge initialized: encoding=temporal_contrast, threshold=±0.1, time_steps=16
2025-07-24 05:11:28,621 - models.spike_bridge - INFO - ValidatedSpikeBridge initialized: encoding=temporal_contrast, threshold=±0.1, time_steps=16
2025-07-24 05:11:29,496 - models.spike_bridge - INFO - ValidatedSpikeBridge initialized: encoding=temporal_contrast, threshold=±0.1, time_steps=16
2025-07-24 05:11:30,281 - __main__ - INFO -       Loss: 0.559316, Accuracy: 0.636364, Grad norm: 1.725955
2025-07-24 05:11:30,282 - __main__ - INFO -    🔥 Epoch 3/3
2025-07-24 05:11:30,292 - __main__ - INFO -       Parameter norm: 70.865349
2025-07-24 05:11:30,408 - models.spike_bridge - INFO - ValidatedSpikeBridge initialized: encoding=temporal_contrast, threshold=±0.1, time_steps=16
2025-07-24 05:11:31,324 - models.spike_bridge - INFO - ValidatedSpikeBridge initialized: encoding=temporal_contrast, threshold=±0.1, time_steps=16
2025-07-24 05:11:32,252 - models.spike_bridge - INFO - ValidatedSpikeBridge initialized: encoding=temporal_contrast, threshold=±0.1, time_steps=16
2025-07-24 05:11:33,149 - models.spike_bridge - INFO - ValidatedSpikeBridge initialized: encoding=temporal_contrast, threshold=±0.1, time_steps=16
2025-07-24 05:11:34,028 - models.spike_bridge - INFO - ValidatedSpikeBridge initialized: encoding=temporal_contrast, threshold=±0.1, time_steps=16
2025-07-24 05:11:34,906 - models.spike_bridge - INFO - ValidatedSpikeBridge initialized: encoding=temporal_contrast, threshold=±0.1, time_steps=16
2025-07-24 05:11:35,791 - models.spike_bridge - INFO - ValidatedSpikeBridge initialized: encoding=temporal_contrast, threshold=±0.1, time_steps=16
2025-07-24 05:11:36,681 - models.spike_bridge - INFO - ValidatedSpikeBridge initialized: encoding=temporal_contrast, threshold=±0.1, time_steps=16
2025-07-24 05:11:37,547 - models.spike_bridge - INFO - ValidatedSpikeBridge initialized: encoding=temporal_contrast, threshold=±0.1, time_steps=16
2025-07-24 05:11:38,429 - models.spike_bridge - INFO - ValidatedSpikeBridge initialized: encoding=temporal_contrast, threshold=±0.1, time_steps=16
2025-07-24 05:11:39,287 - models.spike_bridge - INFO - ValidatedSpikeBridge initialized: encoding=temporal_contrast, threshold=±0.1, time_steps=16
2025-07-24 05:11:40,055 - __main__ - INFO -       Loss: 0.558815, Accuracy: 0.636364, Grad norm: 1.724456
2025-07-24 05:11:40,056 - __main__ - INFO -    📊 Test evaluation...
2025-07-24 05:11:40,057 - training.test_evaluation - INFO - 
🧪 Evaluating on test set...
2025-07-24 05:11:40,199 - models.spike_bridge - INFO - ValidatedSpikeBridge initialized: encoding=temporal_contrast, threshold=±0.1, time_steps=16
2025-07-24 05:11:41,003 - models.spike_bridge - INFO - ValidatedSpikeBridge initialized: encoding=temporal_contrast, threshold=±0.1, time_steps=16
2025-07-24 05:11:41,583 - models.spike_bridge - INFO - ValidatedSpikeBridge initialized: encoding=temporal_contrast, threshold=±0.1, time_steps=16
2025-07-24 05:11:42,159 - models.spike_bridge - INFO - ValidatedSpikeBridge initialized: encoding=temporal_contrast, threshold=±0.1, time_steps=16
2025-07-24 05:11:42,925 - training.test_evaluation - INFO - 📊 TEST SET ANALYSIS:
2025-07-24 05:11:42,925 - training.test_evaluation - INFO -    Test samples: 4
2025-07-24 05:11:42,925 - training.test_evaluation - INFO -    True labels - Class 0: 3, Class 1: 1
2025-07-24 05:11:42,926 - training.test_evaluation - INFO -    Predictions - Class 0: 4, Class 1: 0
2025-07-24 05:11:42,926 - training.test_evaluation - INFO -    Test accuracy: 75.0%
2025-07-24 05:11:43,403 - training.test_evaluation - WARNING - 🚨 MODEL ALWAYS PREDICTS CLASS 0 ON TEST SET!
2025-07-24 05:11:43,404 - training.test_evaluation - WARNING -    This suggests the model didn't learn properly
2025-07-24 05:11:43,404 - training.test_evaluation - INFO - 🔍 TEST PREDICTIONS vs LABELS:
2025-07-24 05:11:43,527 - training.test_evaluation - INFO -    Test 0: Pred=0, True=0 ✅
2025-07-24 05:11:43,530 - training.test_evaluation - INFO -    Test 1: Pred=0, True=1 ❌
2025-07-24 05:11:43,533 - training.test_evaluation - INFO -    Test 2: Pred=0, True=0 ✅
2025-07-24 05:11:43,536 - training.test_evaluation - INFO -    Test 3: Pred=0, True=0 ✅
2025-07-24 05:11:43,602 - __main__ - INFO -       Test accuracy: 0.750000
2025-07-24 05:11:43,602 - __main__ - INFO -       Model collapse: True
2025-07-24 05:11:43,603 - __main__ - INFO -       Suspicious patterns: ['model_collapse']
2025-07-24 05:11:43,603 - __main__ - INFO -    🔍 CRITICAL ANALYSIS:
2025-07-24 05:11:43,603 - __main__ - INFO - ✅ Loss decreased by 0.001003 - learning working
2025-07-24 05:11:43,603 - __main__ - WARNING - ⚠️ CRITICAL: Parameter norms barely changed - possible broken optimization
2025-07-24 05:11:43,604 - __main__ - INFO - ================================================================================
2025-07-24 05:11:43,604 - __main__ - INFO - 📋 DEBUGGING SUMMARY
2025-07-24 05:11:43,604 - __main__ - INFO - ================================================================================
2025-07-24 05:11:43,605 - __main__ - INFO - ✅ No critical issues found
2025-07-24 05:11:43,726 - __main__ - INFO - 📊 OVERALL SUCCESS RATE: 100.0% (6/6 tests passed)
2025-07-24 05:11:43,791 - __main__ - INFO - 🎉 Pipeline appears to be working well!
