WARNING:absl:Tensorflow library not found, tensorflow.io.gfile operations will use native shim calls. GCS paths (i.e. 'gs://...') cannot be accessed.
WARNING:data.gw_signal_params:PyFstat not available - using fallback synthetic generation
INFO:__main__:Requesting GPU backend; JAX will use CUDA if available
[2025-09-10 17:51:53,419] INFO [__main__:1189] Requesting GPU backend; JAX will use CUDA if available
INFO:__main__:🚀 Starting CPC+SNN training (v0.1.dev2+g95217e9.d20250716)
[2025-09-10 17:51:53,419] INFO [__main__:1202] 🚀 Starting CPC+SNN training (v0.1.dev2+g95217e9.d20250716)
INFO:__main__:   Output directory: outputs/real_full_training
[2025-09-10 17:51:53,419] INFO [__main__:1203]    Output directory: outputs/real_full_training
INFO:__main__:   Configuration: default
[2025-09-10 17:51:53,419] INFO [__main__:1204]    Configuration: default
INFO:__main__:🔧 Configuring JAX GPU settings...
[2025-09-10 17:51:53,419] INFO [__main__:1207] 🔧 Configuring JAX GPU settings...
INFO:__main__:🔧 Applying performance optimizations (startup)
[2025-09-10 17:51:53,423] INFO [__main__:1213] 🔧 Applying performance optimizations (startup)
INFO:utils.config:✅ Applying runtime performance optimizations...
[2025-09-10 17:51:53,423] INFO [utils.config:36] ✅ Applying runtime performance optimizations...
INFO:utils.config:JAX platform: gpu
[2025-09-10 17:51:53,546] INFO [utils.config:60] JAX platform: gpu
INFO:utils.config:JAX devices: [CudaDevice(id=0)]
[2025-09-10 17:51:53,546] INFO [utils.config:61] JAX devices: [CudaDevice(id=0)]
INFO:utils.config:Memory fraction: 0.35
[2025-09-10 17:51:53,546] INFO [utils.config:62] Memory fraction: 0.35
INFO:utils.config:System memory: 247.0GB total, 234.3GB available
[2025-09-10 17:51:53,546] INFO [utils.config:68] System memory: 247.0GB total, 234.3GB available
INFO:__main__:🔧 Pre-compiling models (startup)
[2025-09-10 17:51:53,546] INFO [__main__:1218] 🔧 Pre-compiling models (startup)
INFO:utils.config:⏭️ Skipping JIT pre-compilation on dummy inputs (user preference)
[2025-09-10 17:51:53,546] INFO [utils.config:114] ⏭️ Skipping JIT pre-compilation on dummy inputs (user preference)
INFO:__main__:🔥 Performing COMPREHENSIVE GPU warmup to eliminate timing issues...
[2025-09-10 17:51:53,546] INFO [__main__:1247] 🔥 Performing COMPREHENSIVE GPU warmup to eliminate timing issues...
INFO:__main__:   🔸 Stage 1: Basic tensor operations...
[2025-09-10 17:51:53,605] INFO [__main__:1255]    🔸 Stage 1: Basic tensor operations...
2025-09-10 17:51:54.691394: W external/xla/xla/service/gpu/autotuning/dot_search_space.cc:200] All configs were filtered out because none of them sufficiently match the hints. Maybe the hints set does not contain a good representative set of valid configs?Working around this by using the full hints set instead.
INFO:__main__:   🔸 Stage 2: Dense layer operations...
[2025-09-10 17:51:55,422] INFO [__main__:1263]    🔸 Stage 2: Dense layer operations...
INFO:__main__:   🔸 Stage 3: CPC/SNN operations...
[2025-09-10 17:51:56,306] INFO [__main__:1273]    🔸 Stage 3: CPC/SNN operations...
2025-09-10 17:51:56.673633: W external/xla/xla/service/gpu/autotuning/dot_search_space.cc:200] All configs were filtered out because none of them sufficiently match the hints. Maybe the hints set does not contain a good representative set of valid configs?Working around this by using the full hints set instead.
INFO:__main__:   🔸 Stage 4: Advanced CUDA kernels...
[2025-09-10 17:51:57,435] INFO [__main__:1291]    🔸 Stage 4: Advanced CUDA kernels...
INFO:__main__:   🔸 Stage 5: JAX JIT compilation warmup...
[2025-09-10 17:51:57,972] INFO [__main__:1304]    🔸 Stage 5: JAX JIT compilation warmup...
INFO:__main__:   🔸 Stage 6: SpikeBridge/CPC specific warmup...
[2025-09-10 17:51:58,140] INFO [__main__:1318]    🔸 Stage 6: SpikeBridge/CPC specific warmup...
INFO:__main__:✅ COMPREHENSIVE GPU warmup completed - ALL CUDA kernels initialized!
[2025-09-10 17:52:00,499] INFO [__main__:1343] ✅ COMPREHENSIVE GPU warmup completed - ALL CUDA kernels initialized!
INFO:__main__:🎯 GPU devices available: 1
[2025-09-10 17:52:00,499] INFO [__main__:1350] 🎯 GPU devices available: 1
INFO:utils.config:Using default FIXED configuration with enhanced W&B logging
[2025-09-10 17:52:00,500] INFO [utils.config:459] Using default FIXED configuration with enhanced W&B logging
INFO:__main__:✅ Loaded configuration from default
[2025-09-10 17:52:00,500] INFO [__main__:1366] ✅ Loaded configuration from default
INFO:utils.config:Configuration saved to outputs/real_full_training/config.yaml
[2025-09-10 17:52:00,505] INFO [utils.config:480] Configuration saved to outputs/real_full_training/config.yaml
INFO:__main__:💾 Saved configuration to outputs/real_full_training/config.yaml
[2025-09-10 17:52:00,505] INFO [__main__:1405] 💾 Saved configuration to outputs/real_full_training/config.yaml
INFO:__main__:🎯 Starting standard training mode...
[2025-09-10 17:52:00,505] INFO [__main__:1409] 🎯 Starting standard training mode...
INFO:__main__:📋 Configuration loaded: gpu device, N/A latent dim
[2025-09-10 17:52:00,505] INFO [__main__:1416] 📋 Configuration loaded: gpu device, N/A latent dim
INFO:__main__:📋 Spike encoding: N/A
[2025-09-10 17:52:00,505] INFO [__main__:1417] 📋 Spike encoding: N/A
INFO:__main__:📋 SNN hidden size: 0
[2025-09-10 17:52:00,505] INFO [__main__:1418] 📋 SNN hidden size: 0
INFO:__main__:🔧 Running standard CPC+SNN training...
[2025-09-10 17:52:00,505] INFO [__main__:1425] 🔧 Running standard CPC+SNN training...
INFO:utils.device_auto_detection:🔍 Starting intelligent device detection...
[2025-09-10 17:52:00,507] INFO [utils.device_auto_detection:201] 🔍 Starting intelligent device detection...
INFO:utils.device_auto_detection:PyTorch CUDA detection: True
[2025-09-10 17:52:00,508] INFO [utils.device_auto_detection:49] PyTorch CUDA detection: True
INFO:utils.device_auto_detection:JAX devices detected: [CudaDevice(id=0)]
[2025-09-10 17:52:00,508] INFO [utils.device_auto_detection:62] JAX devices detected: [CudaDevice(id=0)]
INFO:utils.device_auto_detection:🎮 GPU DETECTED: 79.4GB VRAM
[2025-09-10 17:52:00,508] INFO [utils.device_auto_detection:85] 🎮 GPU DETECTED: 79.4GB VRAM
INFO:utils.device_auto_detection:🔧 Applying optimal device configuration...
[2025-09-10 17:52:00,508] INFO [utils.device_auto_detection:137] 🔧 Applying optimal device configuration...
INFO:utils.device_auto_detection:   Platform: gpu
[2025-09-10 17:52:00,508] INFO [utils.device_auto_detection:138]    Platform: gpu
INFO:utils.device_auto_detection:   Memory fraction: 0.35
[2025-09-10 17:52:00,508] INFO [utils.device_auto_detection:139]    Memory fraction: 0.35
INFO:utils.device_auto_detection:   Recommended batch size: 8
[2025-09-10 17:52:00,508] INFO [utils.device_auto_detection:140]    Recommended batch size: 8
INFO:utils.device_auto_detection:   Expected speedup: 25.0x
[2025-09-10 17:52:00,508] INFO [utils.device_auto_detection:141]    Expected speedup: 25.0x
INFO:utils.device_auto_detection:✅ JAX configured successfully:
[2025-09-10 17:52:00,509] INFO [utils.device_auto_detection:162] ✅ JAX configured successfully:
INFO:utils.device_auto_detection:   Platform: gpu
[2025-09-10 17:52:00,509] INFO [utils.device_auto_detection:163]    Platform: gpu
INFO:utils.device_auto_detection:   Devices: [CudaDevice(id=0)]
[2025-09-10 17:52:00,509] INFO [utils.device_auto_detection:164]    Devices: [CudaDevice(id=0)]
INFO:utils.device_auto_detection:🚀 GPU ACCELERATION ACTIVE - Expected 25.0x speedup!
[2025-09-10 17:52:00,509] INFO [utils.device_auto_detection:167] 🚀 GPU ACCELERATION ACTIVE - Expected 25.0x speedup!
INFO:utils.device_auto_detection:✅ Device auto-detection and optimization complete!
[2025-09-10 17:52:00,509] INFO [utils.device_auto_detection:215] ✅ Device auto-detection and optimization complete!
INFO:utils.device_auto_detection:💡 TIP: Your system is optimized for GPU training
[2025-09-10 17:52:00,509] INFO [utils.device_auto_detection:216] 💡 TIP: Your system is optimized for GPU training
INFO:__main__:🎮 Platform detected: GPU
[2025-09-10 17:52:00,509] INFO [__main__:64] 🎮 Platform detected: GPU
INFO:__main__:⚡ Expected speedup: 25.0x
[2025-09-10 17:52:00,509] INFO [__main__:65] ⚡ Expected speedup: 25.0x
INFO:__main__:🔧 Real CPC+SNN training pipeline:
[2025-09-10 17:52:00,509] INFO [__main__:92] 🔧 Real CPC+SNN training pipeline:
INFO:__main__:   - CPC Latent Dim: N/A
[2025-09-10 17:52:00,509] INFO [__main__:100]    - CPC Latent Dim: N/A
INFO:__main__:   - Batch Size: 16
[2025-09-10 17:52:00,509] INFO [__main__:101]    - Batch Size: 16
INFO:__main__:   - Learning Rate: 0.0005
[2025-09-10 17:52:00,509] INFO [__main__:102]    - Learning Rate: 0.0005
INFO:__main__:   - Epochs: 30
[2025-09-10 17:52:00,509] INFO [__main__:103]    - Epochs: 30
INFO:__main__:   - Spike Encoding: N/A
[2025-09-10 17:52:00,509] INFO [__main__:104]    - Spike Encoding: N/A
2025-09-10 17:52:00,509 - training.training_utils - INFO - JAX devices: [CudaDevice(id=0)]
2025-09-10 17:52:00,510 - training.training_utils - INFO - JAX platform: gpu
2025-09-10 17:52:00,511 - training.training_metrics - INFO - TensorBoard logging to: outputs/real_full_training/standard_training_16bs/tensorboard
2025-09-10 17:52:00,511 - training.base_trainer - INFO - Using basic experiment tracker
2025-09-10 17:52:00,511 - training.training_utils - INFO - Configuration saved to outputs/real_full_training/standard_training_16bs/config.json
2025-09-10 17:52:00,511 - training.base_trainer - INFO - Initialized CPCSNNTrainer with config: cpc_snn_gw
2025-09-10 17:52:00,512 - __main__ - INFO - 🚀 Creating CPC+SNN model with SpikeBridge...
2025-09-10 17:52:00,513 - __main__ - INFO - 📊 Creating data loaders...
2025-09-10 17:52:00,514 - data.gw_dataset_builder - WARNING - TensorFlow not available - TFRecord export disabled
2025-09-10 17:52:00,514 - __main__ - INFO -    Creating REAL LIGO dataset with GW150914 data...
2025-09-10 17:52:00,519 - data.real_ligo_integration - INFO - 🚀 Creating ENHANCED dataset with 2000 target samples
2025-09-10 17:52:00,519 - data.real_ligo_integration - INFO -    Enhanced overlap: 90.0%
2025-09-10 17:52:00,519 - data.real_ligo_integration - INFO -    Data augmentation: True
2025-09-10 17:52:00,519 - data.real_ligo_integration - INFO - ✅ ReadLIGO available - loading real GW150914 data
2025-09-10 17:52:00,541 - data.real_ligo_integration - INFO - ✅ Successfully loaded real GW150914 strain data (source=readligo): 2048 samples
2025-09-10 17:52:00,541 - data.real_ligo_integration - INFO - 📊 Strain amplitude range: -7.60e-21 to -2.08e-21
2025-09-10 17:52:00,542 - data.real_ligo_integration - INFO - 📡 Processing real LIGO data with enhanced windowing...
2025-09-10 17:52:00,542 - data.real_ligo_integration - INFO - 🔧 Creating sliding windows: size=512, overlap=90.0%
2025-09-10 17:52:00,542 - data.real_ligo_integration - INFO - ✅ Generated 31 sliding windows
2025-09-10 17:52:00,542 - data.real_ligo_integration - INFO -    Signal windows: 6 (19.4%)
2025-09-10 17:52:00,542 - data.real_ligo_integration - INFO -    Noise windows: 25 (80.6%)
2025-09-10 17:52:00,542 - data.real_ligo_integration - INFO - ✅ Real LIGO windows: 31 (overlap=90.0%)
2025-09-10 17:52:00,542 - data.real_ligo_integration - INFO - 🔄 Applying data augmentation to real LIGO data...
2025-09-10 17:52:00,848 - data.real_ligo_integration - INFO - ✅ Augmented data: +155 samples
2025-09-10 17:52:00,848 - data.real_ligo_integration - INFO - ✅ Oversampled positives by 38 to reach ~40%
2025-09-10 17:52:00,848 - data.real_ligo_integration - INFO - 🔄 Generating 1776 synthetic GW samples...
2025-09-10 17:52:07,426 - data.real_ligo_integration - INFO - 🎯 ENHANCED DATASET CREATED:
2025-09-10 17:52:07,427 - data.real_ligo_integration - INFO -    Total samples: 2000
2025-09-10 17:52:07,427 - data.real_ligo_integration - INFO -    Window size: 512
2025-09-10 17:52:07,511 - data.real_ligo_integration - INFO -    GW signals: 705 (35.3%)
2025-09-10 17:52:07,542 - data.real_ligo_integration - INFO -    Noise samples: 1295 (64.8%)
2025-09-10 17:52:08,302 - utils.data_split - INFO - 📊 Creating stratified split (train: 80.0%):
2025-09-10 17:52:08,302 - utils.data_split - INFO -    Class 0 samples: 1295
2025-09-10 17:52:08,302 - utils.data_split - INFO -    Class 1 samples: 705
2025-09-10 17:52:10,333 - utils.data_split - INFO - 📊 Dataset split completed:
2025-09-10 17:52:10,333 - utils.data_split - INFO -    Train: 1600 samples
2025-09-10 17:52:10,333 - utils.data_split - INFO -    Test: 400 samples
2025-09-10 17:52:10,381 - utils.data_split - INFO -    Train class balance: 35.2% positive
2025-09-10 17:52:10,423 - utils.data_split - INFO -    Test class balance: 35.2% positive
2025-09-10 17:52:10,491 - utils.data_split - INFO - ✅ Balanced test set: 35.2% positive
2025-09-10 17:52:10,491 - __main__ - INFO -    Enhanced REAL LIGO samples: train=1600, test=400
2025-09-10 17:52:10,491 - __main__ - INFO - ⏳ Starting real training loop...
2025-09-10 17:52:10,491 - __main__ - INFO -    Training data shape: (1600, 512)
2025-09-10 17:52:10,491 - __main__ - INFO -    Labels shape: (1600,)
2025-09-10 17:52:10,491 - __main__ - INFO -    Running 30 epochs...
2025-09-10 17:52:10,491 - __main__ - INFO - 🚀 Starting REAL CPC+SNN training pipeline!
2025-09-10 17:52:10,492 - training.training_utils - INFO - JAX devices: [CudaDevice(id=0)]
2025-09-10 17:52:10,492 - training.training_utils - INFO - JAX platform: gpu
2025-09-10 17:52:10,492 - training.base_trainer - INFO - Using basic experiment tracker
2025-09-10 17:52:10,492 - training.training_utils - INFO - Configuration saved to outputs/real_full_training/standard_training_16bs/config.json
2025-09-10 17:52:10,492 - training.base_trainer - INFO - Initialized CPCSNNTrainer with config: cpc_snn_gw
2025-09-10 17:52:13.605181: E external/xla/xla/stream_executor/cuda/cuda_timer.cc:86] Delay kernel timed out: measured time has sub-optimal accuracy. There may be a missing warmup execution, please investigate in Nsight Systems.
2025-09-10 17:52:13.847112: E external/xla/xla/stream_executor/cuda/cuda_timer.cc:86] Delay kernel timed out: measured time has sub-optimal accuracy. There may be a missing warmup execution, please investigate in Nsight Systems.
2025-09-10 17:52:14.752641: W external/xla/xla/tsl/framework/bfc_allocator.cc:310] Allocator (GPU_0_bfc) ran out of memory trying to allocate 64.65GiB with freed_by_count=0. The caller indicates that this is not a failure, but this may mean that there could be performance gains if more memory were available.
2025-09-10 17:52:16.184309: W external/xla/xla/tsl/framework/bfc_allocator.cc:310] Allocator (GPU_0_bfc) ran out of memory trying to allocate 129.27GiB with freed_by_count=0. The caller indicates that this is not a failure, but this may mean that there could be performance gains if more memory were available.
2025-09-10 17:52:16.582471: W external/xla/xla/tsl/framework/bfc_allocator.cc:310] Allocator (GPU_0_bfc) ran out of memory trying to allocate 129.28GiB with freed_by_count=0. The caller indicates that this is not a failure, but this may mean that there could be performance gains if more memory were available.
2025-09-10 17:52:16.966994: W external/xla/xla/tsl/framework/bfc_allocator.cc:310] Allocator (GPU_0_bfc) ran out of memory trying to allocate 129.28GiB with freed_by_count=0. The caller indicates that this is not a failure, but this may mean that there could be performance gains if more memory were available.
2025-09-10 17:52:17.448463: W external/xla/xla/tsl/framework/bfc_allocator.cc:310] Allocator (GPU_0_bfc) ran out of memory trying to allocate 129.29GiB with freed_by_count=0. The caller indicates that this is not a failure, but this may mean that there could be performance gains if more memory were available.
2025-09-10 17:52:18.142705: W external/xla/xla/service/gpu/autotuning/dot_search_space.cc:200] All configs were filtered out because none of them sufficiently match the hints. Maybe the hints set does not contain a good representative set of valid configs?Working around this by using the full hints set instead.
2025-09-10 17:52:18.925852: W external/xla/xla/service/gpu/autotuning/dot_search_space.cc:200] All configs were filtered out because none of them sufficiently match the hints. Maybe the hints set does not contain a good representative set of valid configs?Working around this by using the full hints set instead.
2025-09-10 17:52:27,181 - __main__ - INFO -    🔥 Epoch 1/30
2025-09-10 17:52:29.735729: W external/xla/xla/tsl/framework/bfc_allocator.cc:310] Allocator (GPU_0_bfc) ran out of memory trying to allocate 66.55GiB with freed_by_count=0. The caller indicates that this is not a failure, but this may mean that there could be performance gains if more memory were available.
2025-09-10 17:52:31.070207: W external/xla/xla/tsl/framework/bfc_allocator.cc:310] Allocator (GPU_0_bfc) ran out of memory trying to allocate 133.06GiB with freed_by_count=0. The caller indicates that this is not a failure, but this may mean that there could be performance gains if more memory were available.
2025-09-10 17:52:31.286593: W external/xla/xla/tsl/framework/bfc_allocator.cc:310] Allocator (GPU_0_bfc) ran out of memory trying to allocate 133.06GiB with freed_by_count=0. The caller indicates that this is not a failure, but this may mean that there could be performance gains if more memory were available.
2025-09-10 17:52:31.536648: W external/xla/xla/tsl/framework/bfc_allocator.cc:310] Allocator (GPU_0_bfc) ran out of memory trying to allocate 133.07GiB with freed_by_count=0. The caller indicates that this is not a failure, but this may mean that there could be performance gains if more memory were available.
2025-09-10 17:52:31.764446: W external/xla/xla/tsl/framework/bfc_allocator.cc:310] Allocator (GPU_0_bfc) ran out of memory trying to allocate 133.07GiB with freed_by_count=0. The caller indicates that this is not a failure, but this may mean that there could be performance gains if more memory were available.
2025-09-10 17:55:36,792 - __main__ - INFO -       Step 10/100 loss=0.6296 acc=0.562 | MA20: loss=0.9346 acc=0.512
2025-09-10 17:57:54,628 - __main__ - INFO -       Step 20/100 loss=0.4867 acc=0.562 | MA20: loss=0.9666 acc=0.531
2025-09-10 18:00:12,417 - __main__ - INFO -       Step 30/100 loss=0.9565 acc=0.562 | MA20: loss=1.0470 acc=0.509
2025-09-10 18:02:29,505 - __main__ - INFO -       Step 40/100 loss=1.1828 acc=0.438 | MA20: loss=1.0884 acc=0.491
2025-09-10 18:04:47,384 - __main__ - INFO -       Step 50/100 loss=0.8485 acc=0.375 | MA20: loss=1.0557 acc=0.459
2025-09-10 18:07:07,454 - __main__ - INFO -       Step 60/100 loss=0.9359 acc=0.562 | MA20: loss=1.0551 acc=0.459
2025-09-10 18:09:25,231 - __main__ - INFO -       Step 70/100 loss=1.4017 acc=0.438 | MA20: loss=1.0606 acc=0.506
2025-09-10 18:11:45,298 - __main__ - INFO -       Step 80/100 loss=1.2007 acc=0.312 | MA20: loss=1.0303 acc=0.475
2025-09-10 18:14:04,719 - __main__ - INFO -       Step 90/100 loss=0.7661 acc=0.625 | MA20: loss=0.9997 acc=0.500
2025-09-10 18:16:27,883 - __main__ - INFO -       Step 100/100 loss=1.2216 acc=0.438 | MA20: loss=0.9160 acc=0.553
2025-09-10 18:16:27,885 - __main__ - INFO -       Loss: 1.0113, Accuracy: 0.5019
2025-09-10 18:16:27,885 - absl - INFO - Saving item to /teamspace/studios/this_studio/CPC-SNN-GW/outputs/real_full_training/standard_training_16bs/ckpts/latest/1.orbax-checkpoint-tmp-1757528187885319/train_state.
2025-09-10 18:16:29,398 - absl - INFO - Renaming /teamspace/studios/this_studio/CPC-SNN-GW/outputs/real_full_training/standard_training_16bs/ckpts/latest/1.orbax-checkpoint-tmp-1757528187885319/train_state.orbax-checkpoint-tmp-1757528187886148 to /teamspace/studios/this_studio/CPC-SNN-GW/outputs/real_full_training/standard_training_16bs/ckpts/latest/1.orbax-checkpoint-tmp-1757528187885319/train_state
2025-09-10 18:16:29,398 - absl - INFO - Finished saving checkpoint to `/teamspace/studios/this_studio/CPC-SNN-GW/outputs/real_full_training/standard_training_16bs/ckpts/latest/1.orbax-checkpoint-tmp-1757528187885319/train_state`.
2025-09-10 18:16:29,399 - absl - INFO - Renaming /teamspace/studios/this_studio/CPC-SNN-GW/outputs/real_full_training/standard_training_16bs/ckpts/latest/1.orbax-checkpoint-tmp-1757528187885319 to /teamspace/studios/this_studio/CPC-SNN-GW/outputs/real_full_training/standard_training_16bs/ckpts/latest/1
2025-09-10 18:16:29,399 - __main__ - WARNING - Latest checkpoint save skipped: Cannot rename /teamspace/studios/this_studio/CPC-SNN-GW/outputs/real_full_training/standard_training_16bs/ckpts/latest/1.orbax-checkpoint-tmp-1757528187885319. Destination /teamspace/studios/this_studio/CPC-SNN-GW/outputs/real_full_training/standard_training_16bs/ckpts/latest/1 already exists.
2025-09-10 18:16:44.911714: W external/xla/xla/service/gpu/autotuning/dot_search_space.cc:200] All configs were filtered out because none of them sufficiently match the hints. Maybe the hints set does not contain a good representative set of valid configs?Working around this by using the full hints set instead.
2025-09-10 18:16:46.368202: W external/xla/xla/service/gpu/autotuning/dot_search_space.cc:200] All configs were filtered out because none of them sufficiently match the hints. Maybe the hints set does not contain a good representative set of valid configs?Working around this by using the full hints set instead.
2025-09-10 18:16:47.753058: W external/xla/xla/service/gpu/autotuning/dot_search_space.cc:200] All configs were filtered out because none of them sufficiently match the hints. Maybe the hints set does not contain a good representative set of valid configs?Working around this by using the full hints set instead.
2025-09-10 18:17:03,665 - __main__ - INFO -       Test acc=0.482 | sens=0.489 spec=0.479 prec=0.338 f1=0.400 bal_acc=0.484
2025-09-10 18:17:03,665 - training.training_metrics - INFO - New best balanced_accuracy: 0.484063 at epoch 0
2025-09-10 18:17:03,666 - __main__ - INFO -    🔥 Epoch 2/30
2025-09-10 18:19:24,634 - __main__ - INFO -       Step 10/100 loss=1.1576 acc=0.500 | MA20: loss=0.9999 acc=0.494
2025-09-10 18:21:48,359 - __main__ - INFO -       Step 20/100 loss=1.1144 acc=0.375 | MA20: loss=0.9765 acc=0.494
2025-09-10 18:24:11,992 - __main__ - INFO -       Step 30/100 loss=1.3288 acc=0.375 | MA20: loss=1.1067 acc=0.481
2025-09-10 18:26:31,713 - __main__ - INFO -       Step 40/100 loss=1.0750 acc=0.312 | MA20: loss=1.1738 acc=0.472
2025-09-10 18:28:58,902 - __main__ - INFO -       Step 50/100 loss=1.6295 acc=0.250 | MA20: loss=1.1439 acc=0.463
2025-09-10 18:31:23,786 - __main__ - INFO -       Step 60/100 loss=1.3305 acc=0.500 | MA20: loss=1.1187 acc=0.475
2025-09-10 18:33:48,620 - __main__ - INFO -       Step 70/100 loss=0.9732 acc=0.500 | MA20: loss=1.0455 acc=0.497
2025-09-10 18:36:10,381 - __main__ - INFO -       Step 80/100 loss=0.8709 acc=0.438 | MA20: loss=0.9740 acc=0.512
2025-09-10 18:38:33,558 - __main__ - INFO -       Step 90/100 loss=0.6968 acc=0.562 | MA20: loss=0.9218 acc=0.534
2025-09-10 18:41:01,206 - __main__ - INFO -       Step 100/100 loss=1.1837 acc=0.312 | MA20: loss=1.0401 acc=0.475
2025-09-10 18:41:01,207 - __main__ - INFO -       Loss: 1.0566, Accuracy: 0.4856
2025-09-10 18:41:01,208 - absl - INFO - Saving item to /teamspace/studios/this_studio/CPC-SNN-GW/outputs/real_full_training/standard_training_16bs/ckpts/latest/2.orbax-checkpoint-tmp-1757529661207882/train_state.
2025-09-10 18:41:02,705 - absl - INFO - Renaming /teamspace/studios/this_studio/CPC-SNN-GW/outputs/real_full_training/standard_training_16bs/ckpts/latest/2.orbax-checkpoint-tmp-1757529661207882/train_state.orbax-checkpoint-tmp-1757529661208755 to /teamspace/studios/this_studio/CPC-SNN-GW/outputs/real_full_training/standard_training_16bs/ckpts/latest/2.orbax-checkpoint-tmp-1757529661207882/train_state
2025-09-10 18:41:02,705 - absl - INFO - Finished saving checkpoint to `/teamspace/studios/this_studio/CPC-SNN-GW/outputs/real_full_training/standard_training_16bs/ckpts/latest/2.orbax-checkpoint-tmp-1757529661207882/train_state`.
2025-09-10 18:41:02,706 - __main__ - WARNING - Latest checkpoint save skipped: Parent directory /teamspace/studios/this_studio/CPC-SNN-GW/outputs/real_full_training/standard_training_16bs/ckpts/latest/1 does not exist.
2025-09-10 18:41:11,035 - __main__ - INFO -       Test acc=0.515 | sens=0.496 spec=0.525 prec=0.363 f1=0.419 bal_acc=0.511
2025-09-10 18:41:11,037 - training.training_metrics - INFO - New best balanced_accuracy: 0.510775 at epoch 1
2025-09-10 18:41:11,037 - __main__ - INFO -    🔥 Epoch 3/30
2025-09-10 18:43:35,782 - __main__ - INFO -       Step 10/100 loss=0.9712 acc=0.625 | MA20: loss=0.9264 acc=0.562
2025-09-10 18:46:02,039 - __main__ - INFO -       Step 20/100 loss=1.2373 acc=0.438 | MA20: loss=0.9538 acc=0.562
2025-09-10 18:48:26,455 - __main__ - INFO -       Step 30/100 loss=1.1624 acc=0.438 | MA20: loss=0.9993 acc=0.547
2025-09-10 18:50:50,934 - __main__ - INFO -       Step 40/100 loss=0.8235 acc=0.438 | MA20: loss=0.9703 acc=0.506
2025-09-10 18:53:13,071 - __main__ - INFO -       Step 50/100 loss=0.8372 acc=0.375 | MA20: loss=1.0755 acc=0.453
2025-09-10 18:55:37,338 - __main__ - INFO -       Step 60/100 loss=0.9446 acc=0.562 | MA20: loss=1.1405 acc=0.484
2025-09-10 18:58:01,453 - __main__ - INFO -       Step 70/100 loss=1.3973 acc=0.500 | MA20: loss=1.0080 acc=0.534
2025-09-10 19:00:24,688 - __main__ - INFO -       Step 80/100 loss=1.2948 acc=0.375 | MA20: loss=0.9983 acc=0.487
2025-09-10 19:02:48,595 - __main__ - INFO -       Step 90/100 loss=0.6008 acc=0.688 | MA20: loss=1.0091 acc=0.509
1
2025-09-10 18:39:07,184 - __main__ - INFO -       🏆 New best balanced accuracy; saving best checkpoint
2025-09-10 18:39:07,185 - absl - INFO - Saving item to /teamspace/studios/this_studio/CPC-SNN-GW/outputs/real_full_training/standard_training_16bs/ckpts/best/2.orbax-checkpoint-tmp-1757529547184983/train_state.
2025-09-10 18:39:08,319 - absl - INFO - Renaming /teamspace/studios/this_studio/CPC-SNN-GW/outputs/real_full_training/standard_training_16bs/ckpts/best/2.orbax-checkpoint-tmp-1757529547184983/train_state.orbax-checkpoint-tmp-1757529547185479 to /teamspace/studios/this_studio/CPC-SNN-GW/outputs/real_full_training/standard_training_16bs/ckpts/best/2.orbax-checkpoint-tmp-1757529547184983/train_state
2025-09-10 18:39:08,319 - absl - INFO - Finished saving checkpoint to `/teamspace/studios/this_studio/CPC-SNN-GW/outputs/real_full_training/standard_training_16bs/ckpts/best/2.orbax-checkpoint-tmp-1757529547184983/train_state`.
2025-09-10 18:39:08,319 - absl - INFO - Renaming /teamspace/studios/this_studio/CPC-SNN-GW/outputs/real_full_training/standard_training_16bs/ckpts/best/2.orbax-checkpoint-tmp-1757529547184983 to /teamspace/studios/this_studio/CPC-SNN-GW/outputs/real_full_training/standard_training_16bs/ckpts/best/2
2025-09-10 18:39:08,319 - __main__ - INFO -    🔥 Epoch 3/30
2025-09-10 18:41:33,551 - __main__ - INFO -       Step 10/100 loss=0.6204 acc=0.750 | MA20: loss=0.9867 acc=0.531
2025-09-10 18:43:56,338 - __main__ - INFO -       Step 20/100 loss=1.2334 acc=0.375 | MA20: loss=1.0034 acc=0.500
2025-09-10 18:46:19,000 - __main__ - INFO -       Step 30/100 loss=1.1961 acc=0.438 | MA20: loss=1.0714 acc=0.494
2025-09-10 18:48:43,662 - __main__ - INFO -       Step 40/100 loss=1.3296 acc=0.438 | MA20: loss=1.0822 acc=0.509
2025-09-10 18:51:06,539 - __main__ - INFO -       Step 50/100 loss=1.3682 acc=0.438 | MA20: loss=1.1207 acc=0.475
2025-09-10 18:53:27,495 - __main__ - INFO -       Step 60/100 loss=0.6902 acc=0.688 | MA20: loss=1.1147 acc=0.456
2025-09-10 18:55:48,640 - __main__ - INFO -       Step 70/100 loss=0.9170 acc=0.438 | MA20: loss=1.0321 acc=0.472
2025-09-10 18:58:09,811 - __main__ - INFO -       Step 80/100 loss=1.3281 acc=0.375 | MA20: loss=0.9909 acc=0.506
2025-09-10 19:00:36,182 - __main__ - INFO -       Step 90/100 loss=0.5255 acc=0.688 | MA20: loss=0.9002 acc=0.550
Terminated
