2025-07-24 05:22:26,599 - training.training_utils - INFO - JAX devices: [CudaDevice(id=0)]
2025-07-24 05:22:26,599 - training.training_utils - INFO - JAX platform: gpu
2025-07-24 05:22:27,482 - training.training_metrics - INFO - W&B tracking initialized
2025-07-24 05:22:27,484 - training.training_metrics - INFO - TensorBoard logging to: outputs/standard_training_4bs/tensorboard
2025-07-24 05:22:27,484 - training.base_trainer - INFO - Using basic experiment tracker
2025-07-24 05:22:27,485 - training.training_utils - INFO - Configuration saved to outputs/standard_training_4bs/config.json
2025-07-24 05:22:27,486 - training.base_trainer - INFO - Initialized CPCSNNTrainer with config: cpc_snn_gw
2025-07-24 05:22:27,487 - __main__ - INFO - 🚀 Creating CPC+SNN model with SpikeBridge...
2025-07-24 05:22:27,488 - __main__ - INFO - 📊 Creating data loaders...
2025-07-24 05:22:27,489 - data.gw_dataset_builder - WARNING - TensorFlow not available - TFRecord export disabled
2025-07-24 05:22:27,490 - __main__ - INFO -    Creating REAL LIGO dataset with GW150914 data...
2025-07-24 05:22:27,490 - data.real_ligo_integration - INFO - 🌊 Attempting to download real GW150914 data...
2025-07-24 05:22:27,491 - data.real_ligo_integration - INFO - ✅ ReadLIGO available - loading real GW150914 data
2025-07-24 05:22:27,491 - data.real_ligo_integration - INFO - 🌊 Loading strain data from H1: H-H1_LOSC_4_V2-1126259446-32.hdf5
2025-07-24 05:22:27,491 - data.real_ligo_integration - INFO - 🌊 Loading strain data from L1: L-L1_LOSC_4_V2-1126259446-32.hdf5
2025-07-24 05:22:27,514 - data.real_ligo_integration - INFO - ✅ Real GW150914 strain loaded:
2025-07-24 05:22:27,514 - data.real_ligo_integration - INFO -    H1: 131072 samples
2025-07-24 05:22:27,515 - data.real_ligo_integration - INFO -    L1: 131072 samples
2025-07-24 05:22:27,515 - data.real_ligo_integration - INFO -    Time span: 1126259446.000 to 1126259478.000 GPS
2025-07-24 05:22:27,515 - data.real_ligo_integration - INFO -    Sample rate: 4096 Hz
2025-07-24 05:22:27,519 - data.real_ligo_integration - INFO - ✅ Successfully loaded real GW150914 strain data: 2048 samples
2025-07-24 05:22:27,519 - data.real_ligo_integration - INFO - 📊 Strain amplitude range: -7.60e-21 to -2.08e-21
2025-07-24 05:22:27,520 - data.real_ligo_integration - INFO - 🔧 Applied 100x normalization for realistic LIGO strain levels
2025-07-24 05:22:27,520 - data.real_ligo_integration - INFO - ✅ GW150914 strain data obtained: 2048 samples
2025-07-24 05:22:27,560 - data.real_ligo_integration - INFO - 🌊 Created proper windowed dataset:
2025-07-24 05:22:27,561 - data.real_ligo_integration - INFO -    Total windows: 7
2025-07-24 05:22:27,561 - data.real_ligo_integration - INFO -    Window size: 512
2025-07-24 05:22:27,610 - data.real_ligo_integration - INFO -    Signal windows (label=1): 3
2025-07-24 05:22:27,661 - data.real_ligo_integration - INFO -    Noise windows (label=0): 4
2025-07-24 05:22:27,716 - data.real_ligo_integration - INFO -    Class balance: 42.9% positive
2025-07-24 05:22:29,120 - utils.data_split - INFO - 📊 Creating stratified split (train: 80.0%):
2025-07-24 05:22:29,120 - utils.data_split - INFO -    Class 0 samples: 4
2025-07-24 05:22:29,121 - utils.data_split - INFO -    Class 1 samples: 3
2025-07-24 05:22:31,921 - utils.data_split - INFO - 📊 Dataset split completed:
2025-07-24 05:22:31,922 - utils.data_split - INFO -    Train: 5 samples
2025-07-24 05:22:31,923 - utils.data_split - INFO -    Test: 2 samples
2025-07-24 05:22:31,992 - utils.data_split - INFO -    Train class balance: 40.0% positive
2025-07-24 05:22:32,053 - utils.data_split - INFO -    Test class balance: 50.0% positive
2025-07-24 05:22:32,166 - utils.data_split - INFO - ✅ Balanced test set: 50.0% positive
2025-07-24 05:22:32,167 - __main__ - INFO -    Generated 5 REAL LIGO training samples
2025-07-24 05:22:32,167 - __main__ - INFO -    Test set: 2 samples for evaluation
2025-07-24 05:22:32,168 - __main__ - INFO - ⏳ Starting real training loop...
2025-07-24 05:22:32,168 - __main__ - INFO -    Training data shape: (5, 512)
2025-07-24 05:22:32,169 - __main__ - INFO -    Labels shape: (5,)
2025-07-24 05:22:32,169 - __main__ - INFO -    Running 3 epochs...
2025-07-24 05:22:32,169 - __main__ - INFO - 🚀 Starting REAL CPC+SNN training pipeline!
2025-07-24 05:22:32,171 - training.training_utils - INFO - JAX devices: [CudaDevice(id=0)]
2025-07-24 05:22:32,171 - training.training_utils - INFO - JAX devices: [CudaDevice(id=0)]
2025-07-24 05:22:32,171 - training.training_utils - INFO - JAX platform: gpu
2025-07-24 05:22:32,171 - training.training_utils - INFO - JAX platform: gpu
2025-07-24 05:22:32,172 - training.training_metrics - INFO - W&B tracking - using existing run
2025-07-24 05:22:32,172 - training.training_metrics - INFO - W&B tracking - using existing run
2025-07-24 05:22:32,172 - training.base_trainer - INFO - Using basic experiment tracker
2025-07-24 05:22:32,172 - training.base_trainer - INFO - Using basic experiment tracker
2025-07-24 05:22:32,173 - training.training_utils - INFO - Configuration saved to outputs/standard_training_4bs/config.json
2025-07-24 05:22:32,173 - training.training_utils - INFO - Configuration saved to outputs/standard_training_4bs/config.json
2025-07-24 05:22:32,175 - training.base_trainer - INFO - Initialized CPCSNNTrainer with config: cpc_snn_gw
2025-07-24 05:22:32,175 - training.base_trainer - INFO - Initialized CPCSNNTrainer with config: cpc_snn_gw
2025-07-24 05:22:36,158 - models.spike_bridge - INFO - ValidatedSpikeBridge initialized: encoding=temporal_contrast, threshold=±0.1, time_steps=16
2025-07-24 05:22:36,158 - models.spike_bridge - INFO - ValidatedSpikeBridge initialized: encoding=temporal_contrast, threshold=±0.1, time_steps=16
2025-07-24 05:22:39,506 - __main__ - INFO -    🔥 Epoch 1/3
2025-07-24 05:22:39,506 - __main__ - INFO -    🔥 Epoch 1/3
2025-07-24 05:22:44,148 - models.spike_bridge - INFO - ValidatedSpikeBridge initialized: encoding=temporal_contrast, threshold=±0.1, time_steps=16
2025-07-24 05:22:44,148 - models.spike_bridge - INFO - ValidatedSpikeBridge initialized: encoding=temporal_contrast, threshold=±0.1, time_steps=16
2025-07-24 05:23:00,675 - models.spike_bridge - INFO - ValidatedSpikeBridge initialized: encoding=temporal_contrast, threshold=±0.1, time_steps=16
2025-07-24 05:23:00,675 - models.spike_bridge - INFO - ValidatedSpikeBridge initialized: encoding=temporal_contrast, threshold=±0.1, time_steps=16
2025-07-24 05:23:05,202 - __main__ - INFO -       Loss: 0.9862, Accuracy: 0.0000
2025-07-24 05:23:05,202 - __main__ - INFO -       Loss: 0.9862, Accuracy: 0.0000
2025-07-24 05:23:05,204 - __main__ - INFO -    🔥 Epoch 2/3
2025-07-24 05:23:05,204 - __main__ - INFO -    🔥 Epoch 2/3
2025-07-24 05:23:05,312 - models.spike_bridge - INFO - ValidatedSpikeBridge initialized: encoding=temporal_contrast, threshold=±0.1, time_steps=16
2025-07-24 05:23:05,312 - models.spike_bridge - INFO - ValidatedSpikeBridge initialized: encoding=temporal_contrast, threshold=±0.1, time_steps=16
2025-07-24 05:23:06,006 - models.spike_bridge - INFO - ValidatedSpikeBridge initialized: encoding=temporal_contrast, threshold=±0.1, time_steps=16
2025-07-24 05:23:06,006 - models.spike_bridge - INFO - ValidatedSpikeBridge initialized: encoding=temporal_contrast, threshold=±0.1, time_steps=16
2025-07-24 05:23:06,657 - __main__ - INFO -       Loss: 0.9846, Accuracy: 0.0000
2025-07-24 05:23:06,657 - __main__ - INFO -       Loss: 0.9846, Accuracy: 0.0000
2025-07-24 05:23:06,658 - __main__ - INFO -    🔥 Epoch 3/3
2025-07-24 05:23:06,658 - __main__ - INFO -    🔥 Epoch 3/3
2025-07-24 05:23:06,755 - models.spike_bridge - INFO - ValidatedSpikeBridge initialized: encoding=temporal_contrast, threshold=±0.1, time_steps=16
2025-07-24 05:23:06,755 - models.spike_bridge - INFO - ValidatedSpikeBridge initialized: encoding=temporal_contrast, threshold=±0.1, time_steps=16
2025-07-24 05:23:07,482 - models.spike_bridge - INFO - ValidatedSpikeBridge initialized: encoding=temporal_contrast, threshold=±0.1, time_steps=16
2025-07-24 05:23:07,482 - models.spike_bridge - INFO - ValidatedSpikeBridge initialized: encoding=temporal_contrast, threshold=±0.1, time_steps=16
2025-07-24 05:23:08,159 - __main__ - INFO -       Loss: 0.9831, Accuracy: 0.0000
2025-07-24 05:23:08,159 - __main__ - INFO -       Loss: 0.9831, Accuracy: 0.0000
2025-07-24 05:23:08,160 - __main__ - INFO - 🎉 REAL Training completed in 36.0s!
2025-07-24 05:23:08,160 - __main__ - INFO - 🎉 REAL Training completed in 36.0s!
2025-07-24 05:23:08,162 - training.test_evaluation - INFO - 
🧪 Evaluating on test set...
2025-07-24 05:23:08,162 - training.test_evaluation - INFO - 
🧪 Evaluating on test set...
2025-07-24 05:23:08,285 - models.spike_bridge - INFO - ValidatedSpikeBridge initialized: encoding=temporal_contrast, threshold=±0.1, time_steps=16
2025-07-24 05:23:08,285 - models.spike_bridge - INFO - ValidatedSpikeBridge initialized: encoding=temporal_contrast, threshold=±0.1, time_steps=16
2025-07-24 05:23:08,964 - models.spike_bridge - INFO - ValidatedSpikeBridge initialized: encoding=temporal_contrast, threshold=±0.1, time_steps=16
2025-07-24 05:23:08,964 - models.spike_bridge - INFO - ValidatedSpikeBridge initialized: encoding=temporal_contrast, threshold=±0.1, time_steps=16
2025-07-24 05:23:09,630 - training.test_evaluation - INFO - 📊 TEST SET ANALYSIS:
2025-07-24 05:23:09,630 - training.test_evaluation - INFO - 📊 TEST SET ANALYSIS:
2025-07-24 05:23:09,631 - training.test_evaluation - INFO -    Test samples: 2
2025-07-24 05:23:09,631 - training.test_evaluation - INFO -    Test samples: 2
2025-07-24 05:23:09,632 - training.test_evaluation - INFO -    True labels - Class 0: 1, Class 1: 1
2025-07-24 05:23:09,632 - training.test_evaluation - INFO -    True labels - Class 0: 1, Class 1: 1
2025-07-24 05:23:09,632 - training.test_evaluation - INFO -    Predictions - Class 0: 2, Class 1: 0
2025-07-24 05:23:09,632 - training.test_evaluation - INFO -    Predictions - Class 0: 2, Class 1: 0
2025-07-24 05:23:09,633 - training.test_evaluation - INFO -    Test accuracy: 50.0%
2025-07-24 05:23:09,633 - training.test_evaluation - INFO -    Test accuracy: 50.0%
2025-07-24 05:23:10,025 - training.test_evaluation - WARNING - 🚨 MODEL ALWAYS PREDICTS CLASS 0 ON TEST SET!
2025-07-24 05:23:10,025 - training.test_evaluation - WARNING - 🚨 MODEL ALWAYS PREDICTS CLASS 0 ON TEST SET!
2025-07-24 05:23:10,026 - training.test_evaluation - WARNING -    This suggests the model didn't learn properly
2025-07-24 05:23:10,026 - training.test_evaluation - WARNING -    This suggests the model didn't learn properly
2025-07-24 05:23:10,026 - training.test_evaluation - INFO - 🔍 TEST PREDICTIONS vs LABELS:
2025-07-24 05:23:10,026 - training.test_evaluation - INFO - 🔍 TEST PREDICTIONS vs LABELS:
2025-07-24 05:23:10,139 - training.test_evaluation - INFO -    Test 0: Pred=0, True=0 ✅
2025-07-24 05:23:10,139 - training.test_evaluation - INFO -    Test 0: Pred=0, True=0 ✅
2025-07-24 05:23:10,143 - training.test_evaluation - INFO -    Test 1: Pred=0, True=1 ❌
2025-07-24 05:23:10,143 - training.test_evaluation - INFO -    Test 1: Pred=0, True=1 ❌
2025-07-24 05:23:10,258 - __main__ - INFO - ======================================================================
🧪 TEST EVALUATION SUMMARY 🧪
======================================================================
Training Accuracy: 0.0%
Test Accuracy: 50.0% (This is the REAL accuracy!)
✅ Realistic accuracy for this challenging task!
🚨 MODEL COLLAPSE: Always predicts class 0
Data Source: Real LIGO GW150914
Epochs: 3
======================================================================
2025-07-24 05:23:10,258 - __main__ - INFO - ======================================================================
🧪 TEST EVALUATION SUMMARY 🧪
======================================================================
Training Accuracy: 0.0%
Test Accuracy: 50.0% (This is the REAL accuracy!)
✅ Realistic accuracy for this challenging task!
🚨 MODEL COLLAPSE: Always predicts class 0
Data Source: Real LIGO GW150914
Epochs: 3
======================================================================
2025-07-24 05:23:10,259 - __main__ - INFO - 🎉 Training completed successfully!
2025-07-24 05:23:10,259 - __main__ - INFO - 🎉 Training completed successfully!
2025-07-24 05:23:10,260 - __main__ - INFO -    - Total epochs: 3
2025-07-24 05:23:10,260 - __main__ - INFO -    - Total epochs: 3
2025-07-24 05:23:10,260 - __main__ - INFO -    - Final loss: 0.9831
2025-07-24 05:23:10,260 - __main__ - INFO -    - Final loss: 0.9831
2025-07-24 05:23:10,261 - __main__ - INFO -    - Training accuracy: 0.0000
2025-07-24 05:23:10,261 - __main__ - INFO -    - Training accuracy: 0.0000
2025-07-24 05:23:10,261 - __main__ - INFO -    - Test accuracy: 0.5000 (REAL accuracy)
2025-07-24 05:23:10,261 - __main__ - INFO -    - Test accuracy: 0.5000 (REAL accuracy)
2025-07-24 05:23:10,261 - __main__ - INFO -    - Training time: 36.0s
2025-07-24 05:23:10,261 - __main__ - INFO -    - Training time: 36.0s
2025-07-24 05:23:10,262 - __main__ - INFO -    Model saved to: /teamspace/studios/this_studio/CPC-SNN-GW/outputs/standard_training_4bs/final_model.orbax
2025-07-24 05:23:10,262 - __main__ - INFO -    Model saved to: /teamspace/studios/this_studio/CPC-SNN-GW/outputs/standard_training_4bs/final_model.orbax
2025-07-24 05:23:10,263 - __main__ - INFO - ✅ Training completed successfully!
2025-07-24 05:23:10,263 - __main__ - INFO - ✅ Training completed successfully!
2025-07-24 05:23:10,263 - __main__ - INFO - 📊 Final metrics: {'final_train_loss': 0.9831091165542603, 'final_train_accuracy': 0.0, 'final_test_accuracy': 0.5, 'final_val_loss': None, 'final_val_accuracy': None, 'total_epochs': 3, 'total_steps': 15, 'best_metric': 0.5, 'training_time_seconds': 35.99042797088623, 'model_params': 250000, 'has_proper_test_set': True, 'model_collapse': True, 'test_analysis': {'test_accuracy': 0.5, 'has_proper_test_set': True, 'data_leakage': False, 'model_collapse': True, 'collapsed_class': 0, 'class_counts_true': {0: 1, 1: 1}, 'class_counts_pred': {0: 2, 1: 0}, 'suspicious_patterns': ['model_collapse'], 'sensitivity': 0.0, 'specificity': 1.0, 'precision': 0.0, 'recall': 0.0, 'f1_score': 0.0, 'predictions': [0, 0], 'true_labels': [0, 1]}}
2025-07-24 05:23:10,263 - __main__ - INFO - 📊 Final metrics: {'final_train_loss': 0.9831091165542603, 'final_train_accuracy': 0.0, 'final_test_accuracy': 0.5, 'final_val_loss': None, 'final_val_accuracy': None, 'total_epochs': 3, 'total_steps': 15, 'best_metric': 0.5, 'training_time_seconds': 35.99042797088623, 'model_params': 250000, 'has_proper_test_set': True, 'model_collapse': True, 'test_analysis': {'test_accuracy': 0.5, 'has_proper_test_set': True, 'data_leakage': False, 'model_collapse': True, 'collapsed_class': 0, 'class_counts_true': {0: 1, 1: 1}, 'class_counts_pred': {0: 2, 1: 0}, 'suspicious_patterns': ['model_collapse'], 'sensitivity': 0.0, 'specificity': 1.0, 'precision': 0.0, 'recall': 0.0, 'f1_score': 0.0, 'predictions': [0, 0], 'true_labels': [0, 1]}}
2025-07-24 05:23:10,264 - __main__ - INFO - 💾 Model saved to: /teamspace/studios/this_studio/CPC-SNN-GW/outputs/standard_training_4bs/final_model.orbax
2025-07-24 05:23:10,264 - __main__ - INFO - 💾 Model saved to: /teamspace/studios/this_studio/CPC-SNN-GW/outputs/standard_training_4bs/final_model.orbax
2025-08-09 22:55:33,922 - training.training_utils - INFO - JAX devices: [CudaDevice(id=0)]
2025-08-09 22:55:33,923 - training.training_utils - INFO - JAX platform: gpu
2025-08-09 22:55:33,924 - training.base_trainer - INFO - Using basic experiment tracker
2025-08-09 22:55:33,928 - training.training_utils - INFO - Configuration saved to outputs/standard_training_4bs/config.json
2025-08-09 22:55:33,928 - training.base_trainer - INFO - Initialized CPCSNNTrainer with config: cpc_snn_gw
2025-08-09 22:55:33,930 - __main__ - INFO - 🚀 Creating CPC+SNN model with SpikeBridge...
2025-08-09 22:55:33,933 - __main__ - INFO - 📊 Creating data loaders...
2025-08-09 22:55:33,945 - data.gw_dataset_builder - WARNING - TensorFlow not available - TFRecord export disabled
2025-08-09 22:55:33,946 - __main__ - INFO -    Creating REAL LIGO dataset with GW150914 data...
2025-08-09 22:55:33,958 - data.real_ligo_integration - INFO - 🚀 Creating ENHANCED dataset with 2000 target samples
2025-08-09 22:55:33,958 - data.real_ligo_integration - INFO -    Enhanced overlap: 90.0%
2025-08-09 22:55:33,959 - data.real_ligo_integration - INFO -    Data augmentation: True
2025-08-09 22:55:33,960 - data.real_ligo_integration - WARNING - ❌ ReadLIGO loading failed: ModuleNotFoundError: No module named 'readligo'
2025-08-09 22:55:33,963 - data.real_ligo_integration - INFO - ✅ Using h5py fallback - loading LOSC HDF5 files directly
2025-08-09 22:55:34,045 - data.real_ligo_integration - INFO - ✅ Successfully loaded real GW150914 strain data (source=h5py): 2048 samples
2025-08-09 22:55:34,046 - data.real_ligo_integration - INFO - 📊 Strain amplitude range: -7.60e-21 to -2.08e-21
2025-08-09 22:55:34,047 - data.real_ligo_integration - INFO - 📡 Processing real LIGO data with enhanced windowing...
2025-08-09 22:55:34,070 - data.real_ligo_integration - INFO - ✅ Real LIGO windows: 72 (vs previous ~15)
2025-08-09 22:55:35,365 - data.real_ligo_integration - INFO - 🔄 Applying data augmentation to real LIGO data...
2025-08-09 22:55:36,424 - data.real_ligo_integration - INFO - ✅ Augmented data: +360 samples
2025-08-09 22:55:37,374 - data.real_ligo_integration - INFO - ✅ Oversampled positives by 104 to reach ~45%
2025-08-09 22:55:37,374 - data.real_ligo_integration - INFO - 🔄 Generating 1464 synthetic GW samples...
2025-08-09 22:56:03,323 - data.real_ligo_integration - INFO - 🎯 ENHANCED DATASET CREATED:
2025-08-09 22:56:03,323 - data.real_ligo_integration - INFO -    Total samples: 2000
2025-08-09 22:56:03,324 - data.real_ligo_integration - INFO -    Window size: 256
2025-08-09 22:56:03,724 - data.real_ligo_integration - INFO -    GW signals: 917 (45.9%)
2025-08-09 22:56:03,919 - data.real_ligo_integration - INFO -    Noise samples: 1083 (54.2%)
2025-08-09 22:56:07,103 - utils.data_split - INFO - 📊 Creating stratified split (train: 80.0%):
2025-08-09 22:56:07,104 - utils.data_split - INFO -    Class 0 samples: 1083
2025-08-09 22:56:07,104 - utils.data_split - INFO -    Class 1 samples: 917
2025-08-09 22:56:13,194 - utils.data_split - INFO - 📊 Dataset split completed:
2025-08-09 22:56:13,194 - utils.data_split - INFO -    Train: 1599 samples
2025-08-09 22:56:13,195 - utils.data_split - INFO -    Test: 401 samples
2025-08-09 22:56:13,399 - utils.data_split - INFO -    Train class balance: 45.8% positive
2025-08-09 22:56:13,593 - utils.data_split - INFO -    Test class balance: 45.9% positive
2025-08-09 22:56:13,956 - utils.data_split - INFO - ✅ Balanced test set: 45.9% positive
2025-08-09 22:56:13,957 - __main__ - INFO -    Enhanced REAL LIGO samples: train=1599, test=401
2025-08-09 22:56:13,958 - __main__ - INFO - ⏳ Starting real training loop...
2025-08-09 22:56:13,958 - __main__ - INFO -    Training data shape: (1599, 256)
2025-08-09 22:56:13,958 - __main__ - INFO -    Labels shape: (1599,)
2025-08-09 22:56:13,959 - __main__ - INFO -    Running 3 epochs...
2025-08-09 22:56:13,959 - __main__ - INFO - 🚀 Starting REAL CPC+SNN training pipeline!
2025-08-09 22:56:13,977 - training.training_utils - INFO - JAX devices: [CudaDevice(id=0)]
2025-08-09 22:56:13,977 - training.training_utils - INFO - JAX devices: [CudaDevice(id=0)]
2025-08-09 22:56:13,978 - training.training_utils - INFO - JAX platform: gpu
2025-08-09 22:56:13,978 - training.training_utils - INFO - JAX platform: gpu
2025-08-09 22:56:13,979 - training.base_trainer - INFO - Using basic experiment tracker
2025-08-09 22:56:13,979 - training.base_trainer - INFO - Using basic experiment tracker
2025-08-09 22:56:13,983 - training.training_utils - INFO - Configuration saved to outputs/standard_training_4bs/config.json
2025-08-09 22:56:13,983 - training.training_utils - INFO - Configuration saved to outputs/standard_training_4bs/config.json
2025-08-09 22:56:13,984 - training.base_trainer - INFO - Initialized CPCSNNTrainer with config: cpc_snn_gw
2025-08-09 22:56:13,984 - training.base_trainer - INFO - Initialized CPCSNNTrainer with config: cpc_snn_gw
2025-08-09 22:57:00,877 - __main__ - INFO -    🔥 Epoch 1/3
2025-08-09 22:57:00,877 - __main__ - INFO -    🔥 Epoch 1/3
2025-08-09 22:59:25,666 - __main__ - INFO -       Step 10/100 loss=0.3590 acc=0.500 | MA20: loss=0.2677 acc=0.400
2025-08-09 22:59:25,666 - __main__ - INFO -       Step 10/100 loss=0.3590 acc=0.500 | MA20: loss=0.2677 acc=0.400
2025-08-09 23:00:05,607 - __main__ - INFO -       Step 20/100 loss=0.1563 acc=0.500 | MA20: loss=0.2505 acc=0.450
2025-08-09 23:00:05,607 - __main__ - INFO -       Step 20/100 loss=0.1563 acc=0.500 | MA20: loss=0.2505 acc=0.450
2025-08-09 23:00:44,114 - __main__ - INFO -       Step 30/100 loss=0.2977 acc=0.250 | MA20: loss=0.2280 acc=0.487
2025-08-09 23:00:44,114 - __main__ - INFO -       Step 30/100 loss=0.2977 acc=0.250 | MA20: loss=0.2280 acc=0.487
2025-08-09 23:01:22,525 - __main__ - INFO -       Step 40/100 loss=0.0751 acc=1.000 | MA20: loss=0.2187 acc=0.438
2025-08-09 23:01:22,525 - __main__ - INFO -       Step 40/100 loss=0.0751 acc=1.000 | MA20: loss=0.2187 acc=0.438
2025-08-09 23:02:01,098 - __main__ - INFO -       Step 50/100 loss=0.1787 acc=0.750 | MA20: loss=0.2099 acc=0.450
2025-08-09 23:02:01,098 - __main__ - INFO -       Step 50/100 loss=0.1787 acc=0.750 | MA20: loss=0.2099 acc=0.450
2025-08-09 23:02:40,420 - __main__ - INFO -       Step 60/100 loss=0.2871 acc=0.250 | MA20: loss=0.1990 acc=0.450
2025-08-09 23:02:40,420 - __main__ - INFO -       Step 60/100 loss=0.2871 acc=0.250 | MA20: loss=0.1990 acc=0.450
2025-08-09 23:03:21,471 - __main__ - INFO -       Step 70/100 loss=0.2614 acc=0.500 | MA20: loss=0.2197 acc=0.412
2025-08-09 23:03:21,471 - __main__ - INFO -       Step 70/100 loss=0.2614 acc=0.500 | MA20: loss=0.2197 acc=0.412
2025-08-09 23:04:01,333 - __main__ - INFO -       Step 80/100 loss=0.3619 acc=0.000 | MA20: loss=0.2504 acc=0.463
2025-08-09 23:04:01,333 - __main__ - INFO -       Step 80/100 loss=0.3619 acc=0.000 | MA20: loss=0.2504 acc=0.463
2025-08-09 23:04:41,496 - __main__ - INFO -       Step 90/100 loss=0.2875 acc=0.500 | MA20: loss=0.2525 acc=0.475
2025-08-09 23:04:41,496 - __main__ - INFO -       Step 90/100 loss=0.2875 acc=0.500 | MA20: loss=0.2525 acc=0.475
2025-08-09 23:05:22,458 - __main__ - INFO -       Step 100/100 loss=0.2520 acc=0.750 | MA20: loss=0.2101 acc=0.512
2025-08-09 23:05:22,458 - __main__ - INFO -       Step 100/100 loss=0.2520 acc=0.750 | MA20: loss=0.2101 acc=0.512
2025-08-09 23:05:22,460 - __main__ - INFO -       Loss: 0.2258, Accuracy: 0.4625
2025-08-09 23:05:22,460 - __main__ - INFO -       Loss: 0.2258, Accuracy: 0.4625
2025-08-09 23:05:22,461 - __main__ - INFO -    🔥 Epoch 2/3
2025-08-09 23:05:22,461 - __main__ - INFO -    🔥 Epoch 2/3
2025-08-09 23:06:03,201 - __main__ - INFO -       Step 10/100 loss=0.2171 acc=0.250 | MA20: loss=0.2171 acc=0.425
2025-08-09 23:06:03,201 - __main__ - INFO -       Step 10/100 loss=0.2171 acc=0.250 | MA20: loss=0.2171 acc=0.425
2025-08-09 23:06:43,868 - __main__ - INFO -       Step 20/100 loss=0.2285 acc=0.750 | MA20: loss=0.2324 acc=0.412
2025-08-09 23:06:43,868 - __main__ - INFO -       Step 20/100 loss=0.2285 acc=0.750 | MA20: loss=0.2324 acc=0.412
2025-08-09 23:07:24,821 - __main__ - INFO -       Step 30/100 loss=0.2035 acc=0.250 | MA20: loss=0.2235 acc=0.463
2025-08-09 23:07:24,821 - __main__ - INFO -       Step 30/100 loss=0.2035 acc=0.250 | MA20: loss=0.2235 acc=0.463
2025-08-09 23:08:05,037 - __main__ - INFO -       Step 40/100 loss=0.1238 acc=0.750 | MA20: loss=0.1842 acc=0.525
2025-08-09 23:08:05,037 - __main__ - INFO -       Step 40/100 loss=0.1238 acc=0.750 | MA20: loss=0.1842 acc=0.525
2025-08-09 23:08:46,633 - __main__ - INFO -       Step 50/100 loss=0.2680 acc=0.500 | MA20: loss=0.1888 acc=0.475
2025-08-09 23:08:46,633 - __main__ - INFO -       Step 50/100 loss=0.2680 acc=0.500 | MA20: loss=0.1888 acc=0.475
2025-08-09 23:09:27,709 - __main__ - INFO -       Step 60/100 loss=0.2884 acc=0.250 | MA20: loss=0.1996 acc=0.438
2025-08-09 23:09:27,709 - __main__ - INFO -       Step 60/100 loss=0.2884 acc=0.250 | MA20: loss=0.1996 acc=0.438
2025-08-09 23:10:09,283 - __main__ - INFO -       Step 70/100 loss=0.1389 acc=0.500 | MA20: loss=0.2023 acc=0.487
2025-08-09 23:10:09,283 - __main__ - INFO -       Step 70/100 loss=0.1389 acc=0.500 | MA20: loss=0.2023 acc=0.487
2025-08-09 23:10:51,045 - __main__ - INFO -       Step 80/100 loss=0.4475 acc=0.250 | MA20: loss=0.1963 acc=0.512
2025-08-09 23:10:51,045 - __main__ - INFO -       Step 80/100 loss=0.4475 acc=0.250 | MA20: loss=0.1963 acc=0.512
2025-08-09 23:11:32,431 - __main__ - INFO -       Step 90/100 loss=0.1698 acc=0.500 | MA20: loss=0.1784 acc=0.487
2025-08-09 23:11:32,431 - __main__ - INFO -       Step 90/100 loss=0.1698 acc=0.500 | MA20: loss=0.1784 acc=0.487
2025-08-09 23:12:13,717 - __main__ - INFO -       Step 100/100 loss=0.3024 acc=0.250 | MA20: loss=0.1920 acc=0.438
2025-08-09 23:12:13,717 - __main__ - INFO -       Step 100/100 loss=0.3024 acc=0.250 | MA20: loss=0.1920 acc=0.438
2025-08-09 23:12:13,719 - __main__ - INFO -       Loss: 0.2009, Accuracy: 0.4650
2025-08-09 23:12:13,719 - __main__ - INFO -       Loss: 0.2009, Accuracy: 0.4650
2025-08-09 23:12:13,719 - __main__ - INFO -    🔥 Epoch 3/3
2025-08-09 23:12:13,719 - __main__ - INFO -    🔥 Epoch 3/3
2025-08-09 23:12:55,967 - __main__ - INFO -       Step 10/100 loss=0.1884 acc=0.500 | MA20: loss=0.2068 acc=0.475
2025-08-09 23:12:55,967 - __main__ - INFO -       Step 10/100 loss=0.1884 acc=0.500 | MA20: loss=0.2068 acc=0.475
2025-08-09 23:13:37,755 - __main__ - INFO -       Step 20/100 loss=0.1945 acc=0.250 | MA20: loss=0.2067 acc=0.450
2025-08-09 23:13:37,755 - __main__ - INFO -       Step 20/100 loss=0.1945 acc=0.250 | MA20: loss=0.2067 acc=0.450
2025-08-09 23:14:19,041 - __main__ - INFO -       Step 30/100 loss=0.1893 acc=0.500 | MA20: loss=0.1776 acc=0.537
2025-08-09 23:14:19,041 - __main__ - INFO -       Step 30/100 loss=0.1893 acc=0.500 | MA20: loss=0.1776 acc=0.537
2025-08-09 23:15:03,403 - __main__ - INFO -       Step 40/100 loss=0.1283 acc=0.500 | MA20: loss=0.1743 acc=0.550
2025-08-09 23:15:03,403 - __main__ - INFO -       Step 40/100 loss=0.1283 acc=0.500 | MA20: loss=0.1743 acc=0.550
2025-08-09 23:15:44,962 - __main__ - INFO -       Step 50/100 loss=0.2175 acc=0.500 | MA20: loss=0.2108 acc=0.463
2025-08-09 23:15:44,962 - __main__ - INFO -       Step 50/100 loss=0.2175 acc=0.500 | MA20: loss=0.2108 acc=0.463
2025-08-09 23:16:27,122 - __main__ - INFO -       Step 60/100 loss=0.2616 acc=0.500 | MA20: loss=0.2136 acc=0.463
2025-08-09 23:16:27,122 - __main__ - INFO -       Step 60/100 loss=0.2616 acc=0.500 | MA20: loss=0.2136 acc=0.463
2025-08-09 23:17:11,093 - __main__ - INFO -       Step 70/100 loss=0.1610 acc=0.750 | MA20: loss=0.1808 acc=0.525
2025-08-09 23:17:11,093 - __main__ - INFO -       Step 70/100 loss=0.1610 acc=0.750 | MA20: loss=0.1808 acc=0.525
2025-08-09 23:17:54,221 - __main__ - INFO -       Step 80/100 loss=0.2359 acc=0.500 | MA20: loss=0.1682 acc=0.550
2025-08-09 23:17:54,221 - __main__ - INFO -       Step 80/100 loss=0.2359 acc=0.500 | MA20: loss=0.1682 acc=0.550
2025-08-09 23:18:38,215 - __main__ - INFO -       Step 90/100 loss=0.1884 acc=0.500 | MA20: loss=0.1832 acc=0.450
2025-08-09 23:18:38,215 - __main__ - INFO -       Step 90/100 loss=0.1884 acc=0.500 | MA20: loss=0.1832 acc=0.450
2025-08-09 23:19:22,098 - __main__ - INFO -       Step 100/100 loss=0.3035 acc=0.500 | MA20: loss=0.1805 acc=0.475
2025-08-09 23:19:22,098 - __main__ - INFO -       Step 100/100 loss=0.3035 acc=0.500 | MA20: loss=0.1805 acc=0.475
2025-08-09 23:19:22,100 - __main__ - INFO -       Loss: 0.1887, Accuracy: 0.4975
2025-08-09 23:19:22,100 - __main__ - INFO -       Loss: 0.1887, Accuracy: 0.4975
2025-08-09 23:19:22,101 - __main__ - INFO - 🎉 REAL Training completed in 1388.1s!
2025-08-09 23:19:22,101 - __main__ - INFO - 🎉 REAL Training completed in 1388.1s!
2025-08-09 23:19:22,113 - training.test_evaluation - INFO - 
🧪 Evaluating on test set...
2025-08-09 23:19:22,113 - training.test_evaluation - INFO - 
🧪 Evaluating on test set...
2025-08-09 23:32:35,774 - training.test_evaluation - INFO - 📊 TEST SET ANALYSIS:
2025-08-09 23:32:35,774 - training.test_evaluation - INFO - 📊 TEST SET ANALYSIS:
2025-08-09 23:32:35,776 - training.test_evaluation - INFO -    Test samples: 401
2025-08-09 23:32:35,776 - training.test_evaluation - INFO -    Test samples: 401
2025-08-09 23:32:35,777 - training.test_evaluation - INFO -    True labels - Class 0: 217, Class 1: 184
2025-08-09 23:32:35,777 - training.test_evaluation - INFO -    True labels - Class 0: 217, Class 1: 184
2025-08-09 23:32:35,778 - training.test_evaluation - INFO -    Predictions - Class 0: 154, Class 1: 247
2025-08-09 23:32:35,778 - training.test_evaluation - INFO -    Predictions - Class 0: 154, Class 1: 247
2025-08-09 23:32:35,780 - training.test_evaluation - INFO -    Test accuracy: 41.9%
2025-08-09 23:32:35,780 - training.test_evaluation - INFO -    Test accuracy: 41.9%
2025-08-09 23:32:38,144 - training.test_evaluation - INFO - 🔍 TEST SUMMARY: 168/401 correct predictions
2025-08-09 23:32:38,144 - training.test_evaluation - INFO - 🔍 TEST SUMMARY: 168/401 correct predictions
2025-08-09 23:32:38,457 - __main__ - INFO - ======================================================================
🧪 TEST EVALUATION SUMMARY 🧪
======================================================================
Training Accuracy: 49.8%
Test Accuracy: 41.9% (This is the REAL accuracy!)
✅ Realistic accuracy for this challenging task!
F1 Score: 0.459
Precision: 0.401
Recall: 0.538
Data Source: Real LIGO GW150914
Epochs: 3
======================================================================
2025-08-09 23:32:38,457 - __main__ - INFO - ======================================================================
🧪 TEST EVALUATION SUMMARY 🧪
======================================================================
Training Accuracy: 49.8%
Test Accuracy: 41.9% (This is the REAL accuracy!)
✅ Realistic accuracy for this challenging task!
F1 Score: 0.459
Precision: 0.401
Recall: 0.538
Data Source: Real LIGO GW150914
Epochs: 3
======================================================================
2025-08-09 23:32:38,459 - __main__ - INFO - 🎉 Training completed successfully!
2025-08-09 23:32:38,459 - __main__ - INFO - 🎉 Training completed successfully!
2025-08-09 23:32:38,460 - __main__ - INFO -    - Total epochs: 3
2025-08-09 23:32:38,460 - __main__ - INFO -    - Total epochs: 3
2025-08-09 23:32:38,461 - __main__ - INFO -    - Final loss: 0.1887
2025-08-09 23:32:38,461 - __main__ - INFO -    - Final loss: 0.1887
2025-08-09 23:32:38,462 - __main__ - INFO -    - Training accuracy: 0.4975
2025-08-09 23:32:38,462 - __main__ - INFO -    - Training accuracy: 0.4975
2025-08-09 23:32:38,463 - __main__ - INFO -    - Test accuracy: 0.4190 (REAL accuracy)
2025-08-09 23:32:38,463 - __main__ - INFO -    - Test accuracy: 0.4190 (REAL accuracy)
2025-08-09 23:32:38,464 - __main__ - INFO -    - Training time: 1388.1s
2025-08-09 23:32:38,464 - __main__ - INFO -    - Training time: 1388.1s
2025-08-09 23:32:38,467 - __main__ - INFO -    Model saved to: /mnt/c/Users/alpph/Documents/CPC-SNN-GW/outputs/standard_training_4bs/final_model.orbax
2025-08-09 23:32:38,467 - __main__ - INFO -    Model saved to: /mnt/c/Users/alpph/Documents/CPC-SNN-GW/outputs/standard_training_4bs/final_model.orbax
2025-08-09 23:32:38,484 - __main__ - INFO - ✅ Training completed successfully!
2025-08-09 23:32:38,484 - __main__ - INFO - ✅ Training completed successfully!
2025-08-09 23:32:38,487 - __main__ - INFO - 📊 Final metrics: {'final_train_loss': 0.18866101548075676, 'final_train_accuracy': 0.4975, 'final_test_accuracy': 0.4189526438713074, 'final_val_loss': None, 'final_val_accuracy': None, 'total_epochs': 3, 'total_steps': 4797, 'best_metric': 0.4189526438713074, 'training_time_seconds': 1388.1417636871338, 'model_params': 250000, 'has_proper_test_set': True, 'model_collapse': False, 'test_analysis': {'test_accuracy': 0.4189526438713074, 'has_proper_test_set': True, 'data_leakage': False, 'model_collapse': False, 'collapsed_class': None, 'class_counts_true': {0: 217, 1: 184}, 'class_counts_pred': {0: 154, 1: 247}, 'suspicious_patterns': [], 'sensitivity': 0.5380434782608695, 'specificity': 0.31797235023041476, 'precision': 0.4008097165991903, 'recall': 0.5380434782608695, 'f1_score': 0.4593967517401392, 'predictions': [1, 1, 0, 1, 1, 1, 1, 1, 1, 1, 1, 0, 0, 1, 1, 1, 0, 1, 1, 0, 1, 0, 1, 1, 1, 1, 1, 1, 1, 0, 0, 1, 1, 1, 0, 1, 1, 1, 1, 1, 0, 1, 1, 0, 1, 1, 1, 1, 1, 1, 1, 1, 1, 1, 1, 1, 0, 0, 1, 1, 0, 0, 1, 1, 0, 0, 0, 0, 1, 0, 1, 1, 1, 0, 0, 0, 1, 0, 1, 1, 1, 1, 1, 0, 1, 0, 1, 1, 1, 1, 1, 1, 1, 0, 1, 0, 0, 0, 1, 1, 0, 1, 1, 0, 1, 0, 1, 0, 0, 0, 0, 0, 1, 0, 1, 1, 1, 1, 0, 1, 0, 1, 1, 1, 0, 0, 0, 0, 1, 1, 1, 1, 1, 1, 0, 0, 1, 1, 1, 0, 0, 0, 0, 1, 1, 0, 1, 1, 1, 1, 1, 0, 1, 0, 1, 0, 1, 1, 0, 0, 1, 1, 1, 0, 1, 1, 1, 1, 1, 1, 1, 0, 1, 1, 1, 0, 1, 0, 1, 1, 0, 1, 0, 0, 1, 0, 1, 1, 0, 1, 0, 1, 0, 0, 1, 0, 1, 0, 1, 1, 1, 1, 1, 1, 0, 1, 1, 0, 1, 0, 0, 0, 1, 0, 1, 0, 0, 1, 1, 1, 0, 1, 1, 0, 0, 1, 0, 1, 1, 0, 0, 0, 0, 0, 1, 0, 0, 1, 1, 0, 1, 1, 1, 1, 1, 1, 1, 0, 1, 0, 1, 1, 1, 0, 1, 0, 0, 1, 1, 1, 1, 1, 1, 1, 1, 1, 1, 0, 1, 1, 1, 1, 1, 1, 0, 0, 1, 1, 1, 0, 0, 0, 0, 1, 1, 1, 1, 1, 0, 1, 1, 1, 0, 1, 1, 0, 1, 0, 1, 1, 0, 0, 0, 1, 1, 0, 1, 1, 1, 1, 1, 0, 0, 0, 0, 0, 1, 1, 1, 0, 1, 0, 0, 0, 0, 0, 0, 0, 0, 1, 1, 1, 1, 0, 1, 0, 0, 1, 1, 0, 1, 0, 1, 1, 1, 1, 1, 0, 1, 0, 1, 0, 1, 0, 1, 1, 1, 0, 0, 0, 1, 1, 1, 0, 1, 1, 1, 1, 1, 1, 1, 0, 1, 0, 1, 1, 0, 0, 1, 0, 0, 0, 1, 1, 0, 1, 1, 1, 1, 0, 0, 0, 0, 0, 1, 0, 1, 1, 1, 0, 0], 'true_labels': [0, 0, 1, 0, 0, 1, 1, 0, 1, 1, 1, 1, 1, 1, 1, 0, 0, 0, 0, 1, 0, 1, 1, 0, 1, 0, 0, 0, 0, 1, 1, 0, 1, 0, 0, 0, 1, 0, 0, 1, 0, 1, 1, 1, 1, 1, 0, 1, 0, 0, 1, 1, 0, 1, 0, 1, 0, 0, 0, 1, 1, 0, 0, 1, 1, 1, 1, 0, 0, 0, 1, 0, 0, 1, 0, 0, 0, 0, 0, 0, 0, 1, 1, 0, 0, 0, 0, 0, 0, 0, 0, 0, 1, 1, 1, 1, 0, 0, 0, 0, 0, 0, 0, 1, 1, 1, 0, 1, 1, 0, 0, 1, 1, 0, 0, 1, 1, 1, 0, 0, 1, 0, 0, 1, 1, 0, 0, 1, 1, 0, 0, 1, 1, 0, 1, 0, 0, 0, 0, 0, 1, 1, 0, 1, 0, 1, 1, 0, 1, 1, 0, 1, 0, 1, 1, 1, 0, 0, 1, 1, 0, 0, 1, 0, 1, 1, 0, 0, 1, 1, 1, 0, 0, 0, 0, 1, 0, 0, 1, 0, 1, 0, 0, 1, 0, 1, 1, 1, 1, 1, 1, 0, 0, 0, 1, 1, 0, 0, 1, 1, 0, 0, 0, 0, 0, 0, 1, 1, 0, 1, 1, 0, 0, 0, 1, 0, 1, 0, 1, 0, 0, 1, 0, 0, 0, 1, 1, 0, 1, 1, 0, 1, 1, 0, 1, 1, 1, 0, 0, 0, 1, 0, 0, 0, 1, 1, 0, 0, 0, 1, 0, 1, 1, 1, 0, 1, 1, 0, 0, 0, 0, 0, 1, 1, 0, 0, 0, 0, 0, 1, 0, 0, 1, 1, 1, 0, 0, 0, 0, 0, 1, 0, 1, 1, 1, 0, 1, 1, 0, 0, 1, 1, 1, 0, 0, 1, 1, 1, 1, 1, 1, 0, 1, 0, 0, 1, 0, 1, 0, 1, 1, 1, 1, 1, 1, 0, 0, 0, 0, 0, 0, 0, 0, 1, 1, 0, 1, 0, 1, 0, 0, 1, 0, 0, 0, 1, 1, 0, 0, 0, 1, 1, 0, 0, 0, 0, 0, 0, 1, 0, 1, 1, 1, 1, 0, 0, 0, 0, 1, 1, 0, 1, 0, 1, 0, 1, 0, 0, 0, 1, 1, 1, 1, 0, 1, 0, 0, 0, 0, 1, 1, 0, 0, 0, 0, 0, 1, 1, 1, 1, 0, 0, 1, 0, 0, 0, 1, 0, 0, 1, 1]}}
2025-08-09 23:32:38,487 - __main__ - INFO - 📊 Final metrics: {'final_train_loss': 0.18866101548075676, 'final_train_accuracy': 0.4975, 'final_test_accuracy': 0.4189526438713074, 'final_val_loss': None, 'final_val_accuracy': None, 'total_epochs': 3, 'total_steps': 4797, 'best_metric': 0.4189526438713074, 'training_time_seconds': 1388.1417636871338, 'model_params': 250000, 'has_proper_test_set': True, 'model_collapse': False, 'test_analysis': {'test_accuracy': 0.4189526438713074, 'has_proper_test_set': True, 'data_leakage': False, 'model_collapse': False, 'collapsed_class': None, 'class_counts_true': {0: 217, 1: 184}, 'class_counts_pred': {0: 154, 1: 247}, 'suspicious_patterns': [], 'sensitivity': 0.5380434782608695, 'specificity': 0.31797235023041476, 'precision': 0.4008097165991903, 'recall': 0.5380434782608695, 'f1_score': 0.4593967517401392, 'predictions': [1, 1, 0, 1, 1, 1, 1, 1, 1, 1, 1, 0, 0, 1, 1, 1, 0, 1, 1, 0, 1, 0, 1, 1, 1, 1, 1, 1, 1, 0, 0, 1, 1, 1, 0, 1, 1, 1, 1, 1, 0, 1, 1, 0, 1, 1, 1, 1, 1, 1, 1, 1, 1, 1, 1, 1, 0, 0, 1, 1, 0, 0, 1, 1, 0, 0, 0, 0, 1, 0, 1, 1, 1, 0, 0, 0, 1, 0, 1, 1, 1, 1, 1, 0, 1, 0, 1, 1, 1, 1, 1, 1, 1, 0, 1, 0, 0, 0, 1, 1, 0, 1, 1, 0, 1, 0, 1, 0, 0, 0, 0, 0, 1, 0, 1, 1, 1, 1, 0, 1, 0, 1, 1, 1, 0, 0, 0, 0, 1, 1, 1, 1, 1, 1, 0, 0, 1, 1, 1, 0, 0, 0, 0, 1, 1, 0, 1, 1, 1, 1, 1, 0, 1, 0, 1, 0, 1, 1, 0, 0, 1, 1, 1, 0, 1, 1, 1, 1, 1, 1, 1, 0, 1, 1, 1, 0, 1, 0, 1, 1, 0, 1, 0, 0, 1, 0, 1, 1, 0, 1, 0, 1, 0, 0, 1, 0, 1, 0, 1, 1, 1, 1, 1, 1, 0, 1, 1, 0, 1, 0, 0, 0, 1, 0, 1, 0, 0, 1, 1, 1, 0, 1, 1, 0, 0, 1, 0, 1, 1, 0, 0, 0, 0, 0, 1, 0, 0, 1, 1, 0, 1, 1, 1, 1, 1, 1, 1, 0, 1, 0, 1, 1, 1, 0, 1, 0, 0, 1, 1, 1, 1, 1, 1, 1, 1, 1, 1, 0, 1, 1, 1, 1, 1, 1, 0, 0, 1, 1, 1, 0, 0, 0, 0, 1, 1, 1, 1, 1, 0, 1, 1, 1, 0, 1, 1, 0, 1, 0, 1, 1, 0, 0, 0, 1, 1, 0, 1, 1, 1, 1, 1, 0, 0, 0, 0, 0, 1, 1, 1, 0, 1, 0, 0, 0, 0, 0, 0, 0, 0, 1, 1, 1, 1, 0, 1, 0, 0, 1, 1, 0, 1, 0, 1, 1, 1, 1, 1, 0, 1, 0, 1, 0, 1, 0, 1, 1, 1, 0, 0, 0, 1, 1, 1, 0, 1, 1, 1, 1, 1, 1, 1, 0, 1, 0, 1, 1, 0, 0, 1, 0, 0, 0, 1, 1, 0, 1, 1, 1, 1, 0, 0, 0, 0, 0, 1, 0, 1, 1, 1, 0, 0], 'true_labels': [0, 0, 1, 0, 0, 1, 1, 0, 1, 1, 1, 1, 1, 1, 1, 0, 0, 0, 0, 1, 0, 1, 1, 0, 1, 0, 0, 0, 0, 1, 1, 0, 1, 0, 0, 0, 1, 0, 0, 1, 0, 1, 1, 1, 1, 1, 0, 1, 0, 0, 1, 1, 0, 1, 0, 1, 0, 0, 0, 1, 1, 0, 0, 1, 1, 1, 1, 0, 0, 0, 1, 0, 0, 1, 0, 0, 0, 0, 0, 0, 0, 1, 1, 0, 0, 0, 0, 0, 0, 0, 0, 0, 1, 1, 1, 1, 0, 0, 0, 0, 0, 0, 0, 1, 1, 1, 0, 1, 1, 0, 0, 1, 1, 0, 0, 1, 1, 1, 0, 0, 1, 0, 0, 1, 1, 0, 0, 1, 1, 0, 0, 1, 1, 0, 1, 0, 0, 0, 0, 0, 1, 1, 0, 1, 0, 1, 1, 0, 1, 1, 0, 1, 0, 1, 1, 1, 0, 0, 1, 1, 0, 0, 1, 0, 1, 1, 0, 0, 1, 1, 1, 0, 0, 0, 0, 1, 0, 0, 1, 0, 1, 0, 0, 1, 0, 1, 1, 1, 1, 1, 1, 0, 0, 0, 1, 1, 0, 0, 1, 1, 0, 0, 0, 0, 0, 0, 1, 1, 0, 1, 1, 0, 0, 0, 1, 0, 1, 0, 1, 0, 0, 1, 0, 0, 0, 1, 1, 0, 1, 1, 0, 1, 1, 0, 1, 1, 1, 0, 0, 0, 1, 0, 0, 0, 1, 1, 0, 0, 0, 1, 0, 1, 1, 1, 0, 1, 1, 0, 0, 0, 0, 0, 1, 1, 0, 0, 0, 0, 0, 1, 0, 0, 1, 1, 1, 0, 0, 0, 0, 0, 1, 0, 1, 1, 1, 0, 1, 1, 0, 0, 1, 1, 1, 0, 0, 1, 1, 1, 1, 1, 1, 0, 1, 0, 0, 1, 0, 1, 0, 1, 1, 1, 1, 1, 1, 0, 0, 0, 0, 0, 0, 0, 0, 1, 1, 0, 1, 0, 1, 0, 0, 1, 0, 0, 0, 1, 1, 0, 0, 0, 1, 1, 0, 0, 0, 0, 0, 0, 1, 0, 1, 1, 1, 1, 0, 0, 0, 0, 1, 1, 0, 1, 0, 1, 0, 1, 0, 0, 0, 1, 1, 1, 1, 0, 1, 0, 0, 0, 0, 1, 1, 0, 0, 0, 0, 0, 1, 1, 1, 1, 0, 0, 1, 0, 0, 0, 1, 0, 0, 1, 1]}}
2025-08-09 23:32:38,488 - __main__ - INFO - 💾 Model saved to: /mnt/c/Users/alpph/Documents/CPC-SNN-GW/outputs/standard_training_4bs/final_model.orbax
2025-08-09 23:32:38,488 - __main__ - INFO - 💾 Model saved to: /mnt/c/Users/alpph/Documents/CPC-SNN-GW/outputs/standard_training_4bs/final_model.orbax
2025-08-09 23:42:34,062 - training.training_utils - INFO - JAX devices: [CudaDevice(id=0)]
2025-08-09 23:42:34,063 - training.training_utils - INFO - JAX platform: gpu
2025-08-09 23:42:34,064 - training.base_trainer - INFO - Using basic experiment tracker
2025-08-09 23:42:34,067 - training.training_utils - INFO - Configuration saved to outputs/standard_training_4bs/config.json
2025-08-09 23:42:34,068 - training.base_trainer - INFO - Initialized CPCSNNTrainer with config: cpc_snn_gw
2025-08-09 23:42:34,070 - __main__ - INFO - 🚀 Creating CPC+SNN model with SpikeBridge...
2025-08-09 23:42:34,073 - __main__ - INFO - 📊 Creating data loaders...
2025-08-09 23:42:34,084 - data.gw_dataset_builder - WARNING - TensorFlow not available - TFRecord export disabled
2025-08-09 23:42:34,085 - __main__ - INFO -    Creating REAL LIGO dataset with GW150914 data...
2025-08-09 23:42:34,118 - data.real_ligo_integration - INFO - 🚀 Creating ENHANCED dataset with 2000 target samples
2025-08-09 23:42:34,119 - data.real_ligo_integration - INFO -    Enhanced overlap: 90.0%
2025-08-09 23:42:34,119 - data.real_ligo_integration - INFO -    Data augmentation: True
2025-08-09 23:42:34,121 - data.real_ligo_integration - WARNING - ❌ ReadLIGO loading failed: ModuleNotFoundError: No module named 'readligo'
2025-08-09 23:42:34,124 - data.real_ligo_integration - INFO - ✅ Using h5py fallback - loading LOSC HDF5 files directly
2025-08-09 23:42:34,211 - data.real_ligo_integration - INFO - ✅ Successfully loaded real GW150914 strain data (source=h5py): 2048 samples
2025-08-09 23:42:34,212 - data.real_ligo_integration - INFO - 📊 Strain amplitude range: -7.60e-21 to -2.08e-21
2025-08-09 23:42:34,212 - data.real_ligo_integration - INFO - 📡 Processing real LIGO data with enhanced windowing...
2025-08-09 23:42:34,235 - data.real_ligo_integration - INFO - ✅ Real LIGO windows: 72 (vs previous ~15)
2025-08-09 23:42:35,517 - data.real_ligo_integration - INFO - 🔄 Applying data augmentation to real LIGO data...
2025-08-09 23:42:36,559 - data.real_ligo_integration - INFO - ✅ Augmented data: +360 samples
2025-08-09 23:42:37,454 - data.real_ligo_integration - INFO - ✅ Oversampled positives by 82 to reach ~40%
2025-08-09 23:42:37,455 - data.real_ligo_integration - INFO - 🔄 Generating 1486 synthetic GW samples...
2025-08-09 23:43:02,762 - data.real_ligo_integration - INFO - 🎯 ENHANCED DATASET CREATED:
2025-08-09 23:43:02,763 - data.real_ligo_integration - INFO -    Total samples: 2000
2025-08-09 23:43:02,763 - data.real_ligo_integration - INFO -    Window size: 256
2025-08-09 23:43:03,183 - data.real_ligo_integration - INFO -    GW signals: 699 (35.0%)
2025-08-09 23:43:03,350 - data.real_ligo_integration - INFO -    Noise samples: 1301 (65.1%)
2025-08-09 23:43:06,477 - utils.data_split - INFO - 📊 Creating stratified split (train: 80.0%):
2025-08-09 23:43:06,477 - utils.data_split - INFO -    Class 0 samples: 1301
2025-08-09 23:43:06,478 - utils.data_split - INFO -    Class 1 samples: 699
2025-08-09 23:43:12,578 - utils.data_split - INFO - 📊 Dataset split completed:
2025-08-09 23:43:12,578 - utils.data_split - INFO -    Train: 1599 samples
2025-08-09 23:43:12,579 - utils.data_split - INFO -    Test: 401 samples
2025-08-09 23:43:12,787 - utils.data_split - INFO -    Train class balance: 35.0% positive
2025-08-09 23:43:12,984 - utils.data_split - INFO -    Test class balance: 34.9% positive
2025-08-09 23:43:13,344 - utils.data_split - INFO - ✅ Balanced test set: 34.9% positive
2025-08-09 23:43:13,345 - __main__ - INFO -    Enhanced REAL LIGO samples: train=1599, test=401
2025-08-09 23:43:13,345 - __main__ - INFO - ⏳ Starting real training loop...
2025-08-09 23:43:13,346 - __main__ - INFO -    Training data shape: (1599, 256)
2025-08-09 23:43:13,346 - __main__ - INFO -    Labels shape: (1599,)
2025-08-09 23:43:13,347 - __main__ - INFO -    Running 1 epochs...
2025-08-09 23:43:13,347 - __main__ - INFO - 🚀 Starting REAL CPC+SNN training pipeline!
2025-08-09 23:43:13,366 - training.training_utils - INFO - JAX devices: [CudaDevice(id=0)]
2025-08-09 23:43:13,366 - training.training_utils - INFO - JAX devices: [CudaDevice(id=0)]
2025-08-09 23:43:13,367 - training.training_utils - INFO - JAX platform: gpu
2025-08-09 23:43:13,367 - training.training_utils - INFO - JAX platform: gpu
2025-08-09 23:43:13,368 - training.base_trainer - INFO - Using basic experiment tracker
2025-08-09 23:43:13,368 - training.base_trainer - INFO - Using basic experiment tracker
2025-08-09 23:43:13,373 - training.training_utils - INFO - Configuration saved to outputs/standard_training_4bs/config.json
2025-08-09 23:43:13,373 - training.training_utils - INFO - Configuration saved to outputs/standard_training_4bs/config.json
2025-08-09 23:43:13,374 - training.base_trainer - INFO - Initialized CPCSNNTrainer with config: cpc_snn_gw
2025-08-09 23:43:13,374 - training.base_trainer - INFO - Initialized CPCSNNTrainer with config: cpc_snn_gw
2025-08-09 23:43:59,869 - __main__ - INFO -    🔥 Epoch 1/1
2025-08-09 23:43:59,869 - __main__ - INFO -    🔥 Epoch 1/1
2025-08-09 23:44:00,596 - __main__ - ERROR - Training loop failed: Error interpreting argument to <function CPCSNNTrainer.train_step at 0x74b20d2cfb00> as an abstract array. The problematic value is of type <class 'training.base_trainer.CPCSNNTrainer'> and was passed to the function at path self.
This typically means that a jit-wrapped function was called with a non-array argument, and this argument was not marked as static using the static_argnums or static_argnames parameters of jax.jit.
2025-08-09 23:44:00,596 - __main__ - ERROR - Training loop failed: Error interpreting argument to <function CPCSNNTrainer.train_step at 0x74b20d2cfb00> as an abstract array. The problematic value is of type <class 'training.base_trainer.CPCSNNTrainer'> and was passed to the function at path self.
This typically means that a jit-wrapped function was called with a non-array argument, and this argument was not marked as static using the static_argnums or static_argnames parameters of jax.jit.
2025-08-09 23:44:00,599 - __main__ - ERROR - ❌ Training failed!
2025-08-09 23:44:00,599 - __main__ - ERROR - ❌ Training failed!
2025-08-09 23:47:31,155 - training.training_utils - INFO - JAX devices: [CudaDevice(id=0)]
2025-08-09 23:47:31,156 - training.training_utils - INFO - JAX platform: gpu
2025-08-09 23:47:31,157 - training.base_trainer - INFO - Using basic experiment tracker
2025-08-09 23:47:31,161 - training.training_utils - INFO - Configuration saved to outputs/standard_training_4bs/config.json
2025-08-09 23:47:31,162 - training.base_trainer - INFO - Initialized CPCSNNTrainer with config: cpc_snn_gw
2025-08-09 23:47:31,164 - __main__ - INFO - 🚀 Creating CPC+SNN model with SpikeBridge...
2025-08-09 23:47:31,166 - __main__ - INFO - 📊 Creating data loaders...
2025-08-09 23:47:31,177 - data.gw_dataset_builder - WARNING - TensorFlow not available - TFRecord export disabled
2025-08-09 23:47:31,177 - __main__ - INFO -    Creating REAL LIGO dataset with GW150914 data...
2025-08-09 23:47:31,207 - data.real_ligo_integration - INFO - 🚀 Creating ENHANCED dataset with 2000 target samples
2025-08-09 23:47:31,208 - data.real_ligo_integration - INFO -    Enhanced overlap: 90.0%
2025-08-09 23:47:31,209 - data.real_ligo_integration - INFO -    Data augmentation: True
2025-08-09 23:47:31,210 - data.real_ligo_integration - WARNING - ❌ ReadLIGO loading failed: ModuleNotFoundError: No module named 'readligo'
2025-08-09 23:47:31,213 - data.real_ligo_integration - INFO - ✅ Using h5py fallback - loading LOSC HDF5 files directly
2025-08-09 23:47:31,296 - data.real_ligo_integration - INFO - ✅ Successfully loaded real GW150914 strain data (source=h5py): 2048 samples
2025-08-09 23:47:31,297 - data.real_ligo_integration - INFO - 📊 Strain amplitude range: -7.60e-21 to -2.08e-21
2025-08-09 23:47:31,297 - data.real_ligo_integration - INFO - 📡 Processing real LIGO data with enhanced windowing...
2025-08-09 23:47:31,320 - data.real_ligo_integration - INFO - ✅ Real LIGO windows: 72 (vs previous ~15)
2025-08-09 23:47:32,602 - data.real_ligo_integration - INFO - 🔄 Applying data augmentation to real LIGO data...
2025-08-09 23:47:33,615 - data.real_ligo_integration - INFO - ✅ Augmented data: +360 samples
2025-08-09 23:47:34,650 - data.real_ligo_integration - INFO - ✅ Oversampled positives by 82 to reach ~40%
2025-08-09 23:47:34,650 - data.real_ligo_integration - INFO - 🔄 Generating 1486 synthetic GW samples...
2025-08-09 23:47:59,904 - data.real_ligo_integration - INFO - 🎯 ENHANCED DATASET CREATED:
2025-08-09 23:47:59,905 - data.real_ligo_integration - INFO -    Total samples: 2000
2025-08-09 23:47:59,905 - data.real_ligo_integration - INFO -    Window size: 256
2025-08-09 23:48:00,346 - data.real_ligo_integration - INFO -    GW signals: 699 (35.0%)
2025-08-09 23:48:00,522 - data.real_ligo_integration - INFO -    Noise samples: 1301 (65.1%)
2025-08-09 23:48:03,805 - utils.data_split - INFO - 📊 Creating stratified split (train: 80.0%):
2025-08-09 23:48:03,806 - utils.data_split - INFO -    Class 0 samples: 1301
2025-08-09 23:48:03,807 - utils.data_split - INFO -    Class 1 samples: 699
2025-08-09 23:48:10,157 - utils.data_split - INFO - 📊 Dataset split completed:
2025-08-09 23:48:10,158 - utils.data_split - INFO -    Train: 1599 samples
2025-08-09 23:48:10,159 - utils.data_split - INFO -    Test: 401 samples
2025-08-09 23:48:10,370 - utils.data_split - INFO -    Train class balance: 35.0% positive
2025-08-09 23:48:10,570 - utils.data_split - INFO -    Test class balance: 34.9% positive
2025-08-09 23:48:10,940 - utils.data_split - INFO - ✅ Balanced test set: 34.9% positive
2025-08-09 23:48:10,941 - __main__ - INFO -    Enhanced REAL LIGO samples: train=1599, test=401
2025-08-09 23:48:10,942 - __main__ - INFO - ⏳ Starting real training loop...
2025-08-09 23:48:10,943 - __main__ - INFO -    Training data shape: (1599, 256)
2025-08-09 23:48:10,943 - __main__ - INFO -    Labels shape: (1599,)
2025-08-09 23:48:10,943 - __main__ - INFO -    Running 1 epochs...
2025-08-09 23:48:10,944 - __main__ - INFO - 🚀 Starting REAL CPC+SNN training pipeline!
2025-08-09 23:48:10,963 - training.training_utils - INFO - JAX devices: [CudaDevice(id=0)]
2025-08-09 23:48:10,963 - training.training_utils - INFO - JAX devices: [CudaDevice(id=0)]
2025-08-09 23:48:10,964 - training.training_utils - INFO - JAX platform: gpu
2025-08-09 23:48:10,964 - training.training_utils - INFO - JAX platform: gpu
2025-08-09 23:48:10,965 - training.base_trainer - INFO - Using basic experiment tracker
2025-08-09 23:48:10,965 - training.base_trainer - INFO - Using basic experiment tracker
2025-08-09 23:48:10,968 - training.training_utils - INFO - Configuration saved to outputs/standard_training_4bs/config.json
2025-08-09 23:48:10,968 - training.training_utils - INFO - Configuration saved to outputs/standard_training_4bs/config.json
2025-08-09 23:48:10,969 - training.base_trainer - INFO - Initialized CPCSNNTrainer with config: cpc_snn_gw
2025-08-09 23:48:10,969 - training.base_trainer - INFO - Initialized CPCSNNTrainer with config: cpc_snn_gw
2025-08-09 23:48:58,747 - __main__ - INFO -    🔥 Epoch 1/1
2025-08-09 23:48:58,747 - __main__ - INFO -    🔥 Epoch 1/1
2025-08-09 23:51:26,713 - __main__ - INFO -       Step 10/150 loss=0.2965 acc=0.500 | MA20: loss=0.3142 acc=0.600
2025-08-09 23:51:26,713 - __main__ - INFO -       Step 10/150 loss=0.2965 acc=0.500 | MA20: loss=0.3142 acc=0.600
2025-08-09 23:52:06,252 - __main__ - INFO -       Step 20/150 loss=0.0987 acc=1.000 | MA20: loss=0.3194 acc=0.550
2025-08-09 23:52:06,252 - __main__ - INFO -       Step 20/150 loss=0.0987 acc=1.000 | MA20: loss=0.3194 acc=0.550
2025-08-09 23:52:45,547 - __main__ - INFO -       Step 30/150 loss=0.2823 acc=0.250 | MA20: loss=0.2897 acc=0.425
2025-08-09 23:52:45,547 - __main__ - INFO -       Step 30/150 loss=0.2823 acc=0.250 | MA20: loss=0.2897 acc=0.425
2025-08-09 23:53:25,219 - __main__ - INFO -       Step 40/150 loss=0.3227 acc=0.250 | MA20: loss=0.2195 acc=0.463
2025-08-09 23:53:25,219 - __main__ - INFO -       Step 40/150 loss=0.3227 acc=0.250 | MA20: loss=0.2195 acc=0.463
2025-08-09 23:54:05,216 - __main__ - INFO -       Step 50/150 loss=0.2187 acc=0.250 | MA20: loss=0.2223 acc=0.562
2025-08-09 23:54:05,216 - __main__ - INFO -       Step 50/150 loss=0.2187 acc=0.250 | MA20: loss=0.2223 acc=0.562
2025-08-09 23:54:44,562 - __main__ - INFO -       Step 60/150 loss=0.4051 acc=0.500 | MA20: loss=0.2264 acc=0.537
2025-08-09 23:54:44,562 - __main__ - INFO -       Step 60/150 loss=0.4051 acc=0.500 | MA20: loss=0.2264 acc=0.537
2025-08-09 23:55:24,579 - __main__ - INFO -       Step 70/150 loss=0.1970 acc=0.500 | MA20: loss=0.1947 acc=0.550
2025-08-09 23:55:24,579 - __main__ - INFO -       Step 70/150 loss=0.1970 acc=0.500 | MA20: loss=0.1947 acc=0.550
2025-08-09 23:56:04,672 - __main__ - INFO -       Step 80/150 loss=0.2364 acc=0.250 | MA20: loss=0.2009 acc=0.537
2025-08-09 23:56:04,672 - __main__ - INFO -       Step 80/150 loss=0.2364 acc=0.250 | MA20: loss=0.2009 acc=0.537
2025-08-09 23:56:44,135 - __main__ - INFO -       Step 90/150 loss=0.0972 acc=1.000 | MA20: loss=0.2011 acc=0.487
2025-08-09 23:56:44,135 - __main__ - INFO -       Step 90/150 loss=0.0972 acc=1.000 | MA20: loss=0.2011 acc=0.487
2025-08-09 23:57:24,655 - __main__ - INFO -       Step 100/150 loss=0.3899 acc=0.250 | MA20: loss=0.2255 acc=0.512
2025-08-09 23:57:24,655 - __main__ - INFO -       Step 100/150 loss=0.3899 acc=0.250 | MA20: loss=0.2255 acc=0.512
2025-08-09 23:58:04,888 - __main__ - INFO -       Step 110/150 loss=0.1139 acc=1.000 | MA20: loss=0.2654 acc=0.537
2025-08-09 23:58:04,888 - __main__ - INFO -       Step 110/150 loss=0.1139 acc=1.000 | MA20: loss=0.2654 acc=0.537
2025-08-09 23:58:46,035 - __main__ - INFO -       Step 120/150 loss=0.0606 acc=1.000 | MA20: loss=0.2513 acc=0.537
2025-08-09 23:58:46,035 - __main__ - INFO -       Step 120/150 loss=0.0606 acc=1.000 | MA20: loss=0.2513 acc=0.537
2025-08-09 23:59:26,647 - __main__ - INFO -       Step 130/150 loss=0.1117 acc=0.250 | MA20: loss=0.2150 acc=0.487
2025-08-09 23:59:26,647 - __main__ - INFO -       Step 130/150 loss=0.1117 acc=0.250 | MA20: loss=0.2150 acc=0.487
2025-08-10 00:00:06,655 - __main__ - INFO -       Step 140/150 loss=0.2381 acc=0.500 | MA20: loss=0.2166 acc=0.463
2025-08-10 00:00:06,655 - __main__ - INFO -       Step 140/150 loss=0.2381 acc=0.500 | MA20: loss=0.2166 acc=0.463
2025-08-10 00:00:46,822 - __main__ - INFO -       Step 150/150 loss=0.2115 acc=0.500 | MA20: loss=0.2104 acc=0.525
2025-08-10 00:00:46,822 - __main__ - INFO -       Step 150/150 loss=0.2115 acc=0.500 | MA20: loss=0.2104 acc=0.525
2025-08-10 00:00:46,824 - __main__ - INFO -       Loss: 0.2341, Accuracy: 0.5167
2025-08-10 00:00:46,824 - __main__ - INFO -       Loss: 0.2341, Accuracy: 0.5167
2025-08-10 00:00:46,824 - __main__ - INFO - 🎉 REAL Training completed in 755.9s!
2025-08-10 00:00:46,824 - __main__ - INFO - 🎉 REAL Training completed in 755.9s!
2025-08-10 00:00:46,835 - training.test_evaluation - INFO - 
🧪 Evaluating on test set...
2025-08-10 00:00:46,835 - training.test_evaluation - INFO - 
🧪 Evaluating on test set...
2025-08-10 00:17:09,779 - training.training_utils - INFO - JAX devices: [CudaDevice(id=0)]
2025-08-10 00:17:09,779 - training.training_utils - INFO - JAX platform: gpu
2025-08-10 00:17:09,780 - training.base_trainer - INFO - Using basic experiment tracker
2025-08-10 00:17:09,784 - training.training_utils - INFO - Configuration saved to outputs/standard_training_4bs/config.json
2025-08-10 00:17:09,784 - training.base_trainer - INFO - Initialized CPCSNNTrainer with config: cpc_snn_gw
2025-08-10 00:17:09,787 - __main__ - INFO - 🚀 Creating CPC+SNN model with SpikeBridge...
2025-08-10 00:17:09,789 - __main__ - INFO - 📊 Creating data loaders...
2025-08-10 00:17:09,800 - data.gw_dataset_builder - WARNING - TensorFlow not available - TFRecord export disabled
2025-08-10 00:17:09,801 - __main__ - INFO -    Creating REAL LIGO dataset with GW150914 data...
2025-08-10 00:17:09,810 - data.real_ligo_integration - INFO - 🚀 Creating ENHANCED dataset with 2000 target samples
2025-08-10 00:17:09,811 - data.real_ligo_integration - INFO -    Enhanced overlap: 90.0%
2025-08-10 00:17:09,811 - data.real_ligo_integration - INFO -    Data augmentation: True
2025-08-10 00:17:09,813 - data.real_ligo_integration - WARNING - ❌ ReadLIGO loading failed: ModuleNotFoundError: No module named 'readligo'
2025-08-10 00:17:09,815 - data.real_ligo_integration - INFO - ✅ Using h5py fallback - loading LOSC HDF5 files directly
2025-08-10 00:17:09,896 - data.real_ligo_integration - INFO - ✅ Successfully loaded real GW150914 strain data (source=h5py): 2048 samples
2025-08-10 00:17:09,897 - data.real_ligo_integration - INFO - 📊 Strain amplitude range: -7.60e-21 to -2.08e-21
2025-08-10 00:17:09,897 - data.real_ligo_integration - INFO - 📡 Processing real LIGO data with enhanced windowing...
2025-08-10 00:17:09,919 - data.real_ligo_integration - INFO - ✅ Real LIGO windows: 72 (vs previous ~15)
2025-08-10 00:17:11,179 - data.real_ligo_integration - INFO - 🔄 Applying data augmentation to real LIGO data...
2025-08-10 00:17:12,181 - data.real_ligo_integration - INFO - ✅ Augmented data: +360 samples
2025-08-10 00:17:13,110 - data.real_ligo_integration - INFO - ✅ Oversampled positives by 82 to reach ~40%
2025-08-10 00:17:13,110 - data.real_ligo_integration - INFO - 🔄 Generating 1486 synthetic GW samples...
2025-08-10 00:17:37,154 - data.real_ligo_integration - INFO - 🎯 ENHANCED DATASET CREATED:
2025-08-10 00:17:37,155 - data.real_ligo_integration - INFO -    Total samples: 2000
2025-08-10 00:17:37,155 - data.real_ligo_integration - INFO -    Window size: 256
2025-08-10 00:17:37,546 - data.real_ligo_integration - INFO -    GW signals: 699 (35.0%)
2025-08-10 00:17:37,717 - data.real_ligo_integration - INFO -    Noise samples: 1301 (65.1%)
2025-08-10 00:17:40,894 - utils.data_split - INFO - 📊 Creating stratified split (train: 80.0%):
2025-08-10 00:17:40,894 - utils.data_split - INFO -    Class 0 samples: 1301
2025-08-10 00:17:40,895 - utils.data_split - INFO -    Class 1 samples: 699
2025-08-10 00:17:46,964 - utils.data_split - INFO - 📊 Dataset split completed:
2025-08-10 00:17:46,965 - utils.data_split - INFO -    Train: 1599 samples
2025-08-10 00:17:46,965 - utils.data_split - INFO -    Test: 401 samples
2025-08-10 00:17:47,187 - utils.data_split - INFO -    Train class balance: 35.0% positive
2025-08-10 00:17:47,381 - utils.data_split - INFO -    Test class balance: 34.9% positive
2025-08-10 00:17:47,730 - utils.data_split - INFO - ✅ Balanced test set: 34.9% positive
2025-08-10 00:17:47,731 - __main__ - INFO -    Enhanced REAL LIGO samples: train=1599, test=401
2025-08-10 00:17:47,731 - __main__ - INFO - ⏳ Starting real training loop...
2025-08-10 00:17:47,732 - __main__ - INFO -    Training data shape: (1599, 256)
2025-08-10 00:17:47,732 - __main__ - INFO -    Labels shape: (1599,)
2025-08-10 00:17:47,733 - __main__ - INFO -    Running 10 epochs...
2025-08-10 00:17:47,733 - __main__ - INFO - 🚀 Starting REAL CPC+SNN training pipeline!
2025-08-10 00:17:47,751 - training.training_utils - INFO - JAX devices: [CudaDevice(id=0)]
2025-08-10 00:17:47,751 - training.training_utils - INFO - JAX devices: [CudaDevice(id=0)]
2025-08-10 00:17:47,752 - training.training_utils - INFO - JAX platform: gpu
2025-08-10 00:17:47,752 - training.training_utils - INFO - JAX platform: gpu
2025-08-10 00:17:47,754 - training.base_trainer - INFO - Using basic experiment tracker
2025-08-10 00:17:47,754 - training.base_trainer - INFO - Using basic experiment tracker
2025-08-10 00:17:47,758 - training.training_utils - INFO - Configuration saved to outputs/standard_training_4bs/config.json
2025-08-10 00:17:47,758 - training.training_utils - INFO - Configuration saved to outputs/standard_training_4bs/config.json
2025-08-10 00:17:47,760 - training.base_trainer - INFO - Initialized CPCSNNTrainer with config: cpc_snn_gw
2025-08-10 00:17:47,760 - training.base_trainer - INFO - Initialized CPCSNNTrainer with config: cpc_snn_gw
2025-08-10 00:18:33,356 - __main__ - INFO -    🔥 Epoch 1/10
2025-08-10 00:18:33,356 - __main__ - INFO -    🔥 Epoch 1/10
2025-08-10 00:21:36,676 - __main__ - INFO -       Step 10/150 loss=0.3625 acc=0.250 | MA20: loss=0.2898 acc=0.550
2025-08-10 00:21:36,676 - __main__ - INFO -       Step 10/150 loss=0.3625 acc=0.250 | MA20: loss=0.2898 acc=0.550
2025-08-10 00:22:54,253 - __main__ - INFO -       Step 20/150 loss=0.1388 acc=0.750 | MA20: loss=0.2852 acc=0.500
2025-08-10 00:22:54,253 - __main__ - INFO -       Step 20/150 loss=0.1388 acc=0.750 | MA20: loss=0.2852 acc=0.500
2025-08-10 00:24:13,921 - __main__ - INFO -       Step 30/150 loss=0.3732 acc=0.500 | MA20: loss=0.2664 acc=0.487
2025-08-10 00:24:13,921 - __main__ - INFO -       Step 30/150 loss=0.3732 acc=0.500 | MA20: loss=0.2664 acc=0.487
2025-08-10 00:25:36,112 - __main__ - INFO -       Step 40/150 loss=0.3827 acc=0.250 | MA20: loss=0.2229 acc=0.550
2025-08-10 00:25:36,112 - __main__ - INFO -       Step 40/150 loss=0.3827 acc=0.250 | MA20: loss=0.2229 acc=0.550
2025-08-10 00:26:56,564 - __main__ - INFO -       Step 50/150 loss=0.3084 acc=0.500 | MA20: loss=0.2258 acc=0.575
2025-08-10 00:26:56,564 - __main__ - INFO -       Step 50/150 loss=0.3084 acc=0.500 | MA20: loss=0.2258 acc=0.575
2025-08-10 00:28:18,088 - __main__ - INFO -       Step 60/150 loss=0.4667 acc=0.250 | MA20: loss=0.2516 acc=0.525
2025-08-10 00:28:18,088 - __main__ - INFO -       Step 60/150 loss=0.4667 acc=0.250 | MA20: loss=0.2516 acc=0.525
2025-08-10 00:29:39,837 - __main__ - INFO -       Step 70/150 loss=0.1980 acc=0.500 | MA20: loss=0.2206 acc=0.525
2025-08-10 00:29:39,837 - __main__ - INFO -       Step 70/150 loss=0.1980 acc=0.500 | MA20: loss=0.2206 acc=0.525
2025-08-10 00:31:02,677 - __main__ - INFO -       Step 80/150 loss=0.3031 acc=0.500 | MA20: loss=0.2196 acc=0.487
2025-08-10 00:31:02,677 - __main__ - INFO -       Step 80/150 loss=0.3031 acc=0.500 | MA20: loss=0.2196 acc=0.487
2025-08-10 00:32:25,781 - __main__ - INFO -       Step 90/150 loss=0.1696 acc=0.750 | MA20: loss=0.2353 acc=0.463
2025-08-10 00:32:25,781 - __main__ - INFO -       Step 90/150 loss=0.1696 acc=0.750 | MA20: loss=0.2353 acc=0.463
2025-08-10 00:33:47,915 - __main__ - INFO -       Step 100/150 loss=0.1927 acc=0.250 | MA20: loss=0.2183 acc=0.525
2025-08-10 00:33:47,915 - __main__ - INFO -       Step 100/150 loss=0.1927 acc=0.250 | MA20: loss=0.2183 acc=0.525
2025-08-10 00:35:11,282 - __main__ - INFO -       Step 110/150 loss=0.1584 acc=0.750 | MA20: loss=0.2339 acc=0.512
2025-08-10 00:35:11,282 - __main__ - INFO -       Step 110/150 loss=0.1584 acc=0.750 | MA20: loss=0.2339 acc=0.512
2025-08-10 00:36:32,730 - __main__ - INFO -       Step 120/150 loss=0.0907 acc=0.750 | MA20: loss=0.2365 acc=0.500
2025-08-10 00:36:32,730 - __main__ - INFO -       Step 120/150 loss=0.0907 acc=0.750 | MA20: loss=0.2365 acc=0.500
2025-08-10 00:37:58,246 - __main__ - INFO -       Step 130/150 loss=0.0795 acc=1.000 | MA20: loss=0.2084 acc=0.550
2025-08-10 00:37:58,246 - __main__ - INFO -       Step 130/150 loss=0.0795 acc=1.000 | MA20: loss=0.2084 acc=0.550
2025-08-10 00:39:22,892 - __main__ - INFO -       Step 140/150 loss=0.2008 acc=0.500 | MA20: loss=0.2022 acc=0.588
2025-08-10 00:39:22,892 - __main__ - INFO -       Step 140/150 loss=0.2008 acc=0.500 | MA20: loss=0.2022 acc=0.588
2025-08-10 00:40:47,409 - __main__ - INFO -       Step 150/150 loss=0.2344 acc=0.250 | MA20: loss=0.1928 acc=0.588
2025-08-10 00:40:47,409 - __main__ - INFO -       Step 150/150 loss=0.2344 acc=0.250 | MA20: loss=0.1928 acc=0.588
2025-08-10 00:40:47,411 - __main__ - INFO -       Loss: 0.2304, Accuracy: 0.5300
2025-08-10 00:40:47,411 - __main__ - INFO -       Loss: 0.2304, Accuracy: 0.5300
2025-08-10 00:40:47,412 - __main__ - INFO -    🔥 Epoch 2/10
2025-08-10 00:40:47,412 - __main__ - INFO -    🔥 Epoch 2/10
2025-08-10 00:42:13,025 - __main__ - INFO -       Step 10/150 loss=0.2233 acc=0.500 | MA20: loss=0.2600 acc=0.425
2025-08-10 00:42:13,025 - __main__ - INFO -       Step 10/150 loss=0.2233 acc=0.500 | MA20: loss=0.2600 acc=0.425
2025-08-10 00:43:38,786 - __main__ - INFO -       Step 20/150 loss=0.2489 acc=0.500 | MA20: loss=0.2691 acc=0.375
2025-08-10 00:43:38,786 - __main__ - INFO -       Step 20/150 loss=0.2489 acc=0.500 | MA20: loss=0.2691 acc=0.375
2025-08-10 00:45:06,020 - __main__ - INFO -       Step 30/150 loss=0.2377 acc=0.250 | MA20: loss=0.2630 acc=0.425
2025-08-10 00:45:06,020 - __main__ - INFO -       Step 30/150 loss=0.2377 acc=0.250 | MA20: loss=0.2630 acc=0.425
2025-08-10 00:46:33,342 - __main__ - INFO -       Step 40/150 loss=0.3365 acc=0.000 | MA20: loss=0.2090 acc=0.550
2025-08-10 00:46:33,342 - __main__ - INFO -       Step 40/150 loss=0.3365 acc=0.000 | MA20: loss=0.2090 acc=0.550
2025-08-10 00:48:00,188 - __main__ - INFO -       Step 50/150 loss=0.2844 acc=0.250 | MA20: loss=0.2050 acc=0.575
2025-08-10 00:48:00,188 - __main__ - INFO -       Step 50/150 loss=0.2844 acc=0.250 | MA20: loss=0.2050 acc=0.575
2025-08-10 00:49:30,839 - __main__ - INFO -       Step 60/150 loss=0.4026 acc=0.250 | MA20: loss=0.2340 acc=0.525
2025-08-10 00:49:30,839 - __main__ - INFO -       Step 60/150 loss=0.4026 acc=0.250 | MA20: loss=0.2340 acc=0.525
2025-08-10 00:50:58,804 - __main__ - INFO -       Step 70/150 loss=0.2183 acc=0.250 | MA20: loss=0.2314 acc=0.475
2025-08-10 00:50:58,804 - __main__ - INFO -       Step 70/150 loss=0.2183 acc=0.250 | MA20: loss=0.2314 acc=0.475
2025-08-10 00:52:34,975 - __main__ - INFO -       Step 80/150 loss=0.3108 acc=0.500 | MA20: loss=0.2172 acc=0.525
2025-08-10 00:52:34,975 - __main__ - INFO -       Step 80/150 loss=0.3108 acc=0.500 | MA20: loss=0.2172 acc=0.525
2025-08-10 00:54:11,652 - __main__ - INFO -       Step 90/150 loss=0.1017 acc=1.000 | MA20: loss=0.2137 acc=0.525
2025-08-10 00:54:11,652 - __main__ - INFO -       Step 90/150 loss=0.1017 acc=1.000 | MA20: loss=0.2137 acc=0.525
2025-08-10 00:55:40,042 - __main__ - INFO -       Step 100/150 loss=0.2515 acc=0.250 | MA20: loss=0.2125 acc=0.500
2025-08-10 00:55:40,042 - __main__ - INFO -       Step 100/150 loss=0.2515 acc=0.250 | MA20: loss=0.2125 acc=0.500
2025-08-10 00:57:09,457 - __main__ - INFO -       Step 110/150 loss=0.1485 acc=1.000 | MA20: loss=0.2288 acc=0.500
2025-08-10 00:57:09,457 - __main__ - INFO -       Step 110/150 loss=0.1485 acc=1.000 | MA20: loss=0.2288 acc=0.500
2025-08-10 00:58:41,573 - __main__ - INFO -       Step 120/150 loss=0.0625 acc=0.750 | MA20: loss=0.2383 acc=0.450
2025-08-10 00:58:41,573 - __main__ - INFO -       Step 120/150 loss=0.0625 acc=0.750 | MA20: loss=0.2383 acc=0.450
2025-08-10 01:00:11,786 - __main__ - INFO -       Step 130/150 loss=0.1559 acc=0.250 | MA20: loss=0.2028 acc=0.463
2025-08-10 01:00:11,786 - __main__ - INFO -       Step 130/150 loss=0.1559 acc=0.250 | MA20: loss=0.2028 acc=0.463
2025-08-10 01:01:35,083 - __main__ - INFO -       Step 140/150 loss=0.2887 acc=0.250 | MA20: loss=0.1977 acc=0.512
2025-08-10 01:01:35,083 - __main__ - INFO -       Step 140/150 loss=0.2887 acc=0.250 | MA20: loss=0.1977 acc=0.512
2025-08-10 01:02:59,032 - __main__ - INFO -       Step 150/150 loss=0.1627 acc=0.750 | MA20: loss=0.1900 acc=0.575
2025-08-10 01:02:59,032 - __main__ - INFO -       Step 150/150 loss=0.1627 acc=0.750 | MA20: loss=0.1900 acc=0.575
2025-08-10 01:02:59,033 - __main__ - INFO -       Loss: 0.2219, Accuracy: 0.5000
2025-08-10 01:02:59,033 - __main__ - INFO -       Loss: 0.2219, Accuracy: 0.5000
2025-08-10 01:02:59,034 - __main__ - INFO -    🔥 Epoch 3/10
2025-08-10 01:02:59,034 - __main__ - INFO -    🔥 Epoch 3/10
2025-08-10 01:04:22,768 - __main__ - INFO -       Step 10/150 loss=0.1818 acc=0.500 | MA20: loss=0.2043 acc=0.525
2025-08-10 01:04:22,768 - __main__ - INFO -       Step 10/150 loss=0.1818 acc=0.500 | MA20: loss=0.2043 acc=0.525
2025-08-10 01:05:46,554 - __main__ - INFO -       Step 20/150 loss=0.2174 acc=0.500 | MA20: loss=0.2066 acc=0.475
2025-08-10 01:05:46,554 - __main__ - INFO -       Step 20/150 loss=0.2174 acc=0.500 | MA20: loss=0.2066 acc=0.475
2025-08-10 01:07:09,506 - __main__ - INFO -       Step 30/150 loss=0.3246 acc=0.250 | MA20: loss=0.2159 acc=0.450
2025-08-10 01:07:09,506 - __main__ - INFO -       Step 30/150 loss=0.3246 acc=0.250 | MA20: loss=0.2159 acc=0.450
2025-08-10 01:08:32,639 - __main__ - INFO -       Step 40/150 loss=0.2064 acc=0.500 | MA20: loss=0.1945 acc=0.562
2025-08-10 01:08:32,639 - __main__ - INFO -       Step 40/150 loss=0.2064 acc=0.500 | MA20: loss=0.1945 acc=0.562
2025-08-10 01:09:55,758 - __main__ - INFO -       Step 50/150 loss=0.1980 acc=0.500 | MA20: loss=0.1940 acc=0.562
2025-08-10 01:09:55,758 - __main__ - INFO -       Step 50/150 loss=0.1980 acc=0.500 | MA20: loss=0.1940 acc=0.562
2025-08-10 01:11:22,053 - __main__ - INFO -       Step 60/150 loss=0.7381 acc=0.250 | MA20: loss=0.2401 acc=0.438
2025-08-10 01:11:22,053 - __main__ - INFO -       Step 60/150 loss=0.7381 acc=0.250 | MA20: loss=0.2401 acc=0.438
2025-08-10 01:12:47,249 - __main__ - INFO -       Step 70/150 loss=0.2510 acc=0.250 | MA20: loss=0.2339 acc=0.463
2025-08-10 01:12:47,249 - __main__ - INFO -       Step 70/150 loss=0.2510 acc=0.250 | MA20: loss=0.2339 acc=0.463
2025-08-10 01:14:12,679 - __main__ - INFO -       Step 80/150 loss=0.1991 acc=0.500 | MA20: loss=0.2022 acc=0.500
2025-08-10 01:14:12,679 - __main__ - INFO -       Step 80/150 loss=0.1991 acc=0.500 | MA20: loss=0.2022 acc=0.500
2025-08-10 01:15:38,491 - __main__ - INFO -       Step 90/150 loss=0.1841 acc=0.750 | MA20: loss=0.1856 acc=0.512
2025-08-10 01:15:38,491 - __main__ - INFO -       Step 90/150 loss=0.1841 acc=0.750 | MA20: loss=0.1856 acc=0.512
2025-08-10 01:17:03,486 - __main__ - INFO -       Step 100/150 loss=0.2800 acc=0.250 | MA20: loss=0.1985 acc=0.512
2025-08-10 01:17:03,486 - __main__ - INFO -       Step 100/150 loss=0.2800 acc=0.250 | MA20: loss=0.1985 acc=0.512
2025-08-10 01:18:26,895 - __main__ - INFO -       Step 110/150 loss=0.1589 acc=0.500 | MA20: loss=0.2361 acc=0.425
2025-08-10 01:18:26,895 - __main__ - INFO -       Step 110/150 loss=0.1589 acc=0.500 | MA20: loss=0.2361 acc=0.425
2025-08-10 01:19:52,022 - __main__ - INFO -       Step 120/150 loss=0.0605 acc=0.750 | MA20: loss=0.2151 acc=0.450
2025-08-10 01:19:52,022 - __main__ - INFO -       Step 120/150 loss=0.0605 acc=0.750 | MA20: loss=0.2151 acc=0.450
2025-08-10 01:21:15,673 - __main__ - INFO -       Step 130/150 loss=0.0815 acc=0.750 | MA20: loss=0.1887 acc=0.550
2025-08-10 01:21:15,673 - __main__ - INFO -       Step 130/150 loss=0.0815 acc=0.750 | MA20: loss=0.1887 acc=0.550
2025-08-10 01:22:40,952 - __main__ - INFO -       Step 140/150 loss=0.2058 acc=0.500 | MA20: loss=0.1980 acc=0.525
2025-08-10 01:22:40,952 - __main__ - INFO -       Step 140/150 loss=0.2058 acc=0.500 | MA20: loss=0.1980 acc=0.525
2025-08-10 01:24:07,527 - __main__ - INFO -       Step 150/150 loss=0.1681 acc=0.750 | MA20: loss=0.1788 acc=0.537
2025-08-10 01:24:07,527 - __main__ - INFO -       Step 150/150 loss=0.1681 acc=0.750 | MA20: loss=0.1788 acc=0.537
2025-08-10 01:24:07,529 - __main__ - INFO -       Loss: 0.2047, Accuracy: 0.5017
2025-08-10 01:24:07,529 - __main__ - INFO -       Loss: 0.2047, Accuracy: 0.5017
2025-08-10 01:24:07,530 - __main__ - INFO -    🔥 Epoch 4/10
2025-08-10 01:24:07,530 - __main__ - INFO -    🔥 Epoch 4/10
2025-08-10 01:25:32,393 - __main__ - INFO -       Step 10/150 loss=0.2373 acc=0.250 | MA20: loss=0.2522 acc=0.400
2025-08-10 01:25:32,393 - __main__ - INFO -       Step 10/150 loss=0.2373 acc=0.250 | MA20: loss=0.2522 acc=0.400
2025-08-10 01:27:00,748 - __main__ - INFO -       Step 20/150 loss=0.1411 acc=0.750 | MA20: loss=0.2415 acc=0.475
2025-08-10 01:27:00,748 - __main__ - INFO -       Step 20/150 loss=0.1411 acc=0.750 | MA20: loss=0.2415 acc=0.475
2025-08-10 01:28:28,677 - __main__ - INFO -       Step 30/150 loss=0.4195 acc=0.250 | MA20: loss=0.2287 acc=0.550
2025-08-10 01:28:28,677 - __main__ - INFO -       Step 30/150 loss=0.4195 acc=0.250 | MA20: loss=0.2287 acc=0.550
2025-08-10 01:29:56,090 - __main__ - INFO -       Step 40/150 loss=0.2419 acc=0.000 | MA20: loss=0.1972 acc=0.537
2025-08-10 01:29:56,090 - __main__ - INFO -       Step 40/150 loss=0.2419 acc=0.000 | MA20: loss=0.1972 acc=0.537
2025-08-10 01:31:23,446 - __main__ - INFO -       Step 50/150 loss=0.2622 acc=0.250 | MA20: loss=0.1960 acc=0.475
2025-08-10 01:31:23,446 - __main__ - INFO -       Step 50/150 loss=0.2622 acc=0.250 | MA20: loss=0.1960 acc=0.475
2025-08-10 01:47:57,960 - training.training_utils - INFO - JAX devices: [CudaDevice(id=0)]
2025-08-10 01:47:57,961 - training.training_utils - INFO - JAX platform: gpu
2025-08-10 01:47:57,962 - training.base_trainer - INFO - Using basic experiment tracker
2025-08-10 01:47:57,966 - training.training_utils - INFO - Configuration saved to outputs/standard_training_4bs/config.json
2025-08-10 01:47:57,967 - training.base_trainer - INFO - Initialized CPCSNNTrainer with config: cpc_snn_gw
2025-08-10 01:47:57,969 - __main__ - INFO - 🚀 Creating CPC+SNN model with SpikeBridge...
2025-08-10 01:47:57,971 - __main__ - INFO - 📊 Creating data loaders...
2025-08-10 01:47:57,982 - data.gw_dataset_builder - WARNING - TensorFlow not available - TFRecord export disabled
2025-08-10 01:47:57,983 - __main__ - INFO -    Creating REAL LIGO dataset with GW150914 data...
2025-08-10 01:47:58,046 - data.pycbc_integration - WARNING - PyCBC not available: No module named 'pycbc'
2025-08-10 01:47:58,047 - data.real_ligo_integration - INFO - 🚀 Creating ENHANCED dataset with 2000 target samples
2025-08-10 01:47:58,047 - data.real_ligo_integration - INFO -    Enhanced overlap: 90.0%
2025-08-10 01:47:58,048 - data.real_ligo_integration - INFO -    Data augmentation: True
2025-08-10 01:47:58,050 - data.real_ligo_integration - WARNING - ❌ ReadLIGO loading failed: ModuleNotFoundError: No module named 'readligo'
2025-08-10 01:47:58,053 - data.real_ligo_integration - INFO - ✅ Using h5py fallback - loading LOSC HDF5 files directly
2025-08-10 01:47:58,156 - data.real_ligo_integration - INFO - ✅ Successfully loaded real GW150914 strain data (source=h5py): 2048 samples
2025-08-10 01:47:58,156 - data.real_ligo_integration - INFO - 📊 Strain amplitude range: -7.60e-21 to -2.08e-21
2025-08-10 01:47:58,157 - data.real_ligo_integration - INFO - 📡 Processing real LIGO data with enhanced windowing...
2025-08-10 01:47:58,179 - data.real_ligo_integration - INFO - ✅ Real LIGO windows: 72 (vs previous ~15)
2025-08-10 01:47:59,540 - data.real_ligo_integration - INFO - 🔄 Applying data augmentation to real LIGO data...
2025-08-10 01:48:00,600 - data.real_ligo_integration - INFO - ✅ Augmented data: +360 samples
2025-08-10 01:48:01,617 - data.real_ligo_integration - INFO - ✅ Oversampled positives by 82 to reach ~40%
2025-08-10 01:48:01,618 - data.real_ligo_integration - INFO - 🔄 Generating 1486 synthetic GW samples...
2025-08-10 01:48:26,099 - data.real_ligo_integration - INFO - 🎯 ENHANCED DATASET CREATED:
2025-08-10 01:48:26,100 - data.real_ligo_integration - INFO -    Total samples: 2000
2025-08-10 01:48:26,101 - data.real_ligo_integration - INFO -    Window size: 256
2025-08-10 01:48:26,507 - data.real_ligo_integration - INFO -    GW signals: 699 (35.0%)
2025-08-10 01:48:26,676 - data.real_ligo_integration - INFO -    Noise samples: 1301 (65.1%)
2025-08-10 01:48:29,910 - utils.data_split - INFO - 📊 Creating stratified split (train: 80.0%):
2025-08-10 01:48:29,911 - utils.data_split - INFO -    Class 0 samples: 1301
2025-08-10 01:48:29,912 - utils.data_split - INFO -    Class 1 samples: 699
2025-08-10 01:48:36,105 - utils.data_split - INFO - 📊 Dataset split completed:
2025-08-10 01:48:36,106 - utils.data_split - INFO -    Train: 1599 samples
2025-08-10 01:48:36,106 - utils.data_split - INFO -    Test: 401 samples
2025-08-10 01:48:36,327 - utils.data_split - INFO -    Train class balance: 35.0% positive
2025-08-10 01:48:36,536 - utils.data_split - INFO -    Test class balance: 34.9% positive
2025-08-10 01:48:36,893 - utils.data_split - INFO - ✅ Balanced test set: 34.9% positive
2025-08-10 01:48:36,894 - __main__ - INFO -    Enhanced REAL LIGO samples: train=1599, test=401
2025-08-10 01:48:36,894 - __main__ - INFO - ⏳ Starting real training loop...
2025-08-10 01:48:36,895 - __main__ - INFO -    Training data shape: (1599, 256)
2025-08-10 01:48:36,895 - __main__ - INFO -    Labels shape: (1599,)
2025-08-10 01:48:36,896 - __main__ - INFO -    Running 2 epochs...
2025-08-10 01:48:36,896 - __main__ - INFO - 🚀 Starting REAL CPC+SNN training pipeline!
2025-08-10 01:48:36,916 - training.training_utils - INFO - JAX devices: [CudaDevice(id=0)]
2025-08-10 01:48:36,916 - training.training_utils - INFO - JAX devices: [CudaDevice(id=0)]
2025-08-10 01:48:36,918 - training.training_utils - INFO - JAX platform: gpu
2025-08-10 01:48:36,918 - training.training_utils - INFO - JAX platform: gpu
2025-08-10 01:48:36,920 - training.base_trainer - INFO - Using basic experiment tracker
2025-08-10 01:48:36,920 - training.base_trainer - INFO - Using basic experiment tracker
2025-08-10 01:48:36,926 - training.training_utils - INFO - Configuration saved to outputs/standard_training_4bs/config.json
2025-08-10 01:48:36,926 - training.training_utils - INFO - Configuration saved to outputs/standard_training_4bs/config.json
2025-08-10 01:48:36,927 - training.base_trainer - INFO - Initialized CPCSNNTrainer with config: cpc_snn_gw
2025-08-10 01:48:36,927 - training.base_trainer - INFO - Initialized CPCSNNTrainer with config: cpc_snn_gw
2025-08-10 01:49:32,703 - __main__ - INFO -    🔥 Epoch 1/2
2025-08-10 01:49:32,703 - __main__ - INFO -    🔥 Epoch 1/2
2025-08-10 01:52:46,054 - __main__ - INFO -       Step 10/150 loss=0.5848 acc=0.500 | MA20: loss=0.4329 acc=0.325
2025-08-10 01:52:46,054 - __main__ - INFO -       Step 10/150 loss=0.5848 acc=0.500 | MA20: loss=0.4329 acc=0.325
2025-08-10 01:54:03,824 - __main__ - INFO -       Step 20/150 loss=0.3344 acc=0.500 | MA20: loss=0.3962 acc=0.362
2025-08-10 01:54:03,824 - __main__ - INFO -       Step 20/150 loss=0.3344 acc=0.500 | MA20: loss=0.3962 acc=0.362
2025-08-10 01:55:22,088 - __main__ - INFO -       Step 30/150 loss=0.2863 acc=0.250 | MA20: loss=0.3580 acc=0.375
2025-08-10 01:55:22,088 - __main__ - INFO -       Step 30/150 loss=0.2863 acc=0.250 | MA20: loss=0.3580 acc=0.375
2025-08-10 01:56:40,483 - __main__ - INFO -       Step 40/150 loss=0.3090 acc=0.250 | MA20: loss=0.3316 acc=0.362
2025-08-10 01:56:40,483 - __main__ - INFO -       Step 40/150 loss=0.3090 acc=0.250 | MA20: loss=0.3316 acc=0.362
2025-08-10 01:57:59,796 - __main__ - INFO -       Step 50/150 loss=0.3270 acc=0.500 | MA20: loss=0.3008 acc=0.388
2025-08-10 01:57:59,796 - __main__ - INFO -       Step 50/150 loss=0.3270 acc=0.500 | MA20: loss=0.3008 acc=0.388
2025-08-10 01:59:19,719 - __main__ - INFO -       Step 60/150 loss=0.2164 acc=0.250 | MA20: loss=0.2673 acc=0.362
2025-08-10 01:59:19,719 - __main__ - INFO -       Step 60/150 loss=0.2164 acc=0.250 | MA20: loss=0.2673 acc=0.362
2025-08-10 02:00:40,070 - __main__ - INFO -       Step 70/150 loss=0.2431 acc=0.250 | MA20: loss=0.2455 acc=0.375
2025-08-10 02:00:40,070 - __main__ - INFO -       Step 70/150 loss=0.2431 acc=0.250 | MA20: loss=0.2455 acc=0.375
2025-08-10 02:02:00,806 - __main__ - INFO -       Step 80/150 loss=0.2263 acc=0.250 | MA20: loss=0.2491 acc=0.338
2025-08-10 02:02:00,806 - __main__ - INFO -       Step 80/150 loss=0.2263 acc=0.250 | MA20: loss=0.2491 acc=0.338
2025-08-10 02:03:23,708 - __main__ - INFO -       Step 90/150 loss=0.1870 acc=0.500 | MA20: loss=0.2335 acc=0.325
2025-08-10 02:03:23,708 - __main__ - INFO -       Step 90/150 loss=0.1870 acc=0.500 | MA20: loss=0.2335 acc=0.325
2025-08-10 02:04:44,833 - __main__ - INFO -       Step 100/150 loss=0.2577 acc=0.250 | MA20: loss=0.2270 acc=0.438
2025-08-10 02:04:44,833 - __main__ - INFO -       Step 100/150 loss=0.2577 acc=0.250 | MA20: loss=0.2270 acc=0.438
2025-08-10 02:06:07,289 - __main__ - INFO -       Step 110/150 loss=0.2872 acc=0.500 | MA20: loss=0.2169 acc=0.450
2025-08-10 02:06:07,289 - __main__ - INFO -       Step 110/150 loss=0.2872 acc=0.500 | MA20: loss=0.2169 acc=0.450
2025-08-10 02:07:31,187 - __main__ - INFO -       Step 120/150 loss=0.0635 acc=1.000 | MA20: loss=0.1890 acc=0.475
2025-08-10 02:07:31,187 - __main__ - INFO -       Step 120/150 loss=0.0635 acc=1.000 | MA20: loss=0.1890 acc=0.475
2025-08-10 02:08:55,199 - __main__ - INFO -       Step 130/150 loss=0.1082 acc=0.500 | MA20: loss=0.1683 acc=0.537
2025-08-10 02:08:55,199 - __main__ - INFO -       Step 130/150 loss=0.1082 acc=0.500 | MA20: loss=0.1683 acc=0.537
2025-08-10 02:10:21,114 - __main__ - INFO -       Step 140/150 loss=0.2164 acc=0.500 | MA20: loss=0.1637 acc=0.537
2025-08-10 02:10:21,114 - __main__ - INFO -       Step 140/150 loss=0.2164 acc=0.500 | MA20: loss=0.1637 acc=0.537
2025-08-10 02:11:44,987 - __main__ - INFO -       Step 150/150 loss=0.1783 acc=0.500 | MA20: loss=0.1804 acc=0.550
2025-08-10 02:11:44,987 - __main__ - INFO -       Step 150/150 loss=0.1783 acc=0.500 | MA20: loss=0.1804 acc=0.550
2025-08-10 02:11:44,989 - __main__ - INFO -       Loss: 0.2560, Accuracy: 0.4217
2025-08-10 02:11:44,989 - __main__ - INFO -       Loss: 0.2560, Accuracy: 0.4217
2025-08-10 02:13:44,411 - __main__ - INFO -       Test acc=0.571 | sens=0.407 spec=0.659 prec=0.390 f1=0.399
2025-08-10 02:13:44,411 - __main__ - INFO -       Test acc=0.571 | sens=0.407 spec=0.659 prec=0.390 f1=0.399
2025-08-10 02:13:44,412 - __main__ - INFO -    🔥 Epoch 2/2
2025-08-10 02:13:44,412 - __main__ - INFO -    🔥 Epoch 2/2
2025-08-10 02:15:09,693 - __main__ - INFO -       Step 10/150 loss=0.3027 acc=0.000 | MA20: loss=0.2001 acc=0.500
2025-08-10 02:15:09,693 - __main__ - INFO -       Step 10/150 loss=0.3027 acc=0.000 | MA20: loss=0.2001 acc=0.500
2025-08-10 02:16:35,004 - __main__ - INFO -       Step 20/150 loss=0.1928 acc=0.500 | MA20: loss=0.2011 acc=0.500
2025-08-10 02:16:35,004 - __main__ - INFO -       Step 20/150 loss=0.1928 acc=0.500 | MA20: loss=0.2011 acc=0.500
2025-08-10 02:18:01,165 - __main__ - INFO -       Step 30/150 loss=0.2287 acc=0.500 | MA20: loss=0.2027 acc=0.512
2025-08-10 02:18:01,165 - __main__ - INFO -       Step 30/150 loss=0.2287 acc=0.500 | MA20: loss=0.2027 acc=0.512
2025-08-10 02:19:29,694 - __main__ - INFO -       Step 40/150 loss=0.1480 acc=0.750 | MA20: loss=0.1926 acc=0.562
2025-08-10 02:19:29,694 - __main__ - INFO -       Step 40/150 loss=0.1480 acc=0.750 | MA20: loss=0.1926 acc=0.562
2025-08-10 02:20:57,910 - __main__ - INFO -       Step 50/150 loss=0.2212 acc=0.500 | MA20: loss=0.1892 acc=0.588
2025-08-10 02:20:57,910 - __main__ - INFO -       Step 50/150 loss=0.2212 acc=0.500 | MA20: loss=0.1892 acc=0.588
2025-08-10 02:22:25,684 - __main__ - INFO -       Step 60/150 loss=0.1410 acc=0.750 | MA20: loss=0.1728 acc=0.600
2025-08-10 02:22:25,684 - __main__ - INFO -       Step 60/150 loss=0.1410 acc=0.750 | MA20: loss=0.1728 acc=0.600
2025-08-10 02:23:55,159 - __main__ - INFO -       Step 70/150 loss=0.2355 acc=0.250 | MA20: loss=0.1817 acc=0.613
2025-08-10 02:23:55,159 - __main__ - INFO -       Step 70/150 loss=0.2355 acc=0.250 | MA20: loss=0.1817 acc=0.613
2025-08-10 02:25:26,463 - __main__ - INFO -       Step 80/150 loss=0.2370 acc=0.250 | MA20: loss=0.2112 acc=0.512
2025-08-10 02:25:26,463 - __main__ - INFO -       Step 80/150 loss=0.2370 acc=0.250 | MA20: loss=0.2112 acc=0.512
2025-08-10 02:26:56,242 - __main__ - INFO -       Step 90/150 loss=0.1509 acc=0.750 | MA20: loss=0.1808 acc=0.512
2025-08-10 02:26:56,242 - __main__ - INFO -       Step 90/150 loss=0.1509 acc=0.750 | MA20: loss=0.1808 acc=0.512
2025-08-10 02:28:24,668 - __main__ - INFO -       Step 100/150 loss=0.2318 acc=0.500 | MA20: loss=0.1761 acc=0.550
2025-08-10 02:28:24,668 - __main__ - INFO -       Step 100/150 loss=0.2318 acc=0.500 | MA20: loss=0.1761 acc=0.550
2025-08-10 02:29:55,661 - __main__ - INFO -       Step 110/150 loss=0.2881 acc=0.250 | MA20: loss=0.1886 acc=0.525
2025-08-10 02:29:55,661 - __main__ - INFO -       Step 110/150 loss=0.2881 acc=0.250 | MA20: loss=0.1886 acc=0.525
2025-08-10 02:31:24,279 - __main__ - INFO -       Step 120/150 loss=0.0531 acc=1.000 | MA20: loss=0.1727 acc=0.550
2025-08-10 02:31:24,279 - __main__ - INFO -       Step 120/150 loss=0.0531 acc=1.000 | MA20: loss=0.1727 acc=0.550
2025-08-10 02:32:52,979 - __main__ - INFO -       Step 130/150 loss=0.0738 acc=0.750 | MA20: loss=0.1623 acc=0.600
2025-08-10 02:32:52,979 - __main__ - INFO -       Step 130/150 loss=0.0738 acc=0.750 | MA20: loss=0.1623 acc=0.600
2025-08-10 02:34:25,551 - __main__ - INFO -       Step 140/150 loss=0.1942 acc=0.500 | MA20: loss=0.1621 acc=0.588
2025-08-10 02:34:25,551 - __main__ - INFO -       Step 140/150 loss=0.1942 acc=0.500 | MA20: loss=0.1621 acc=0.588
2025-08-10 02:35:58,190 - __main__ - INFO -       Step 150/150 loss=0.1560 acc=0.500 | MA20: loss=0.1695 acc=0.537
2025-08-10 02:35:58,190 - __main__ - INFO -       Step 150/150 loss=0.1560 acc=0.500 | MA20: loss=0.1695 acc=0.537
2025-08-10 02:35:58,192 - __main__ - INFO -       Loss: 0.1833, Accuracy: 0.5517
2025-08-10 02:35:58,192 - __main__ - INFO -       Loss: 0.1833, Accuracy: 0.5517
2025-08-10 02:36:25,363 - __main__ - INFO -       Test acc=0.584 | sens=0.400 spec=0.682 prec=0.403 f1=0.401
2025-08-10 02:36:25,363 - __main__ - INFO -       Test acc=0.584 | sens=0.400 spec=0.682 prec=0.403 f1=0.401
2025-08-10 02:36:25,364 - __main__ - INFO - 🎉 REAL Training completed in 2868.5s!
2025-08-10 02:36:25,364 - __main__ - INFO - 🎉 REAL Training completed in 2868.5s!
2025-08-10 02:36:25,365 - training.test_evaluation - INFO - 
🧪 Evaluating on test set...
2025-08-10 02:36:25,365 - training.test_evaluation - INFO - 
🧪 Evaluating on test set...
2025-08-10 02:37:54,114 - training.test_evaluation - INFO - 📊 TEST SET ANALYSIS:
2025-08-10 02:37:54,114 - training.test_evaluation - INFO - 📊 TEST SET ANALYSIS:
2025-08-10 02:37:54,116 - training.test_evaluation - INFO -    Test samples: 401
2025-08-10 02:37:54,116 - training.test_evaluation - INFO -    Test samples: 401
2025-08-10 02:37:54,116 - training.test_evaluation - INFO -    True labels - Class 0: 261, Class 1: 140
2025-08-10 02:37:54,116 - training.test_evaluation - INFO -    True labels - Class 0: 261, Class 1: 140
2025-08-10 02:37:54,117 - training.test_evaluation - INFO -    Predictions - Class 0: 272, Class 1: 129
2025-08-10 02:37:54,117 - training.test_evaluation - INFO -    Predictions - Class 0: 272, Class 1: 129
2025-08-10 02:37:54,119 - training.test_evaluation - INFO -    Test accuracy: 58.9%
2025-08-10 02:37:54,119 - training.test_evaluation - INFO -    Test accuracy: 58.9%
2025-08-10 02:37:54,125 - training.test_evaluation - INFO - 🔍 TEST SUMMARY: 236/401 correct predictions
2025-08-10 02:37:54,125 - training.test_evaluation - INFO - 🔍 TEST SUMMARY: 236/401 correct predictions
2025-08-10 02:37:54,136 - __main__ - INFO - ======================================================================
🧪 TEST EVALUATION SUMMARY 🧪
======================================================================
Training Accuracy: 55.2%
Test Accuracy: 58.9% (This is the REAL accuracy!)
✅ Realistic accuracy for this challenging task!
F1 Score: 0.387
Precision: 0.403
Recall: 0.371
Data Source: Real LIGO GW150914
Epochs: 2
======================================================================
2025-08-10 02:37:54,136 - __main__ - INFO - ======================================================================
🧪 TEST EVALUATION SUMMARY 🧪
======================================================================
Training Accuracy: 55.2%
Test Accuracy: 58.9% (This is the REAL accuracy!)
✅ Realistic accuracy for this challenging task!
F1 Score: 0.387
Precision: 0.403
Recall: 0.371
Data Source: Real LIGO GW150914
Epochs: 2
======================================================================
2025-08-10 02:37:54,137 - __main__ - INFO - 🎉 Training completed successfully!
2025-08-10 02:37:54,137 - __main__ - INFO - 🎉 Training completed successfully!
2025-08-10 02:37:54,138 - __main__ - INFO -    - Total epochs: 2
2025-08-10 02:37:54,138 - __main__ - INFO -    - Total epochs: 2
2025-08-10 02:37:54,139 - __main__ - INFO -    - Final loss: 0.1833
2025-08-10 02:37:54,139 - __main__ - INFO -    - Final loss: 0.1833
2025-08-10 02:37:54,140 - __main__ - INFO -    - Training accuracy: 0.5517
2025-08-10 02:37:54,140 - __main__ - INFO -    - Training accuracy: 0.5517
2025-08-10 02:37:54,141 - __main__ - INFO -    - Test accuracy: 0.5885 (REAL accuracy)
2025-08-10 02:37:54,141 - __main__ - INFO -    - Test accuracy: 0.5885 (REAL accuracy)
2025-08-10 02:37:54,142 - __main__ - INFO -    - Training time: 2868.5s
2025-08-10 02:37:54,142 - __main__ - INFO -    - Training time: 2868.5s
2025-08-10 02:37:54,144 - __main__ - INFO -    Model saved to: /mnt/c/Users/alpph/Documents/CPC-SNN-GW/outputs/standard_training_4bs/final_model.orbax
2025-08-10 02:37:54,144 - __main__ - INFO -    Model saved to: /mnt/c/Users/alpph/Documents/CPC-SNN-GW/outputs/standard_training_4bs/final_model.orbax
2025-08-10 02:37:54,150 - __main__ - INFO - ✅ Training completed successfully!
2025-08-10 02:37:54,150 - __main__ - INFO - ✅ Training completed successfully!
2025-08-10 02:37:54,153 - __main__ - INFO - 📊 Final metrics: {'final_train_loss': 0.18332678824663162, 'final_train_accuracy': 0.5516666666666666, 'final_test_accuracy': 0.5885286927223206, 'final_val_loss': None, 'final_val_accuracy': None, 'total_epochs': 2, 'total_steps': 3198, 'best_metric': 0.5885286927223206, 'training_time_seconds': 2868.46791100502, 'model_params': 250000, 'has_proper_test_set': True, 'model_collapse': False, 'test_analysis': {'test_accuracy': 0.5885286927223206, 'has_proper_test_set': True, 'data_leakage': False, 'model_collapse': False, 'collapsed_class': None, 'class_counts_true': {0: 261, 1: 140}, 'class_counts_pred': {0: 272, 1: 129}, 'suspicious_patterns': [], 'sensitivity': 0.37142857142857144, 'specificity': 0.7049808429118773, 'precision': 0.40310077519379844, 'recall': 0.37142857142857144, 'f1_score': 0.3866171003717472, 'predictions': [1, 0, 0, 0, 0, 0, 0, 0, 0, 0, 0, 0, 0, 1, 0, 0, 0, 0, 0, 0, 0, 0, 0, 1, 1, 1, 0, 0, 1, 0, 0, 0, 1, 0, 1, 0, 0, 1, 1, 1, 0, 0, 1, 1, 0, 0, 1, 1, 0, 0, 1, 1, 0, 0, 0, 0, 0, 1, 1, 1, 0, 0, 1, 1, 1, 0, 0, 0, 1, 0, 0, 1, 0, 0, 1, 0, 0, 0, 1, 0, 1, 1, 0, 0, 0, 0, 0, 1, 1, 0, 0, 1, 0, 0, 0, 0, 0, 0, 0, 0, 0, 0, 1, 1, 0, 0, 0, 0, 0, 0, 0, 1, 0, 0, 0, 0, 0, 0, 0, 1, 0, 0, 0, 0, 0, 0, 0, 0, 1, 0, 0, 1, 1, 0, 1, 1, 0, 1, 1, 1, 0, 0, 0, 1, 1, 1, 0, 0, 1, 1, 1, 1, 1, 0, 0, 0, 1, 0, 0, 0, 1, 0, 1, 0, 1, 0, 0, 0, 0, 1, 0, 0, 1, 1, 0, 0, 0, 0, 1, 1, 1, 1, 1, 1, 1, 0, 1, 0, 0, 1, 0, 1, 1, 0, 1, 1, 1, 0, 1, 0, 0, 1, 0, 0, 1, 0, 1, 0, 1, 1, 1, 0, 0, 1, 1, 1, 0, 0, 1, 1, 1, 0, 0, 0, 0, 0, 0, 0, 0, 0, 0, 0, 0, 0, 0, 0, 1, 1, 1, 0, 0, 0, 1, 0, 1, 1, 0, 0, 0, 0, 0, 0, 0, 1, 0, 0, 0, 1, 0, 0, 0, 0, 0, 0, 0, 0, 0, 0, 0, 0, 0, 0, 0, 0, 0, 0, 0, 0, 0, 0, 1, 0, 1, 0, 0, 0, 0, 0, 1, 0, 0, 0, 0, 0, 1, 0, 0, 0, 0, 0, 0, 0, 0, 0, 0, 1, 0, 0, 0, 1, 0, 1, 0, 1, 0, 0, 0, 1, 0, 1, 0, 0, 0, 0, 0, 0, 0, 0, 0, 0, 0, 0, 1, 1, 1, 0, 1, 0, 1, 0, 0, 0, 0, 0, 0, 0, 0, 0, 1, 0, 0, 0, 1, 0, 0, 0, 0, 0, 0, 1, 0, 1, 0, 0, 0, 0, 1, 1, 1, 1, 0, 1, 1, 1, 0, 1, 0, 0, 0, 0, 0, 0, 1, 0, 0, 1, 0, 1, 0, 0, 1, 1, 0, 0, 0, 0, 1, 1, 1, 0, 0], 'true_labels': [0, 0, 1, 0, 0, 1, 0, 0, 1, 0, 1, 0, 1, 1, 0, 0, 0, 0, 0, 1, 0, 1, 1, 0, 1, 0, 0, 0, 0, 1, 1, 0, 1, 0, 0, 0, 1, 0, 0, 1, 0, 1, 1, 1, 0, 1, 0, 1, 0, 0, 1, 1, 0, 1, 0, 1, 0, 0, 0, 1, 1, 0, 0, 0, 1, 1, 1, 0, 0, 0, 1, 0, 0, 0, 0, 0, 0, 0, 0, 0, 0, 1, 1, 0, 0, 0, 0, 0, 0, 0, 0, 0, 1, 1, 0, 0, 0, 0, 0, 0, 0, 0, 0, 0, 1, 1, 0, 1, 1, 0, 0, 1, 0, 0, 0, 1, 1, 1, 0, 0, 1, 0, 0, 0, 1, 0, 0, 1, 1, 0, 0, 1, 1, 0, 1, 0, 0, 0, 0, 0, 0, 0, 0, 1, 0, 1, 0, 0, 1, 1, 0, 0, 0, 0, 1, 1, 0, 0, 1, 0, 0, 0, 1, 0, 1, 1, 0, 0, 0, 0, 0, 0, 0, 0, 0, 0, 0, 0, 1, 0, 1, 0, 0, 1, 0, 1, 1, 0, 1, 1, 1, 0, 0, 0, 1, 1, 0, 0, 1, 1, 0, 0, 0, 0, 0, 0, 1, 1, 0, 1, 1, 0, 0, 0, 0, 0, 1, 0, 1, 0, 0, 1, 0, 0, 0, 1, 1, 0, 1, 1, 0, 1, 1, 0, 1, 1, 1, 0, 0, 0, 1, 0, 0, 0, 0, 1, 0, 0, 0, 0, 0, 1, 0, 1, 0, 1, 0, 0, 0, 0, 0, 0, 0, 1, 0, 0, 0, 0, 0, 1, 0, 0, 1, 1, 1, 0, 0, 0, 0, 0, 1, 0, 1, 1, 1, 0, 1, 0, 0, 0, 1, 1, 1, 0, 0, 1, 1, 0, 1, 1, 1, 0, 0, 0, 0, 1, 0, 0, 0, 1, 1, 1, 1, 1, 1, 0, 0, 0, 0, 0, 0, 0, 0, 1, 1, 0, 1, 0, 0, 0, 0, 0, 0, 0, 0, 0, 0, 0, 0, 0, 1, 1, 0, 0, 0, 0, 0, 0, 1, 0, 1, 1, 1, 0, 0, 0, 0, 0, 0, 1, 0, 1, 0, 1, 0, 1, 0, 0, 0, 1, 1, 1, 0, 0, 0, 0, 0, 0, 0, 0, 1, 0, 0, 0, 0, 0, 0, 1, 1, 1, 0, 0, 1, 0, 0, 0, 1, 0, 0, 0, 1]}}
2025-08-10 02:37:54,153 - __main__ - INFO - 📊 Final metrics: {'final_train_loss': 0.18332678824663162, 'final_train_accuracy': 0.5516666666666666, 'final_test_accuracy': 0.5885286927223206, 'final_val_loss': None, 'final_val_accuracy': None, 'total_epochs': 2, 'total_steps': 3198, 'best_metric': 0.5885286927223206, 'training_time_seconds': 2868.46791100502, 'model_params': 250000, 'has_proper_test_set': True, 'model_collapse': False, 'test_analysis': {'test_accuracy': 0.5885286927223206, 'has_proper_test_set': True, 'data_leakage': False, 'model_collapse': False, 'collapsed_class': None, 'class_counts_true': {0: 261, 1: 140}, 'class_counts_pred': {0: 272, 1: 129}, 'suspicious_patterns': [], 'sensitivity': 0.37142857142857144, 'specificity': 0.7049808429118773, 'precision': 0.40310077519379844, 'recall': 0.37142857142857144, 'f1_score': 0.3866171003717472, 'predictions': [1, 0, 0, 0, 0, 0, 0, 0, 0, 0, 0, 0, 0, 1, 0, 0, 0, 0, 0, 0, 0, 0, 0, 1, 1, 1, 0, 0, 1, 0, 0, 0, 1, 0, 1, 0, 0, 1, 1, 1, 0, 0, 1, 1, 0, 0, 1, 1, 0, 0, 1, 1, 0, 0, 0, 0, 0, 1, 1, 1, 0, 0, 1, 1, 1, 0, 0, 0, 1, 0, 0, 1, 0, 0, 1, 0, 0, 0, 1, 0, 1, 1, 0, 0, 0, 0, 0, 1, 1, 0, 0, 1, 0, 0, 0, 0, 0, 0, 0, 0, 0, 0, 1, 1, 0, 0, 0, 0, 0, 0, 0, 1, 0, 0, 0, 0, 0, 0, 0, 1, 0, 0, 0, 0, 0, 0, 0, 0, 1, 0, 0, 1, 1, 0, 1, 1, 0, 1, 1, 1, 0, 0, 0, 1, 1, 1, 0, 0, 1, 1, 1, 1, 1, 0, 0, 0, 1, 0, 0, 0, 1, 0, 1, 0, 1, 0, 0, 0, 0, 1, 0, 0, 1, 1, 0, 0, 0, 0, 1, 1, 1, 1, 1, 1, 1, 0, 1, 0, 0, 1, 0, 1, 1, 0, 1, 1, 1, 0, 1, 0, 0, 1, 0, 0, 1, 0, 1, 0, 1, 1, 1, 0, 0, 1, 1, 1, 0, 0, 1, 1, 1, 0, 0, 0, 0, 0, 0, 0, 0, 0, 0, 0, 0, 0, 0, 0, 1, 1, 1, 0, 0, 0, 1, 0, 1, 1, 0, 0, 0, 0, 0, 0, 0, 1, 0, 0, 0, 1, 0, 0, 0, 0, 0, 0, 0, 0, 0, 0, 0, 0, 0, 0, 0, 0, 0, 0, 0, 0, 0, 0, 1, 0, 1, 0, 0, 0, 0, 0, 1, 0, 0, 0, 0, 0, 1, 0, 0, 0, 0, 0, 0, 0, 0, 0, 0, 1, 0, 0, 0, 1, 0, 1, 0, 1, 0, 0, 0, 1, 0, 1, 0, 0, 0, 0, 0, 0, 0, 0, 0, 0, 0, 0, 1, 1, 1, 0, 1, 0, 1, 0, 0, 0, 0, 0, 0, 0, 0, 0, 1, 0, 0, 0, 1, 0, 0, 0, 0, 0, 0, 1, 0, 1, 0, 0, 0, 0, 1, 1, 1, 1, 0, 1, 1, 1, 0, 1, 0, 0, 0, 0, 0, 0, 1, 0, 0, 1, 0, 1, 0, 0, 1, 1, 0, 0, 0, 0, 1, 1, 1, 0, 0], 'true_labels': [0, 0, 1, 0, 0, 1, 0, 0, 1, 0, 1, 0, 1, 1, 0, 0, 0, 0, 0, 1, 0, 1, 1, 0, 1, 0, 0, 0, 0, 1, 1, 0, 1, 0, 0, 0, 1, 0, 0, 1, 0, 1, 1, 1, 0, 1, 0, 1, 0, 0, 1, 1, 0, 1, 0, 1, 0, 0, 0, 1, 1, 0, 0, 0, 1, 1, 1, 0, 0, 0, 1, 0, 0, 0, 0, 0, 0, 0, 0, 0, 0, 1, 1, 0, 0, 0, 0, 0, 0, 0, 0, 0, 1, 1, 0, 0, 0, 0, 0, 0, 0, 0, 0, 0, 1, 1, 0, 1, 1, 0, 0, 1, 0, 0, 0, 1, 1, 1, 0, 0, 1, 0, 0, 0, 1, 0, 0, 1, 1, 0, 0, 1, 1, 0, 1, 0, 0, 0, 0, 0, 0, 0, 0, 1, 0, 1, 0, 0, 1, 1, 0, 0, 0, 0, 1, 1, 0, 0, 1, 0, 0, 0, 1, 0, 1, 1, 0, 0, 0, 0, 0, 0, 0, 0, 0, 0, 0, 0, 1, 0, 1, 0, 0, 1, 0, 1, 1, 0, 1, 1, 1, 0, 0, 0, 1, 1, 0, 0, 1, 1, 0, 0, 0, 0, 0, 0, 1, 1, 0, 1, 1, 0, 0, 0, 0, 0, 1, 0, 1, 0, 0, 1, 0, 0, 0, 1, 1, 0, 1, 1, 0, 1, 1, 0, 1, 1, 1, 0, 0, 0, 1, 0, 0, 0, 0, 1, 0, 0, 0, 0, 0, 1, 0, 1, 0, 1, 0, 0, 0, 0, 0, 0, 0, 1, 0, 0, 0, 0, 0, 1, 0, 0, 1, 1, 1, 0, 0, 0, 0, 0, 1, 0, 1, 1, 1, 0, 1, 0, 0, 0, 1, 1, 1, 0, 0, 1, 1, 0, 1, 1, 1, 0, 0, 0, 0, 1, 0, 0, 0, 1, 1, 1, 1, 1, 1, 0, 0, 0, 0, 0, 0, 0, 0, 1, 1, 0, 1, 0, 0, 0, 0, 0, 0, 0, 0, 0, 0, 0, 0, 0, 1, 1, 0, 0, 0, 0, 0, 0, 1, 0, 1, 1, 1, 0, 0, 0, 0, 0, 0, 1, 0, 1, 0, 1, 0, 1, 0, 0, 0, 1, 1, 1, 0, 0, 0, 0, 0, 0, 0, 0, 1, 0, 0, 0, 0, 0, 0, 1, 1, 1, 0, 0, 1, 0, 0, 0, 1, 0, 0, 0, 1]}}
2025-08-10 02:37:54,154 - __main__ - INFO - 💾 Model saved to: /mnt/c/Users/alpph/Documents/CPC-SNN-GW/outputs/standard_training_4bs/final_model.orbax
2025-08-10 02:37:54,154 - __main__ - INFO - 💾 Model saved to: /mnt/c/Users/alpph/Documents/CPC-SNN-GW/outputs/standard_training_4bs/final_model.orbax
