[2025-11-28 16:00:23,271][__main__][INFO] - === Dr. Gravitas Data Generator (Hydra + Multi-IFO) ===
[2025-11-28 16:00:23,271][__main__][INFO] - Searching for coincident segments for ['H1', 'L1'] in [1262304018, 1263304018]...
[2025-11-28 16:00:26,394][__main__][INFO] - Found 29 coincident segments > 4100s.
[2025-11-28 16:00:26,396][__main__][INFO] - File /Users/gracjanziemianski/Documents/CPC-SNN-GravitationalWavesDetection/data/cpc_snn_train.h5 exists. Appending to it.
[2025-11-28 16:00:26,398][__main__][INFO] - Resuming generation. Found 1 samples. Target: 10000. Need 9999 more.
[2025-11-28 16:00:26,418][__main__][INFO] - Processing segment 1262304018-1262308114 (4096s)...
[2025-11-28 16:00:26,418][__main__][INFO] -   [H1] Fetching...
[2025-11-28 16:00:30,370][__main__][INFO] -   [H1] Whitening...
[2025-11-28 16:00:32,835][__main__][INFO] -   [L1] Fetching...
[2025-11-28 16:00:34,650][__main__][INFO] -   [L1] Whitening...
[2025-11-28 16:01:05,545][__main__][INFO] - Processing segment 1262312887-1262316983 (4096s)...
[2025-11-28 16:01:05,545][__main__][INFO] -   [H1] Fetching...
[2025-11-28 16:01:08,014][__main__][INFO] -   [H1] Whitening...
[2025-11-28 16:01:10,539][__main__][INFO] -   [L1] Fetching...
[2025-11-28 16:01:12,350][__main__][INFO] -   [L1] Whitening...
[2025-11-28 16:01:43,695][__main__][INFO] - Processing segment 1262352751-1262356847 (4096s)...
[2025-11-28 16:01:43,695][__main__][INFO] -   [H1] Fetching...
[2025-11-28 16:01:46,277][__main__][INFO] -   [H1] Whitening...
[2025-11-28 16:01:48,785][__main__][INFO] -   [L1] Fetching...
[2025-11-28 16:01:50,351][__main__][INFO] -   [L1] Whitening...
[2025-11-28 16:02:21,745][__main__][INFO] - Processing segment 1262471488-1262475584 (4096s)...
[2025-11-28 16:02:21,745][__main__][INFO] -   [H1] Fetching...
[2025-11-28 16:02:24,139][__main__][INFO] -   [H1] Whitening...
[2025-11-28 16:02:26,618][__main__][INFO] -   [L1] Fetching...
[2025-11-28 16:02:28,198][__main__][INFO] -   [L1] Whitening...
[2025-11-28 16:02:59,939][__main__][INFO] - Processing segment 1262536296-1262540392 (4096s)...
[2025-11-28 16:02:59,940][__main__][INFO] -   [H1] Fetching...
[2025-11-28 16:03:02,274][__main__][INFO] -   [H1] Whitening...
[2025-11-28 16:03:04,806][__main__][INFO] -   [L1] Fetching...
[2025-11-28 16:03:06,677][__main__][INFO] -   [L1] Whitening...
[2025-11-28 16:03:38,247][__main__][INFO] - Processing segment 1262607622-1262611718 (4096s)...
[2025-11-28 16:03:38,248][__main__][INFO] -   [H1] Fetching...
[2025-11-28 16:03:40,712][__main__][INFO] -   [H1] Whitening...
[2025-11-28 16:03:43,249][__main__][INFO] -   [L1] Fetching...
[2025-11-28 16:03:44,713][__main__][INFO] -   [L1] Whitening...
[2025-11-28 16:04:16,628][__main__][INFO] - Processing segment 1262621078-1262625174 (4096s)...
[2025-11-28 16:04:16,628][__main__][INFO] -   [H1] Fetching...
[2025-11-28 16:04:19,118][__main__][INFO] -   [H1] Whitening...
[2025-11-28 16:04:21,627][__main__][INFO] -   [L1] Fetching...
[2025-11-28 16:04:23,459][__main__][INFO] -   [L1] Whitening...
[2025-11-28 16:04:55,001][__main__][INFO] - Processing segment 1262642747-1262646843 (4096s)...
[2025-11-28 16:04:55,002][__main__][INFO] -   [H1] Fetching...
[2025-11-28 16:04:57,533][__main__][INFO] -   [H1] Whitening...
[2025-11-28 16:05:00,064][__main__][INFO] -   [L1] Fetching...
[2025-11-28 16:05:01,762][__main__][INFO] -   [L1] Whitening...
[2025-11-28 16:05:34,214][__main__][INFO] - Processing segment 1262653854-1262657950 (4096s)...
[2025-11-28 16:05:34,215][__main__][INFO] -   [H1] Fetching...
[2025-11-28 16:05:36,843][__main__][INFO] -   [H1] Whitening...
[2025-11-28 16:05:39,356][__main__][INFO] -   [L1] Fetching...
[2025-11-28 16:05:41,151][__main__][INFO] -   [L1] Whitening...
[2025-11-28 16:06:12,991][__main__][INFO] - Processing segment 1262688611-1262692707 (4096s)...
[2025-11-28 16:06:12,992][__main__][INFO] -   [H1] Fetching...
[2025-11-28 16:06:15,477][__main__][INFO] -   [H1] Whitening...
[2025-11-28 16:06:17,965][__main__][INFO] -   [L1] Fetching...
[2025-11-28 16:06:19,795][__main__][INFO] -   [L1] Whitening...
[2025-11-28 16:06:51,661][__main__][INFO] - Processing segment 1262746233-1262750329 (4096s)...
[2025-11-28 16:06:51,662][__main__][INFO] -   [H1] Fetching...
[2025-11-28 16:06:53,987][__main__][INFO] -   [H1] Whitening...
[2025-11-28 16:06:56,501][__main__][INFO] -   [L1] Fetching...
[2025-11-28 16:06:58,326][__main__][INFO] -   [L1] Whitening...
[2025-11-28 16:07:30,031][__main__][INFO] - Processing segment 1262833726-1262837822 (4096s)...
[2025-11-28 16:07:30,031][__main__][INFO] -   [H1] Fetching...
[2025-11-28 16:07:32,536][__main__][INFO] -   [H1] Whitening...
[2025-11-28 16:07:35,025][__main__][INFO] -   [L1] Fetching...
[2025-11-28 16:07:36,859][__main__][INFO] -   [L1] Whitening...
[2025-11-28 16:08:08,545][__main__][INFO] - Processing segment 1262844473-1262848569 (4096s)...
[2025-11-28 16:08:08,545][__main__][INFO] -   [H1] Fetching...
[2025-11-28 16:08:11,161][__main__][INFO] -   [H1] Whitening...
[2025-11-28 16:08:13,664][__main__][INFO] -   [L1] Fetching...
[2025-11-28 16:08:15,664][__main__][INFO] -   [L1] Whitening...
[2025-11-28 16:08:48,457][__main__][INFO] - Processing segment 1262863942-1262868038 (4096s)...
[2025-11-28 16:08:48,458][__main__][INFO] -   [H1] Fetching...
[2025-11-28 16:08:50,933][__main__][INFO] -   [H1] Whitening...
[2025-11-28 16:08:53,395][__main__][INFO] -   [L1] Fetching...
[2025-11-28 16:08:55,495][__main__][INFO] -   [L1] Whitening...
[2025-11-28 16:09:27,440][__main__][INFO] - Processing segment 1262884040-1262888136 (4096s)...
[2025-11-28 16:09:27,441][__main__][INFO] -   [H1] Fetching...
[2025-11-28 16:09:29,971][__main__][INFO] -   [H1] Whitening...
[2025-11-28 16:09:32,496][__main__][INFO] -   [L1] Fetching...
[2025-11-28 16:09:34,395][__main__][INFO] -   [L1] Whitening...
[2025-11-28 16:10:06,203][__main__][INFO] - Processing segment 1262908706-1262912802 (4096s)...
[2025-11-28 16:10:06,203][__main__][INFO] -   [H1] Fetching...
[2025-11-28 16:10:08,701][__main__][INFO] -   [H1] Whitening...
[2025-11-28 16:10:11,178][__main__][INFO] -   [L1] Fetching...
[2025-11-28 16:10:13,067][__main__][INFO] -   [L1] Whitening...
[2025-11-28 16:10:45,243][__main__][INFO] - Processing segment 1262919719-1262923815 (4096s)...
[2025-11-28 16:10:45,244][__main__][INFO] -   [H1] Fetching...
[2025-11-28 16:10:47,993][__main__][INFO] -   [H1] Whitening...
[2025-11-28 16:10:50,462][__main__][INFO] -   [L1] Fetching...
[2025-11-28 16:10:52,602][__main__][INFO] -   [L1] Whitening...
[2025-11-28 16:11:24,846][__main__][INFO] - Processing segment 1262947448-1262951544 (4096s)...
[2025-11-28 16:11:24,846][__main__][INFO] -   [H1] Fetching...
[2025-11-28 16:11:27,577][__main__][INFO] -   [H1] Whitening...
[2025-11-28 16:11:30,117][__main__][INFO] -   [L1] Fetching...
[2025-11-28 16:11:31,665][__main__][INFO] -   [L1] Whitening...
[2025-11-28 16:12:03,834][__main__][INFO] - Processing segment 1262973087-1262977183 (4096s)...
[2025-11-28 16:12:03,835][__main__][INFO] -   [H1] Fetching...
[2025-11-28 16:12:06,716][__main__][INFO] -   [H1] Whitening...
[2025-11-28 16:12:09,241][__main__][INFO] -   [L1] Fetching...
[2025-11-28 16:12:11,132][__main__][INFO] -   [L1] Whitening...
[2025-11-28 16:12:44,164][__main__][INFO] - Processing segment 1262998108-1263002204 (4096s)...
[2025-11-28 16:12:44,165][__main__][INFO] -   [H1] Fetching...
[2025-11-28 16:12:49,215][__main__][INFO] -   [H1] Whitening...
[2025-11-28 16:12:51,709][__main__][INFO] -   [L1] Fetching...
[2025-11-28 16:12:55,549][__main__][INFO] -   [L1] Whitening...
[2025-11-28 16:13:27,536][__main__][INFO] - Processing segment 1263012448-1263016544 (4096s)...
[2025-11-28 16:13:27,536][__main__][INFO] -   [H1] Fetching...
[2025-11-28 16:13:30,209][__main__][INFO] -   [H1] Whitening...
[2025-11-28 16:13:32,866][__main__][INFO] -   [L1] Fetching...
[2025-11-28 16:13:34,753][__main__][INFO] -   [L1] Whitening...
[2025-11-28 16:14:06,847][__main__][INFO] - Processing segment 1263077149-1263081245 (4096s)...
[2025-11-28 16:14:06,847][__main__][INFO] -   [H1] Fetching...
[2025-11-28 16:14:09,341][__main__][INFO] -   [H1] Whitening...
[2025-11-28 16:14:11,903][__main__][INFO] -   [L1] Fetching...
[2025-11-28 16:14:13,540][__main__][INFO] -   [L1] Whitening...
[2025-11-28 16:14:45,855][__main__][INFO] - Processing segment 1263084917-1263089013 (4096s)...
[2025-11-28 16:14:45,855][__main__][INFO] -   [H1] Fetching...
[2025-11-28 16:14:48,438][__main__][INFO] -   [H1] Whitening...
[2025-11-28 16:14:50,998][__main__][INFO] -   [L1] Fetching...
[2025-11-28 16:14:52,749][__main__][INFO] -   [L1] Whitening...
[2025-11-28 16:15:25,245][__main__][INFO] - Processing segment 1263167844-1263171940 (4096s)...
[2025-11-28 16:15:25,245][__main__][INFO] -   [H1] Fetching...
[2025-11-28 16:15:32,409][__main__][INFO] -   [H1] Whitening...
[2025-11-28 16:15:34,924][__main__][INFO] -   [L1] Fetching...
[2025-11-28 16:15:43,533][__main__][INFO] -   [L1] Whitening...
[2025-11-28 16:16:16,505][__main__][INFO] - Processing segment 1263184089-1263188185 (4096s)...
[2025-11-28 16:16:16,505][__main__][INFO] -   [H1] Fetching...
[2025-11-28 16:16:19,480][__main__][INFO] -   [H1] Whitening...
[2025-11-28 16:16:22,040][__main__][INFO] -   [L1] Fetching...
[2025-11-28 16:16:23,628][__main__][INFO] -   [L1] Whitening...
[2025-11-28 16:16:58,308][__main__][INFO] - Processing segment 1263235820-1263239916 (4096s)...
[2025-11-28 16:16:58,308][__main__][INFO] -   [H1] Fetching...
[2025-11-28 16:17:00,956][__main__][INFO] -   [H1] Whitening...
[2025-11-28 16:17:03,520][__main__][INFO] -   [L1] Fetching...
[2025-11-28 16:17:05,333][__main__][INFO] -   [L1] Whitening...
[2025-11-28 16:17:38,454][__main__][INFO] - Processing segment 1263254173-1263258269 (4096s)...
[2025-11-28 16:17:38,454][__main__][INFO] -   [H1] Fetching...
[2025-11-28 16:17:41,013][__main__][INFO] -   [H1] Whitening...
[2025-11-28 16:17:43,644][__main__][INFO] -   [L1] Fetching...
[2025-11-28 16:17:45,346][__main__][INFO] -   [L1] Whitening...
[2025-11-28 16:18:19,058][__main__][INFO] - Processing segment 1263272009-1263276105 (4096s)...
[2025-11-28 16:18:19,058][__main__][INFO] -   [H1] Fetching...
[2025-11-28 16:18:21,585][__main__][INFO] -   [H1] Whitening...
[2025-11-28 16:18:24,224][__main__][INFO] -   [L1] Fetching...
[2025-11-28 16:18:26,123][__main__][INFO] -   [L1] Whitening...
[2025-11-28 16:18:58,587][__main__][INFO] - Processing segment 1263288960-1263293056 (4096s)...
[2025-11-28 16:18:58,587][__main__][INFO] -   [H1] Fetching...
[2025-11-28 16:19:01,063][__main__][INFO] -   [H1] Whitening...
[2025-11-28 16:19:03,540][__main__][INFO] -   [L1] Fetching...
[2025-11-28 16:19:05,348][__main__][INFO] -   [L1] Whitening...
[2025-11-28 16:19:37,800][__main__][INFO] - Done! Saved 5801 samples to /Users/gracjanziemianski/Documents/CPC-SNN-GravitationalWavesDetection/data/cpc_snn_train.h5
