[2025-11-28 16:24:43,966][__main__][INFO] - === Dr. Gravitas Data Generator (Hydra + Multi-IFO) ===
[2025-11-28 16:24:43,966][__main__][INFO] - Searching for coincident segments for ['H1', 'L1'] in [1262304018, 1272304018]...
[2025-11-28 16:25:08,135][__main__][INFO] - Found 222 coincident segments > 4100s.
[2025-11-28 16:25:08,135][__main__][INFO] - File /Users/gracjanziemianski/Documents/CPC-SNN-GravitationalWavesDetection/data/cpc_snn_train.h5 exists. Appending to it.
[2025-11-28 16:25:08,259][__main__][INFO] - Resuming generation. Found 5801 samples. Target: 10000. Need 4199 more.
[2025-11-28 16:25:08,269][__main__][INFO] - Processing segment 1262304018-1262308114 (4096s)...
[2025-11-28 16:25:08,270][__main__][INFO] -   [H1] Fetching...
[2025-11-28 16:25:11,987][__main__][INFO] -   [H1] Whitening...
[2025-11-28 16:25:14,599][__main__][INFO] -   [L1] Fetching...
[2025-11-28 16:25:16,702][__main__][INFO] -   [L1] Whitening...
[2025-11-28 16:26:18,650][__main__][INFO] - Processing segment 1262312887-1262316983 (4096s)...
[2025-11-28 16:26:18,650][__main__][INFO] -   [H1] Fetching...
[2025-11-28 16:26:18,653][__main__][WARNING] -   [H1] Fetch failed (attempt 1/5): HTTPSConnectionPool(host='gwosc.org', port=443): Max retries exceeded with url: /api/v2/event-versions?min-gps-time=1262312887&max-gps-time=1262321079 (Caused by NewConnectionError('<urllib3.connection.HTTPSConnection object at 0x134a70e10>: Failed to establish a new connection: [Errno 65] No route to host')). Retrying in 2.0s...
[2025-11-28 16:26:20,666][__main__][WARNING] -   [H1] Fetch failed (attempt 2/5): HTTPSConnectionPool(host='gwosc.org', port=443): Max retries exceeded with url: /api/v2/event-versions?min-gps-time=1262312887&max-gps-time=1262321079 (Caused by NewConnectionError('<urllib3.connection.HTTPSConnection object at 0x134a73250>: Failed to establish a new connection: [Errno 65] No route to host')). Retrying in 4.0s...
[2025-11-28 16:26:24,677][__main__][WARNING] -   [H1] Fetch failed (attempt 3/5): HTTPSConnectionPool(host='gwosc.org', port=443): Max retries exceeded with url: /api/v2/event-versions?min-gps-time=1262312887&max-gps-time=1262321079 (Caused by NewConnectionError('<urllib3.connection.HTTPSConnection object at 0x134a71e50>: Failed to establish a new connection: [Errno 65] No route to host')). Retrying in 8.0s...
[2025-11-28 16:26:35,646][__main__][INFO] -   [H1] Whitening...
[2025-11-28 16:26:38,176][__main__][INFO] -   [L1] Fetching...
[2025-11-28 16:26:40,256][__main__][INFO] -   [L1] Whitening...
[2025-11-28 16:27:42,952][__main__][INFO] - Processing segment 1262352751-1262356847 (4096s)...
[2025-11-28 16:27:42,952][__main__][INFO] -   [H1] Fetching...
[2025-11-28 16:27:59,220][__main__][INFO] -   [H1] Whitening...
[2025-11-28 16:28:01,717][__main__][INFO] -   [L1] Fetching...
[2025-11-28 16:28:05,309][__main__][INFO] -   [L1] Whitening...
[2025-11-28 16:29:07,128][__main__][INFO] - Processing segment 1262471488-1262475584 (4096s)...
[2025-11-28 16:29:07,128][__main__][INFO] -   [H1] Fetching...
[2025-11-28 16:29:10,204][__main__][INFO] -   [H1] Whitening...
[2025-11-28 16:29:12,766][__main__][INFO] -   [L1] Fetching...
[2025-11-28 16:29:14,512][__main__][INFO] -   [L1] Whitening...
[2025-11-28 16:30:17,325][__main__][INFO] - Processing segment 1262536296-1262540392 (4096s)...
[2025-11-28 16:30:17,325][__main__][INFO] -   [H1] Fetching...
[2025-11-28 16:30:20,286][__main__][INFO] -   [H1] Whitening...
[2025-11-28 16:30:22,846][__main__][INFO] -   [L1] Fetching...
[2025-11-28 16:30:24,986][__main__][INFO] -   [L1] Whitening...
[2025-11-28 16:31:27,019][__main__][INFO] - Processing segment 1262607622-1262611718 (4096s)...
[2025-11-28 16:31:27,019][__main__][INFO] -   [H1] Fetching...
[2025-11-28 16:31:39,009][__main__][INFO] -   [H1] Whitening...
[2025-11-28 16:31:41,637][__main__][INFO] -   [L1] Fetching...
[2025-11-28 16:31:44,491][__main__][INFO] -   [L1] Whitening...
[2025-11-28 16:32:45,480][__main__][INFO] - Processing segment 1262621078-1262625174 (4096s)...
[2025-11-28 16:32:45,480][__main__][INFO] -   [H1] Fetching...
[2025-11-28 16:33:00,570][__main__][INFO] -   [H1] Whitening...
[2025-11-28 16:33:03,268][__main__][INFO] -   [L1] Fetching...
[2025-11-28 16:33:05,139][__main__][INFO] -   [L1] Whitening...
[2025-11-28 16:34:08,007][__main__][INFO] - Processing segment 1262642747-1262646843 (4096s)...
[2025-11-28 16:34:08,007][__main__][INFO] -   [H1] Fetching...
[2025-11-28 16:34:11,741][__main__][INFO] -   [H1] Whitening...
[2025-11-28 16:34:14,256][__main__][INFO] -   [L1] Fetching...
[2025-11-28 16:34:16,291][__main__][INFO] -   [L1] Whitening...
[2025-11-28 16:35:18,221][__main__][INFO] - Processing segment 1262653854-1262657950 (4096s)...
[2025-11-28 16:35:18,221][__main__][INFO] -   [H1] Fetching...
[2025-11-28 16:35:21,532][__main__][INFO] -   [H1] Whitening...
[2025-11-28 16:35:24,009][__main__][INFO] -   [L1] Fetching...
[2025-11-28 16:35:26,338][__main__][INFO] -   [L1] Whitening...
[2025-11-28 16:36:27,615][__main__][INFO] - Processing segment 1262688611-1262692707 (4096s)...
[2025-11-28 16:36:27,615][__main__][INFO] -   [H1] Fetching...
[2025-11-28 16:36:30,342][__main__][INFO] -   [H1] Whitening...
[2025-11-28 16:36:32,892][__main__][INFO] -   [L1] Fetching...
[2025-11-28 16:36:34,971][__main__][INFO] -   [L1] Whitening...
[2025-11-28 16:37:36,613][__main__][INFO] - Processing segment 1262746233-1262750329 (4096s)...
[2025-11-28 16:37:36,613][__main__][INFO] -   [H1] Fetching...
[2025-11-28 16:37:39,541][__main__][INFO] -   [H1] Whitening...
[2025-11-28 16:37:42,006][__main__][INFO] -   [L1] Fetching...
[2025-11-28 16:37:44,238][__main__][INFO] -   [L1] Whitening...
[2025-11-28 16:38:45,792][__main__][INFO] - Done! Saved 10201 samples to /Users/gracjanziemianski/Documents/CPC-SNN-GravitationalWavesDetection/data/cpc_snn_train.h5
