2025-08-10 17:37:59,170 - training.training_utils - INFO - JAX devices: [CpuDevice(id=0)]
2025-08-10 17:37:59,171 - training.training_utils - INFO - JAX platform: cpu
2025-08-10 17:37:59,173 - training.base_trainer - INFO - Using basic experiment tracker
2025-08-10 17:37:59,179 - training.training_utils - INFO - Configuration saved to outputs/sanity_2ep_cpu_synth/standard_training_1bs/config.json
2025-08-10 17:37:59,180 - training.base_trainer - INFO - Initialized CPCSNNTrainer with config: cpc_snn_gw
2025-08-10 17:37:59,786 - __main__ - INFO - 🚀 Creating CPC+SNN model with SpikeBridge...
2025-08-10 17:37:59,788 - __main__ - INFO - 📊 Creating data loaders...
2025-08-10 17:37:59,800 - data.gw_dataset_builder - WARNING - TensorFlow not available - TFRecord export disabled
2025-08-10 17:37:59,802 - __main__ - INFO -    Creating REAL LIGO dataset with GW150914 data...
2025-08-10 17:37:59,822 - data.real_ligo_integration - INFO - 🚀 Creating ENHANCED dataset with 2000 target samples
2025-08-10 17:37:59,823 - data.real_ligo_integration - INFO -    Enhanced overlap: 90.0%
2025-08-10 17:37:59,823 - data.real_ligo_integration - INFO -    Data augmentation: True
2025-08-10 17:37:59,825 - data.real_ligo_integration - WARNING - ❌ ReadLIGO loading failed: ModuleNotFoundError: No module named 'readligo'
2025-08-10 17:37:59,829 - data.real_ligo_integration - INFO - ✅ Using h5py fallback - loading LOSC HDF5 files directly
2025-08-10 17:37:59,939 - data.real_ligo_integration - INFO - ✅ Successfully loaded real GW150914 strain data (source=h5py): 2048 samples
2025-08-10 17:37:59,940 - data.real_ligo_integration - INFO - 📊 Strain amplitude range: -7.60e-21 to -2.08e-21
2025-08-10 17:37:59,943 - data.real_ligo_integration - INFO - 📡 Processing real LIGO data with enhanced windowing...
2025-08-10 17:37:59,959 - data.real_ligo_integration - INFO - ✅ Real LIGO windows: 31 (vs previous ~15)
2025-08-10 17:38:00,295 - data.real_ligo_integration - INFO - 🔄 Applying data augmentation to real LIGO data...
2025-08-10 17:38:00,773 - data.real_ligo_integration - INFO - ✅ Augmented data: +155 samples
2025-08-10 17:38:00,783 - data.real_ligo_integration - INFO - 🔄 Generating 1814 synthetic GW samples...
2025-08-10 17:38:06,821 - data.real_ligo_integration - INFO - 🎯 ENHANCED DATASET CREATED:
2025-08-10 17:38:06,822 - data.real_ligo_integration - INFO -    Total samples: 2000
2025-08-10 17:38:06,824 - data.real_ligo_integration - INFO -    Window size: 512
2025-08-10 17:38:06,892 - data.real_ligo_integration - INFO -    GW signals: 729 (36.5%)
2025-08-10 17:38:06,919 - data.real_ligo_integration - INFO -    Noise samples: 1271 (63.6%)
2025-08-10 17:38:07,734 - utils.data_split - INFO - 📊 Creating stratified split (train: 80.0%):
2025-08-10 17:38:07,735 - utils.data_split - INFO -    Class 0 samples: 1271
2025-08-10 17:38:07,736 - utils.data_split - INFO -    Class 1 samples: 729
2025-08-10 17:38:09,147 - utils.data_split - INFO - 📊 Dataset split completed:
2025-08-10 17:38:09,148 - utils.data_split - INFO -    Train: 1599 samples
2025-08-10 17:38:09,149 - utils.data_split - INFO -    Test: 401 samples
2025-08-10 17:38:09,187 - utils.data_split - INFO -    Train class balance: 36.5% positive
2025-08-10 17:38:09,222 - utils.data_split - INFO -    Test class balance: 36.4% positive
2025-08-10 17:38:09,299 - utils.data_split - INFO - ✅ Balanced test set: 36.4% positive
2025-08-10 17:38:09,300 - __main__ - INFO -    Enhanced REAL LIGO samples: train=1599, test=401
2025-08-10 17:38:09,301 - __main__ - INFO - ⏳ Starting real training loop...
2025-08-10 17:38:09,302 - __main__ - INFO -    Training data shape: (1599, 512)
2025-08-10 17:38:09,303 - __main__ - INFO -    Labels shape: (1599,)
2025-08-10 17:38:09,303 - __main__ - INFO -    Running 2 epochs...
2025-08-10 17:38:09,304 - __main__ - INFO - 🚀 Starting REAL CPC+SNN training pipeline!
2025-08-10 17:38:09,323 - training.training_utils - INFO - JAX devices: [CpuDevice(id=0)]
2025-08-10 17:38:09,323 - training.training_utils - INFO - JAX devices: [CpuDevice(id=0)]
2025-08-10 17:38:09,324 - training.training_utils - INFO - JAX platform: cpu
2025-08-10 17:38:09,324 - training.training_utils - INFO - JAX platform: cpu
2025-08-10 17:38:09,326 - training.base_trainer - INFO - Using basic experiment tracker
2025-08-10 17:38:09,326 - training.base_trainer - INFO - Using basic experiment tracker
2025-08-10 17:38:09,331 - training.training_utils - INFO - Configuration saved to outputs/sanity_2ep_cpu_synth/standard_training_1bs/config.json
2025-08-10 17:38:09,331 - training.training_utils - INFO - Configuration saved to outputs/sanity_2ep_cpu_synth/standard_training_1bs/config.json
2025-08-10 17:38:09,333 - training.base_trainer - INFO - Initialized CPCSNNTrainer with config: cpc_snn_gw
2025-08-10 17:38:09,333 - training.base_trainer - INFO - Initialized CPCSNNTrainer with config: cpc_snn_gw
2025-08-10 17:38:21,695 - __main__ - INFO - ⚡ Quick-mode: disabling Orbax checkpoint managers
2025-08-10 17:38:21,695 - __main__ - INFO - ⚡ Quick-mode: disabling Orbax checkpoint managers
2025-08-10 17:38:21,697 - __main__ - INFO -    🔥 Epoch 1/2
2025-08-10 17:38:21,697 - __main__ - INFO -    🔥 Epoch 1/2
2025-08-10 17:42:01,499 - __main__ - INFO -       Step 10/100 loss=0.6215 acc=0.000 | MA20: loss=0.7119 acc=0.500
2025-08-10 17:42:01,499 - __main__ - INFO -       Step 10/100 loss=0.6215 acc=0.000 | MA20: loss=0.7119 acc=0.500
2025-08-10 17:44:56,667 - __main__ - INFO -       Step 20/100 loss=0.4608 acc=1.000 | MA20: loss=0.6786 acc=0.550
2025-08-10 17:44:56,667 - __main__ - INFO -       Step 20/100 loss=0.4608 acc=1.000 | MA20: loss=0.6786 acc=0.550
2025-08-10 17:47:53,544 - __main__ - INFO -       Step 30/100 loss=0.5465 acc=1.000 | MA20: loss=1.0142 acc=0.400
2025-08-10 17:47:53,544 - __main__ - INFO -       Step 30/100 loss=0.5465 acc=1.000 | MA20: loss=1.0142 acc=0.400
2025-08-10 17:50:48,907 - __main__ - INFO -       Step 40/100 loss=1.0828 acc=0.000 | MA20: loss=1.0405 acc=0.350
2025-08-10 17:50:48,907 - __main__ - INFO -       Step 40/100 loss=1.0828 acc=0.000 | MA20: loss=1.0405 acc=0.350
2025-08-10 17:53:46,675 - __main__ - INFO -       Step 50/100 loss=0.7696 acc=0.000 | MA20: loss=0.8142 acc=0.450
2025-08-10 17:53:46,675 - __main__ - INFO -       Step 50/100 loss=0.7696 acc=0.000 | MA20: loss=0.8142 acc=0.450
2025-08-10 17:56:43,705 - __main__ - INFO -       Step 60/100 loss=0.4859 acc=1.000 | MA20: loss=0.9288 acc=0.500
2025-08-10 17:56:43,705 - __main__ - INFO -       Step 60/100 loss=0.4859 acc=1.000 | MA20: loss=0.9288 acc=0.500
2025-08-10 17:59:42,448 - __main__ - INFO -       Step 70/100 loss=0.4248 acc=1.000 | MA20: loss=0.8475 acc=0.550
2025-08-10 17:59:42,448 - __main__ - INFO -       Step 70/100 loss=0.4248 acc=1.000 | MA20: loss=0.8475 acc=0.550
2025-08-10 18:02:40,123 - __main__ - INFO -       Step 80/100 loss=0.4191 acc=1.000 | MA20: loss=0.8012 acc=0.450
2025-08-10 18:02:40,123 - __main__ - INFO -       Step 80/100 loss=0.4191 acc=1.000 | MA20: loss=0.8012 acc=0.450
2025-08-10 18:05:37,086 - __main__ - INFO -       Step 90/100 loss=0.6372 acc=0.000 | MA20: loss=0.7639 acc=0.400
2025-08-10 18:05:37,086 - __main__ - INFO -       Step 90/100 loss=0.6372 acc=0.000 | MA20: loss=0.7639 acc=0.400
2025-08-10 18:08:35,039 - __main__ - INFO -       Step 100/100 loss=0.5716 acc=1.000 | MA20: loss=0.6488 acc=0.600
2025-08-10 18:08:35,039 - __main__ - INFO -       Step 100/100 loss=0.5716 acc=1.000 | MA20: loss=0.6488 acc=0.600
2025-08-10 18:08:35,042 - __main__ - INFO -       Loss: 0.8196, Accuracy: 0.4900
2025-08-10 18:08:35,042 - __main__ - INFO -       Loss: 0.8196, Accuracy: 0.4900
2025-08-10 18:09:24,678 - __main__ - INFO -       Test acc=0.626 | sens=0.151 spec=0.898 prec=0.458 f1=0.227 bal_acc=0.524
2025-08-10 18:09:24,678 - __main__ - INFO -       Test acc=0.626 | sens=0.151 spec=0.898 prec=0.458 f1=0.227 bal_acc=0.524
2025-08-10 18:09:24,688 - training.training_metrics - INFO - New best balanced_accuracy: 0.524362 at epoch 0
2025-08-10 18:09:24,688 - training.training_metrics - INFO - New best balanced_accuracy: 0.524362 at epoch 0
2025-08-10 18:09:24,695 - __main__ - INFO -       🏆 New best balanced accuracy; saving best checkpoint
2025-08-10 18:09:24,695 - __main__ - INFO -       🏆 New best balanced accuracy; saving best checkpoint
2025-08-10 18:09:24,696 - __main__ - INFO -    🔥 Epoch 2/2
2025-08-10 18:09:24,696 - __main__ - INFO -    🔥 Epoch 2/2
2025-08-10 18:12:21,395 - __main__ - INFO -       Step 10/100 loss=0.5499 acc=1.000 | MA20: loss=0.5533 acc=0.800
2025-08-10 18:12:21,395 - __main__ - INFO -       Step 10/100 loss=0.5499 acc=1.000 | MA20: loss=0.5533 acc=0.800
2025-08-10 18:15:21,196 - __main__ - INFO -       Step 20/100 loss=0.5039 acc=1.000 | MA20: loss=0.6599 acc=0.700
2025-08-10 18:15:21,196 - __main__ - INFO -       Step 20/100 loss=0.5039 acc=1.000 | MA20: loss=0.6599 acc=0.700
2025-08-10 18:18:25,778 - __main__ - INFO -       Step 30/100 loss=0.5630 acc=1.000 | MA20: loss=0.7487 acc=0.500
2025-08-10 18:18:25,778 - __main__ - INFO -       Step 30/100 loss=0.5630 acc=1.000 | MA20: loss=0.7487 acc=0.500
2025-08-10 18:21:28,932 - __main__ - INFO -       Step 40/100 loss=0.6775 acc=0.000 | MA20: loss=0.7145 acc=0.400
2025-08-10 18:21:28,932 - __main__ - INFO -       Step 40/100 loss=0.6775 acc=0.000 | MA20: loss=0.7145 acc=0.400
2025-08-10 18:24:30,569 - __main__ - INFO -       Step 50/100 loss=1.3338 acc=0.000 | MA20: loss=0.7489 acc=0.450
2025-08-10 18:24:30,569 - __main__ - INFO -       Step 50/100 loss=1.3338 acc=0.000 | MA20: loss=0.7489 acc=0.450
2025-08-10 18:27:37,126 - __main__ - INFO -       Step 60/100 loss=0.4522 acc=1.000 | MA20: loss=0.7935 acc=0.500
2025-08-10 18:27:37,126 - __main__ - INFO -       Step 60/100 loss=0.4522 acc=1.000 | MA20: loss=0.7935 acc=0.500
2025-08-10 18:30:45,626 - __main__ - INFO -       Step 70/100 loss=1.0674 acc=0.000 | MA20: loss=0.8456 acc=0.350
2025-08-10 18:30:45,626 - __main__ - INFO -       Step 70/100 loss=1.0674 acc=0.000 | MA20: loss=0.8456 acc=0.350
2025-08-10 18:33:52,697 - __main__ - INFO -       Step 80/100 loss=0.5149 acc=1.000 | MA20: loss=0.8323 acc=0.450
2025-08-10 18:33:52,697 - __main__ - INFO -       Step 80/100 loss=0.5149 acc=1.000 | MA20: loss=0.8323 acc=0.450
2025-08-10 18:37:02,021 - __main__ - INFO -       Step 90/100 loss=1.0024 acc=0.000 | MA20: loss=0.7071 acc=0.650
2025-08-10 18:37:02,021 - __main__ - INFO -       Step 90/100 loss=1.0024 acc=0.000 | MA20: loss=0.7071 acc=0.650
2025-08-10 18:40:12,675 - __main__ - INFO -       Step 100/100 loss=0.4458 acc=1.000 | MA20: loss=0.7061 acc=0.650
2025-08-10 18:40:12,675 - __main__ - INFO -       Step 100/100 loss=0.4458 acc=1.000 | MA20: loss=0.7061 acc=0.650
2025-08-10 18:40:12,682 - __main__ - INFO -       Loss: 0.7413, Accuracy: 0.5400
2025-08-10 18:40:12,682 - __main__ - INFO -       Loss: 0.7413, Accuracy: 0.5400
2025-08-10 18:40:33,658 - __main__ - INFO -       Test acc=0.369 | sens=0.986 spec=0.016 prec=0.365 f1=0.532 bal_acc=0.501
2025-08-10 18:40:33,658 - __main__ - INFO -       Test acc=0.369 | sens=0.986 spec=0.016 prec=0.365 f1=0.532 bal_acc=0.501
2025-08-10 18:40:33,677 - __main__ - INFO - 🎉 REAL Training completed in 3744.4s!
2025-08-10 18:40:33,677 - __main__ - INFO - 🎉 REAL Training completed in 3744.4s!
2025-08-10 18:40:33,679 - training.test_evaluation - INFO - 
🧪 Evaluating on test set...
2025-08-10 18:40:33,679 - training.test_evaluation - INFO - 
🧪 Evaluating on test set...
