2025-09-06 18:44:37,651 - training.training_utils - INFO - JAX devices: [CudaDevice(id=0)]
2025-09-06 18:44:37,651 - training.training_utils - INFO - JAX platform: gpu
2025-09-06 18:44:38,121 - training.training_metrics - INFO - W&B tracking initialized
2025-09-06 18:44:38,123 - training.training_metrics - INFO - TensorBoard logging to: outputs/h100_e60_b16_xai_pycbc/standard_training_16bs/tensorboard
2025-09-06 18:44:38,123 - training.base_trainer - INFO - Using basic experiment tracker
2025-09-06 18:44:38,123 - training.training_utils - INFO - Configuration saved to outputs/h100_e60_b16_xai_pycbc/standard_training_16bs/config.json
2025-09-06 18:44:38,125 - training.base_trainer - INFO - Initialized CPCSNNTrainer with config: cpc_snn_gw
2025-09-06 18:44:38,126 - __main__ - INFO - 🚀 Creating CPC+SNN model with SpikeBridge...
2025-09-06 18:44:38,127 - __main__ - INFO - 📊 Creating data loaders...
2025-09-06 18:44:38,128 - data.gw_dataset_builder - WARNING - TensorFlow not available - TFRecord export disabled
2025-09-06 18:44:38,128 - __main__ - INFO -    Creating REAL LIGO dataset with GW150914 data...
2025-09-06 18:44:38,881 - __main__ - WARNING -    PyCBC dataset unavailable: PSD not compatible with requested delta_t
2025-09-06 18:44:38,881 - data.real_ligo_integration - INFO - 🚀 Creating ENHANCED dataset with 2000 target samples
2025-09-06 18:44:38,881 - data.real_ligo_integration - INFO -    Enhanced overlap: 90.0%
2025-09-06 18:44:38,882 - data.real_ligo_integration - INFO -    Data augmentation: True
2025-09-06 18:44:38,882 - data.real_ligo_integration - INFO - ✅ ReadLIGO available - loading real GW150914 data
2025-09-06 18:44:38,905 - data.real_ligo_integration - INFO - ✅ Successfully loaded real GW150914 strain data (source=readligo): 2048 samples
2025-09-06 18:44:38,906 - data.real_ligo_integration - INFO - 📊 Strain amplitude range: -7.60e-21 to -2.08e-21
2025-09-06 18:44:38,906 - data.real_ligo_integration - INFO - 📡 Processing real LIGO data with enhanced windowing...
2025-09-06 18:44:38,907 - data.real_ligo_integration - INFO - ✅ Real LIGO windows: 7 (overlap=50.0%)
2025-09-06 18:44:39,030 - data.real_ligo_integration - INFO - 🔄 Applying data augmentation to real LIGO data...
2025-09-06 18:44:39,323 - data.real_ligo_integration - INFO - ✅ Augmented data: +35 samples
2025-09-06 18:44:39,372 - data.real_ligo_integration - INFO - 🔄 Generating 1958 synthetic GW samples...
2025-09-06 18:44:46,764 - data.real_ligo_integration - INFO - 🎯 ENHANCED DATASET CREATED:
2025-09-06 18:44:46,765 - data.real_ligo_integration - INFO -    Total samples: 2000
2025-09-06 18:44:46,765 - data.real_ligo_integration - INFO -    Window size: 512
2025-09-06 18:44:46,860 - data.real_ligo_integration - INFO -    GW signals: 709 (35.5%)
2025-09-06 18:44:46,894 - data.real_ligo_integration - INFO -    Noise samples: 1291 (64.6%)
2025-09-06 18:44:47,718 - utils.data_split - INFO - 📊 Creating stratified split (train: 80.0%):
2025-09-06 18:44:47,719 - utils.data_split - INFO -    Class 0 samples: 1291
2025-09-06 18:44:47,719 - utils.data_split - INFO -    Class 1 samples: 709
2025-09-06 18:44:49,884 - utils.data_split - INFO - 📊 Dataset split completed:
2025-09-06 18:44:49,884 - utils.data_split - INFO -    Train: 1599 samples
2025-09-06 18:44:49,884 - utils.data_split - INFO -    Test: 401 samples
2025-09-06 18:44:49,936 - utils.data_split - INFO -    Train class balance: 35.5% positive
2025-09-06 18:44:49,982 - utils.data_split - INFO -    Test class balance: 35.4% positive
2025-09-06 18:44:50,058 - utils.data_split - INFO - ✅ Balanced test set: 35.4% positive
2025-09-06 18:44:50,059 - __main__ - INFO -    Enhanced REAL LIGO samples: train=1599, test=401
2025-09-06 18:44:50,059 - __main__ - INFO - ⏳ Starting real training loop...
2025-09-06 18:44:50,059 - __main__ - INFO -    Training data shape: (1599, 512)
2025-09-06 18:44:50,059 - __main__ - INFO -    Labels shape: (1599,)
2025-09-06 18:44:50,059 - __main__ - INFO -    Running 10 epochs...
2025-09-06 18:44:50,059 - __main__ - INFO - 🚀 Starting REAL CPC+SNN training pipeline!
2025-09-06 18:44:50,060 - training.training_utils - INFO - JAX devices: [CudaDevice(id=0)]
2025-09-06 18:44:50,060 - training.training_utils - INFO - JAX platform: gpu
2025-09-06 18:44:50,061 - training.training_metrics - INFO - W&B tracking - using existing run
2025-09-06 18:44:50,061 - training.base_trainer - INFO - Using basic experiment tracker
2025-09-06 18:44:50,061 - training.training_utils - INFO - Configuration saved to outputs/h100_e60_b16_xai_pycbc/standard_training_16bs/config.json
2025-09-06 18:44:50,062 - training.base_trainer - INFO - Initialized CPCSNNTrainer with config: cpc_snn_gw
2025-09-06 18:45:06,059 - __main__ - INFO -    🔥 Epoch 1/10
2025-09-06 18:47:35,275 - __main__ - INFO -       Step 10/100 loss=0.8113 acc=0.375 | MA20: loss=0.7027 acc=0.406
2025-09-06 18:49:15,910 - __main__ - INFO -       Step 20/100 loss=0.5429 acc=0.562 | MA20: loss=0.6540 acc=0.463
2025-09-06 18:49:36,197 - asyncio - WARNING - socket.send() raised exception.
2025-09-06 18:49:36,243 - asyncio - WARNING - socket.send() raised exception.
2025-09-06 18:49:36,243 - asyncio - WARNING - socket.send() raised exception.
2025-09-06 18:49:36,248 - asyncio - WARNING - socket.send() raised exception.
2025-09-06 18:49:36,248 - asyncio - WARNING - socket.send() raised exception.
2025-09-06 18:49:36,254 - asyncio - WARNING - socket.send() raised exception.
2025-09-06 18:49:36,259 - asyncio - WARNING - socket.send() raised exception.
2025-09-06 18:49:36,264 - asyncio - WARNING - socket.send() raised exception.
2025-09-06 18:49:36,270 - asyncio - WARNING - socket.send() raised exception.
2025-09-06 18:49:36,300 - asyncio - WARNING - socket.send() raised exception.
2025-09-06 18:49:36,479 - asyncio - WARNING - socket.send() raised exception.
2025-09-06 18:49:36,581 - asyncio - WARNING - socket.send() raised exception.
2025-09-06 18:49:36,640 - asyncio - WARNING - socket.send() raised exception.
2025-09-06 18:49:36,697 - asyncio - WARNING - socket.send() raised exception.
2025-09-06 18:49:36,808 - asyncio - WARNING - socket.send() raised exception.
2025-09-06 18:49:36,937 - asyncio - WARNING - socket.send() raised exception.
2025-09-06 18:49:37,317 - asyncio - WARNING - socket.send() raised exception.
2025-09-06 18:49:37,378 - asyncio - WARNING - socket.send() raised exception.
