2025-08-10 16:09:18,831 - training.training_utils - INFO - JAX devices: [CudaDevice(id=0)]
2025-08-10 16:09:18,832 - training.training_utils - INFO - JAX platform: gpu
2025-08-10 16:09:18,834 - training.base_trainer - INFO - Using basic experiment tracker
2025-08-10 16:09:18,839 - training.training_utils - INFO - Configuration saved to outputs/sanity_2ep_cpu/standard_training_1bs/config.json
2025-08-10 16:09:18,841 - training.base_trainer - INFO - Initialized CPCSNNTrainer with config: cpc_snn_gw
2025-08-10 16:09:18,843 - __main__ - INFO - 🚀 Creating CPC+SNN model with SpikeBridge...
2025-08-10 16:09:18,845 - __main__ - INFO - 📊 Creating data loaders...
2025-08-10 16:09:18,858 - data.gw_dataset_builder - WARNING - TensorFlow not available - TFRecord export disabled
2025-08-10 16:09:18,859 - __main__ - INFO -    Creating REAL LIGO dataset with GW150914 data...
2025-08-10 16:09:18,879 - __main__ - INFO -    ⚡ Quick mode: using lightweight real LIGO windows (no augmentation)
2025-08-10 16:09:18,880 - data.real_ligo_integration - INFO - 🌊 Attempting to download real GW150914 data...
2025-08-10 16:09:18,883 - data.real_ligo_integration - WARNING - ❌ ReadLIGO loading failed: ModuleNotFoundError: No module named 'readligo'
2025-08-10 16:09:18,887 - data.real_ligo_integration - INFO - ✅ Using h5py fallback - loading LOSC HDF5 files directly
2025-08-10 16:09:18,974 - data.real_ligo_integration - INFO - ✅ Successfully loaded real GW150914 strain data (source=h5py): 2048 samples
2025-08-10 16:09:18,976 - data.real_ligo_integration - INFO - 📊 Strain amplitude range: -7.60e-21 to -2.08e-21
2025-08-10 16:09:18,977 - data.real_ligo_integration - INFO - ✅ GW150914 strain data obtained: 2048 samples
2025-08-10 16:09:18,988 - data.real_ligo_integration - INFO - 🌊 Created proper windowed dataset:
2025-08-10 16:09:18,989 - data.real_ligo_integration - INFO -    Total windows: 15
2025-08-10 16:09:18,990 - data.real_ligo_integration - INFO -    Window size: 256
2025-08-10 16:09:19,472 - data.real_ligo_integration - INFO -    Signal windows (label=1): 3
2025-08-10 16:09:19,673 - data.real_ligo_integration - INFO -    Noise windows (label=0): 12
2025-08-10 16:09:19,861 - data.real_ligo_integration - INFO -    Class balance: 20.0% positive
2025-08-10 16:09:23,784 - utils.data_split - INFO - 📊 Creating stratified split (train: 80.0%):
2025-08-10 16:09:23,785 - utils.data_split - INFO -    Class 0 samples: 12
2025-08-10 16:09:23,786 - utils.data_split - INFO -    Class 1 samples: 3
2025-08-10 16:09:30,005 - utils.data_split - INFO - 📊 Dataset split completed:
2025-08-10 16:09:30,006 - utils.data_split - INFO -    Train: 11 samples
2025-08-10 16:09:30,007 - utils.data_split - INFO -    Test: 4 samples
2025-08-10 16:09:30,200 - utils.data_split - INFO -    Train class balance: 18.2% positive
2025-08-10 16:09:30,400 - utils.data_split - INFO -    Test class balance: 25.0% positive
2025-08-10 16:09:30,791 - utils.data_split - INFO - ✅ Balanced test set: 25.0% positive
2025-08-10 16:09:30,792 - __main__ - INFO -    Quick REAL LIGO samples: train=11, test=4
2025-08-10 16:09:30,793 - __main__ - INFO - ⏳ Starting real training loop...
2025-08-10 16:09:30,794 - __main__ - INFO -    Training data shape: (11, 256)
2025-08-10 16:09:30,795 - __main__ - INFO -    Labels shape: (11,)
2025-08-10 16:09:30,796 - __main__ - INFO -    Running 2 epochs...
2025-08-10 16:09:30,797 - __main__ - INFO - 🚀 Starting REAL CPC+SNN training pipeline!
2025-08-10 16:09:30,817 - training.training_utils - INFO - JAX devices: [CudaDevice(id=0)]
2025-08-10 16:09:30,817 - training.training_utils - INFO - JAX devices: [CudaDevice(id=0)]
2025-08-10 16:09:30,819 - training.training_utils - INFO - JAX platform: gpu
2025-08-10 16:09:30,819 - training.training_utils - INFO - JAX platform: gpu
2025-08-10 16:09:30,821 - training.base_trainer - INFO - Using basic experiment tracker
2025-08-10 16:09:30,821 - training.base_trainer - INFO - Using basic experiment tracker
2025-08-10 16:09:30,827 - training.training_utils - INFO - Configuration saved to outputs/sanity_2ep_cpu/standard_training_1bs/config.json
2025-08-10 16:09:30,827 - training.training_utils - INFO - Configuration saved to outputs/sanity_2ep_cpu/standard_training_1bs/config.json
2025-08-10 16:09:30,829 - training.base_trainer - INFO - Initialized CPCSNNTrainer with config: cpc_snn_gw
2025-08-10 16:09:30,829 - training.base_trainer - INFO - Initialized CPCSNNTrainer with config: cpc_snn_gw
2025-08-10 16:10:31,588 - absl - INFO - Created BasePyTreeCheckpointHandler: use_ocdbt=True, use_zarr3=False, pytree_metadata_options=PyTreeMetadataOptions(support_rich_types=False), array_metadata_store=<orbax.checkpoint._src.metadata.array_metadata_store.Store object at 0x724f9aa615b0>, enable_pinned_host_transfer=True, save_concurrent_bytes: 96000000000 (89.4 GiB), restore_concurrent_bytes: 96000000000 (89.4 GiB)
2025-08-10 16:10:31,588 - absl - INFO - Created BasePyTreeCheckpointHandler: use_ocdbt=True, use_zarr3=False, pytree_metadata_options=PyTreeMetadataOptions(support_rich_types=False), array_metadata_store=<orbax.checkpoint._src.metadata.array_metadata_store.Store object at 0x724f9aa615b0>, enable_pinned_host_transfer=True, save_concurrent_bytes: 96000000000 (89.4 GiB), restore_concurrent_bytes: 96000000000 (89.4 GiB)
2025-08-10 16:10:31,589 - absl - INFO - orbax-checkpoint version: 0.11.21
2025-08-10 16:10:31,589 - absl - INFO - orbax-checkpoint version: 0.11.21
2025-08-10 16:10:31,591 - __main__ - WARNING - Orbax managers unavailable: CheckpointManager.__init__() got an unexpected keyword argument 'checkpointer'
2025-08-10 16:10:31,591 - __main__ - WARNING - Orbax managers unavailable: CheckpointManager.__init__() got an unexpected keyword argument 'checkpointer'
2025-08-10 16:10:31,592 - __main__ - INFO -    🔥 Epoch 1/2
2025-08-10 16:10:31,592 - __main__ - INFO -    🔥 Epoch 1/2
2025-08-10 16:18:42,173 - __main__ - INFO -       Step 10/11 loss=0.3872 acc=1.000 | MA20: loss=0.5731 acc=0.600
2025-08-10 16:18:42,173 - __main__ - INFO -       Step 10/11 loss=0.3872 acc=1.000 | MA20: loss=0.5731 acc=0.600
2025-08-10 16:19:15,347 - __main__ - INFO -       Loss: 0.5568, Accuracy: 0.6364
2025-08-10 16:19:15,347 - __main__ - INFO -       Loss: 0.5568, Accuracy: 0.6364
2025-08-10 16:19:15,396 - __main__ - WARNING - Per-epoch eval skipped: No module named 'sklearn'
2025-08-10 16:19:15,396 - __main__ - WARNING - Per-epoch eval skipped: No module named 'sklearn'
2025-08-10 16:19:15,398 - __main__ - INFO -    🔥 Epoch 2/2
2025-08-10 16:19:15,398 - __main__ - INFO -    🔥 Epoch 2/2
2025-08-10 16:24:16,892 - __main__ - INFO -       Step 10/11 loss=0.8333 acc=0.000 | MA20: loss=0.5856 acc=0.400
2025-08-10 16:24:16,892 - __main__ - INFO -       Step 10/11 loss=0.8333 acc=0.000 | MA20: loss=0.5856 acc=0.400
2025-08-10 16:24:46,026 - __main__ - INFO -       Loss: 0.5712, Accuracy: 0.4545
2025-08-10 16:24:46,026 - __main__ - INFO -       Loss: 0.5712, Accuracy: 0.4545
2025-08-10 16:24:46,040 - __main__ - WARNING - Per-epoch eval skipped: No module named 'sklearn'
2025-08-10 16:24:46,040 - __main__ - WARNING - Per-epoch eval skipped: No module named 'sklearn'
2025-08-10 16:24:46,042 - __main__ - INFO - 🎉 REAL Training completed in 915.2s!
2025-08-10 16:24:46,042 - __main__ - INFO - 🎉 REAL Training completed in 915.2s!
2025-08-10 16:24:46,053 - __main__ - ERROR - Training loop failed: No module named 'sklearn'
2025-08-10 16:24:46,053 - __main__ - ERROR - Training loop failed: No module named 'sklearn'
2025-08-10 16:24:46,075 - __main__ - ERROR - ❌ Training failed!
2025-08-10 16:24:46,075 - __main__ - ERROR - ❌ Training failed!
2025-08-10 16:34:36,614 - training.training_utils - INFO - JAX devices: [CpuDevice(id=0)]
2025-08-10 16:34:36,616 - training.training_utils - INFO - JAX platform: cpu
2025-08-10 16:34:36,617 - training.base_trainer - INFO - Using basic experiment tracker
2025-08-10 16:34:36,621 - training.training_utils - INFO - Configuration saved to outputs/sanity_2ep_cpu/standard_training_1bs/config.json
2025-08-10 16:34:36,623 - training.base_trainer - INFO - Initialized CPCSNNTrainer with config: cpc_snn_gw
2025-08-10 16:34:37,226 - __main__ - INFO - 🚀 Creating CPC+SNN model with SpikeBridge...
2025-08-10 16:34:37,228 - __main__ - INFO - 📊 Creating data loaders...
2025-08-10 16:34:37,238 - data.gw_dataset_builder - WARNING - TensorFlow not available - TFRecord export disabled
2025-08-10 16:34:37,240 - __main__ - INFO -    Creating REAL LIGO dataset with GW150914 data...
2025-08-10 16:34:37,259 - __main__ - INFO -    ⚡ Quick mode: using lightweight real LIGO windows (no augmentation)
2025-08-10 16:34:37,260 - data.real_ligo_integration - INFO - 🌊 Attempting to download real GW150914 data...
2025-08-10 16:34:37,262 - data.real_ligo_integration - WARNING - ❌ ReadLIGO loading failed: ModuleNotFoundError: No module named 'readligo'
2025-08-10 16:34:37,265 - data.real_ligo_integration - INFO - ✅ Using h5py fallback - loading LOSC HDF5 files directly
2025-08-10 16:34:37,356 - data.real_ligo_integration - INFO - ✅ Successfully loaded real GW150914 strain data (source=h5py): 2048 samples
2025-08-10 16:34:37,357 - data.real_ligo_integration - INFO - 📊 Strain amplitude range: -7.60e-21 to -2.08e-21
2025-08-10 16:34:37,360 - data.real_ligo_integration - INFO - ✅ GW150914 strain data obtained: 2048 samples
2025-08-10 16:34:37,371 - data.real_ligo_integration - INFO - 🌊 Created proper windowed dataset:
2025-08-10 16:34:37,372 - data.real_ligo_integration - INFO -    Total windows: 15
2025-08-10 16:34:37,372 - data.real_ligo_integration - INFO -    Window size: 256
2025-08-10 16:34:37,458 - data.real_ligo_integration - INFO -    Signal windows (label=1): 3
2025-08-10 16:34:37,488 - data.real_ligo_integration - INFO -    Noise windows (label=0): 12
2025-08-10 16:34:37,521 - data.real_ligo_integration - INFO -    Class balance: 20.0% positive
2025-08-10 16:34:38,333 - utils.data_split - INFO - 📊 Creating stratified split (train: 80.0%):
2025-08-10 16:34:38,334 - utils.data_split - INFO -    Class 0 samples: 12
2025-08-10 16:34:38,335 - utils.data_split - INFO -    Class 1 samples: 3
2025-08-10 16:34:39,488 - utils.data_split - INFO - 📊 Dataset split completed:
2025-08-10 16:34:39,490 - utils.data_split - INFO -    Train: 11 samples
2025-08-10 16:34:39,490 - utils.data_split - INFO -    Test: 4 samples
2025-08-10 16:34:39,517 - utils.data_split - INFO -    Train class balance: 18.2% positive
2025-08-10 16:34:39,544 - utils.data_split - INFO -    Test class balance: 25.0% positive
2025-08-10 16:34:39,598 - utils.data_split - INFO - ✅ Balanced test set: 25.0% positive
2025-08-10 16:34:39,599 - __main__ - INFO -    Quick REAL LIGO samples: train=11, test=4
2025-08-10 16:34:39,600 - __main__ - INFO - ⏳ Starting real training loop...
2025-08-10 16:34:39,601 - __main__ - INFO -    Training data shape: (11, 256)
2025-08-10 16:34:39,602 - __main__ - INFO -    Labels shape: (11,)
2025-08-10 16:34:39,603 - __main__ - INFO -    Running 2 epochs...
2025-08-10 16:34:39,604 - __main__ - INFO - 🚀 Starting REAL CPC+SNN training pipeline!
2025-08-10 16:34:39,624 - training.training_utils - INFO - JAX devices: [CpuDevice(id=0)]
2025-08-10 16:34:39,624 - training.training_utils - INFO - JAX devices: [CpuDevice(id=0)]
2025-08-10 16:34:39,625 - training.training_utils - INFO - JAX platform: cpu
2025-08-10 16:34:39,625 - training.training_utils - INFO - JAX platform: cpu
2025-08-10 16:34:39,627 - training.base_trainer - INFO - Using basic experiment tracker
2025-08-10 16:34:39,627 - training.base_trainer - INFO - Using basic experiment tracker
2025-08-10 16:34:39,632 - training.training_utils - INFO - Configuration saved to outputs/sanity_2ep_cpu/standard_training_1bs/config.json
2025-08-10 16:34:39,632 - training.training_utils - INFO - Configuration saved to outputs/sanity_2ep_cpu/standard_training_1bs/config.json
2025-08-10 16:34:39,633 - training.base_trainer - INFO - Initialized CPCSNNTrainer with config: cpc_snn_gw
2025-08-10 16:34:39,633 - training.base_trainer - INFO - Initialized CPCSNNTrainer with config: cpc_snn_gw
2025-08-10 16:34:51,392 - absl - INFO - Created BasePyTreeCheckpointHandler: use_ocdbt=True, use_zarr3=False, pytree_metadata_options=PyTreeMetadataOptions(support_rich_types=False), array_metadata_store=<orbax.checkpoint._src.metadata.array_metadata_store.Store object at 0x701bc9e51850>, enable_pinned_host_transfer=False, save_concurrent_bytes: 96000000000 (89.4 GiB), restore_concurrent_bytes: 96000000000 (89.4 GiB)
2025-08-10 16:34:51,392 - absl - INFO - Created BasePyTreeCheckpointHandler: use_ocdbt=True, use_zarr3=False, pytree_metadata_options=PyTreeMetadataOptions(support_rich_types=False), array_metadata_store=<orbax.checkpoint._src.metadata.array_metadata_store.Store object at 0x701bc9e51850>, enable_pinned_host_transfer=False, save_concurrent_bytes: 96000000000 (89.4 GiB), restore_concurrent_bytes: 96000000000 (89.4 GiB)
2025-08-10 16:34:51,393 - absl - INFO - orbax-checkpoint version: 0.11.21
2025-08-10 16:34:51,393 - absl - INFO - orbax-checkpoint version: 0.11.21
2025-08-10 16:34:51,395 - __main__ - WARNING - Orbax managers unavailable: CheckpointManager.__init__() got an unexpected keyword argument 'checkpointer'
2025-08-10 16:34:51,395 - __main__ - WARNING - Orbax managers unavailable: CheckpointManager.__init__() got an unexpected keyword argument 'checkpointer'
2025-08-10 16:34:51,396 - __main__ - INFO -    🔥 Epoch 1/2
2025-08-10 16:34:51,396 - __main__ - INFO -    🔥 Epoch 1/2
2025-08-10 16:37:59,816 - __main__ - INFO -       Step 10/11 loss=0.5339 acc=1.000 | MA20: loss=0.5690 acc=0.600
2025-08-10 16:37:59,816 - __main__ - INFO -       Step 10/11 loss=0.5339 acc=1.000 | MA20: loss=0.5690 acc=0.600
2025-08-10 16:38:16,124 - __main__ - INFO -       Loss: 0.5575, Accuracy: 0.6364
2025-08-10 16:38:16,124 - __main__ - INFO -       Loss: 0.5575, Accuracy: 0.6364
2025-08-10 16:38:22,950 - __main__ - WARNING - Per-epoch eval skipped: spike_bridge needs PRNG for "spike_noise" (https://flax.readthedocs.io/en/latest/api_reference/flax.errors.html#flax.errors.InvalidRngError)
2025-08-10 16:38:22,950 - __main__ - WARNING - Per-epoch eval skipped: spike_bridge needs PRNG for "spike_noise" (https://flax.readthedocs.io/en/latest/api_reference/flax.errors.html#flax.errors.InvalidRngError)
2025-08-10 16:38:22,952 - __main__ - INFO -    🔥 Epoch 2/2
2025-08-10 16:38:22,952 - __main__ - INFO -    🔥 Epoch 2/2
2025-08-10 16:40:58,332 - __main__ - INFO -       Step 10/11 loss=0.5269 acc=1.000 | MA20: loss=0.5776 acc=0.600
2025-08-10 16:40:58,332 - __main__ - INFO -       Step 10/11 loss=0.5269 acc=1.000 | MA20: loss=0.5776 acc=0.600
2025-08-10 16:41:13,590 - __main__ - INFO -       Loss: 0.6474, Accuracy: 0.5455
2025-08-10 16:41:13,590 - __main__ - INFO -       Loss: 0.6474, Accuracy: 0.5455
2025-08-10 16:41:14,810 - __main__ - WARNING - Per-epoch eval skipped: spike_bridge needs PRNG for "spike_noise" (https://flax.readthedocs.io/en/latest/api_reference/flax.errors.html#flax.errors.InvalidRngError)
2025-08-10 16:41:14,810 - __main__ - WARNING - Per-epoch eval skipped: spike_bridge needs PRNG for "spike_noise" (https://flax.readthedocs.io/en/latest/api_reference/flax.errors.html#flax.errors.InvalidRngError)
2025-08-10 16:41:14,812 - __main__ - INFO - 🎉 REAL Training completed in 395.2s!
2025-08-10 16:41:14,812 - __main__ - INFO - 🎉 REAL Training completed in 395.2s!
2025-08-10 16:41:14,813 - training.test_evaluation - INFO - 
🧪 Evaluating on test set...
2025-08-10 16:41:14,813 - training.test_evaluation - INFO - 
🧪 Evaluating on test set...
2025-08-10 16:41:16,024 - __main__ - ERROR - Training loop failed: spike_bridge needs PRNG for "spike_noise" (https://flax.readthedocs.io/en/latest/api_reference/flax.errors.html#flax.errors.InvalidRngError)
2025-08-10 16:41:16,024 - __main__ - ERROR - Training loop failed: spike_bridge needs PRNG for "spike_noise" (https://flax.readthedocs.io/en/latest/api_reference/flax.errors.html#flax.errors.InvalidRngError)
2025-08-10 16:41:16,043 - __main__ - ERROR - ❌ Training failed!
2025-08-10 16:41:16,043 - __main__ - ERROR - ❌ Training failed!
2025-08-10 16:48:40,504 - training.training_utils - INFO - JAX devices: [CpuDevice(id=0)]
2025-08-10 16:48:40,505 - training.training_utils - INFO - JAX platform: cpu
2025-08-10 16:48:40,507 - training.base_trainer - INFO - Using basic experiment tracker
2025-08-10 16:48:40,511 - training.training_utils - INFO - Configuration saved to outputs/sanity_2ep_cpu/standard_training_1bs/config.json
2025-08-10 16:48:40,512 - training.base_trainer - INFO - Initialized CPCSNNTrainer with config: cpc_snn_gw
2025-08-10 16:48:41,040 - __main__ - INFO - 🚀 Creating CPC+SNN model with SpikeBridge...
2025-08-10 16:48:41,043 - __main__ - INFO - 📊 Creating data loaders...
2025-08-10 16:48:41,054 - data.gw_dataset_builder - WARNING - TensorFlow not available - TFRecord export disabled
2025-08-10 16:48:41,056 - __main__ - INFO -    Creating REAL LIGO dataset with GW150914 data...
2025-08-10 16:48:41,075 - __main__ - INFO -    ⚡ Quick mode: using lightweight real LIGO windows (no augmentation)
2025-08-10 16:48:41,077 - data.real_ligo_integration - INFO - 🌊 Attempting to download real GW150914 data...
2025-08-10 16:48:41,078 - data.real_ligo_integration - WARNING - ❌ ReadLIGO loading failed: ModuleNotFoundError: No module named 'readligo'
2025-08-10 16:48:41,082 - data.real_ligo_integration - INFO - ✅ Using h5py fallback - loading LOSC HDF5 files directly
2025-08-10 16:48:41,178 - data.real_ligo_integration - INFO - ✅ Successfully loaded real GW150914 strain data (source=h5py): 2048 samples
2025-08-10 16:48:41,179 - data.real_ligo_integration - INFO - 📊 Strain amplitude range: -7.60e-21 to -2.08e-21
2025-08-10 16:48:41,182 - data.real_ligo_integration - INFO - ✅ GW150914 strain data obtained: 2048 samples
2025-08-10 16:48:41,193 - data.real_ligo_integration - INFO - 🌊 Created proper windowed dataset:
2025-08-10 16:48:41,194 - data.real_ligo_integration - INFO -    Total windows: 15
2025-08-10 16:48:41,195 - data.real_ligo_integration - INFO -    Window size: 256
2025-08-10 16:48:41,264 - data.real_ligo_integration - INFO -    Signal windows (label=1): 3
2025-08-10 16:48:41,296 - data.real_ligo_integration - INFO -    Noise windows (label=0): 12
2025-08-10 16:48:41,333 - data.real_ligo_integration - INFO -    Class balance: 20.0% positive
2025-08-10 16:48:42,121 - utils.data_split - INFO - 📊 Creating stratified split (train: 80.0%):
2025-08-10 16:48:42,123 - utils.data_split - INFO -    Class 0 samples: 12
2025-08-10 16:48:42,124 - utils.data_split - INFO -    Class 1 samples: 3
2025-08-10 16:48:43,303 - utils.data_split - INFO - 📊 Dataset split completed:
2025-08-10 16:48:43,304 - utils.data_split - INFO -    Train: 11 samples
2025-08-10 16:48:43,305 - utils.data_split - INFO -    Test: 4 samples
2025-08-10 16:48:43,334 - utils.data_split - INFO -    Train class balance: 18.2% positive
2025-08-10 16:48:43,363 - utils.data_split - INFO -    Test class balance: 25.0% positive
2025-08-10 16:48:43,419 - utils.data_split - INFO - ✅ Balanced test set: 25.0% positive
2025-08-10 16:48:43,421 - __main__ - INFO -    Quick REAL LIGO samples: train=11, test=4
2025-08-10 16:48:43,422 - __main__ - INFO - ⏳ Starting real training loop...
2025-08-10 16:48:43,423 - __main__ - INFO -    Training data shape: (11, 256)
2025-08-10 16:48:43,424 - __main__ - INFO -    Labels shape: (11,)
2025-08-10 16:48:43,425 - __main__ - INFO -    Running 2 epochs...
2025-08-10 16:48:43,426 - __main__ - INFO - 🚀 Starting REAL CPC+SNN training pipeline!
2025-08-10 16:48:43,448 - training.training_utils - INFO - JAX devices: [CpuDevice(id=0)]
2025-08-10 16:48:43,448 - training.training_utils - INFO - JAX devices: [CpuDevice(id=0)]
2025-08-10 16:48:43,450 - training.training_utils - INFO - JAX platform: cpu
2025-08-10 16:48:43,450 - training.training_utils - INFO - JAX platform: cpu
2025-08-10 16:48:43,452 - training.base_trainer - INFO - Using basic experiment tracker
2025-08-10 16:48:43,452 - training.base_trainer - INFO - Using basic experiment tracker
2025-08-10 16:48:43,457 - training.training_utils - INFO - Configuration saved to outputs/sanity_2ep_cpu/standard_training_1bs/config.json
2025-08-10 16:48:43,457 - training.training_utils - INFO - Configuration saved to outputs/sanity_2ep_cpu/standard_training_1bs/config.json
2025-08-10 16:48:43,459 - training.base_trainer - INFO - Initialized CPCSNNTrainer with config: cpc_snn_gw
2025-08-10 16:48:43,459 - training.base_trainer - INFO - Initialized CPCSNNTrainer with config: cpc_snn_gw
2025-08-10 16:48:55,772 - absl - INFO - Created BasePyTreeCheckpointHandler: use_ocdbt=True, use_zarr3=False, pytree_metadata_options=PyTreeMetadataOptions(support_rich_types=False), array_metadata_store=<orbax.checkpoint._src.metadata.array_metadata_store.Store object at 0x748e19495d30>, enable_pinned_host_transfer=False, save_concurrent_bytes: 96000000000 (89.4 GiB), restore_concurrent_bytes: 96000000000 (89.4 GiB)
2025-08-10 16:48:55,772 - absl - INFO - Created BasePyTreeCheckpointHandler: use_ocdbt=True, use_zarr3=False, pytree_metadata_options=PyTreeMetadataOptions(support_rich_types=False), array_metadata_store=<orbax.checkpoint._src.metadata.array_metadata_store.Store object at 0x748e19495d30>, enable_pinned_host_transfer=False, save_concurrent_bytes: 96000000000 (89.4 GiB), restore_concurrent_bytes: 96000000000 (89.4 GiB)
2025-08-10 16:48:55,773 - absl - INFO - orbax-checkpoint version: 0.11.21
2025-08-10 16:48:55,773 - absl - INFO - orbax-checkpoint version: 0.11.21
2025-08-10 16:48:55,775 - __main__ - WARNING - Orbax managers unavailable: CheckpointManager.__init__() got an unexpected keyword argument 'checkpointer'
2025-08-10 16:48:55,775 - __main__ - WARNING - Orbax managers unavailable: CheckpointManager.__init__() got an unexpected keyword argument 'checkpointer'
2025-08-10 16:48:55,776 - __main__ - INFO -    🔥 Epoch 1/2
2025-08-10 16:48:55,776 - __main__ - INFO -    🔥 Epoch 1/2
2025-08-10 16:52:12,252 - __main__ - INFO -       Step 10/11 loss=0.5339 acc=1.000 | MA20: loss=0.5690 acc=0.600
2025-08-10 16:52:12,252 - __main__ - INFO -       Step 10/11 loss=0.5339 acc=1.000 | MA20: loss=0.5690 acc=0.600
2025-08-10 16:52:27,711 - __main__ - INFO -       Loss: 0.5575, Accuracy: 0.6364
2025-08-10 16:52:27,711 - __main__ - INFO -       Loss: 0.5575, Accuracy: 0.6364
2025-08-10 16:52:38,017 - __main__ - INFO -       Test acc=0.250 | sens=1.000 spec=0.000 prec=0.250 f1=0.400 bal_acc=0.500
2025-08-10 16:52:38,017 - __main__ - INFO -       Test acc=0.250 | sens=1.000 spec=0.000 prec=0.250 f1=0.400 bal_acc=0.500
2025-08-10 16:52:38,019 - training.training_metrics - INFO - New best loss: 0.557510 at epoch 0
2025-08-10 16:52:38,019 - training.training_metrics - INFO - New best loss: 0.557510 at epoch 0
2025-08-10 16:52:38,027 - __main__ - INFO -       🏆 New best balanced accuracy; saving best checkpoint
2025-08-10 16:52:38,027 - __main__ - INFO -       🏆 New best balanced accuracy; saving best checkpoint
2025-08-10 16:52:38,029 - __main__ - INFO -    🔥 Epoch 2/2
2025-08-10 16:52:38,029 - __main__ - INFO -    🔥 Epoch 2/2
2025-08-10 16:55:16,457 - __main__ - INFO -       Step 10/11 loss=0.5269 acc=1.000 | MA20: loss=0.5776 acc=0.600
2025-08-10 16:55:16,457 - __main__ - INFO -       Step 10/11 loss=0.5269 acc=1.000 | MA20: loss=0.5776 acc=0.600
2025-08-10 16:55:32,922 - __main__ - INFO -       Loss: 0.6474, Accuracy: 0.5455
2025-08-10 16:55:32,922 - __main__ - INFO -       Loss: 0.6474, Accuracy: 0.5455
2025-08-10 16:55:33,714 - __main__ - INFO -       Test acc=0.250 | sens=1.000 spec=0.000 prec=0.250 f1=0.400 bal_acc=0.500
2025-08-10 16:55:33,714 - __main__ - INFO -       Test acc=0.250 | sens=1.000 spec=0.000 prec=0.250 f1=0.400 bal_acc=0.500
2025-08-10 16:55:33,719 - __main__ - INFO - 🎉 REAL Training completed in 410.3s!
2025-08-10 16:55:33,719 - __main__ - INFO - 🎉 REAL Training completed in 410.3s!
2025-08-10 16:55:33,721 - training.test_evaluation - INFO - 
🧪 Evaluating on test set...
2025-08-10 16:55:33,721 - training.test_evaluation - INFO - 
🧪 Evaluating on test set...
2025-08-10 16:55:34,504 - training.test_evaluation - INFO - 📊 TEST SET ANALYSIS:
2025-08-10 16:55:34,504 - training.test_evaluation - INFO - 📊 TEST SET ANALYSIS:
2025-08-10 16:55:34,505 - training.test_evaluation - INFO -    Test samples: 4
2025-08-10 16:55:34,505 - training.test_evaluation - INFO -    Test samples: 4
2025-08-10 16:55:34,507 - training.test_evaluation - INFO -    True labels - Class 0: 3, Class 1: 1
2025-08-10 16:55:34,507 - training.test_evaluation - INFO -    True labels - Class 0: 3, Class 1: 1
2025-08-10 16:55:34,508 - training.test_evaluation - INFO -    Predictions - Class 0: 0, Class 1: 4
2025-08-10 16:55:34,508 - training.test_evaluation - INFO -    Predictions - Class 0: 0, Class 1: 4
2025-08-10 16:55:34,509 - training.test_evaluation - INFO -    Test accuracy: 25.0%
2025-08-10 16:55:34,509 - training.test_evaluation - INFO -    Test accuracy: 25.0%
2025-08-10 16:55:34,513 - training.test_evaluation - WARNING - 🚨 MODEL ALWAYS PREDICTS CLASS 1 ON TEST SET!
2025-08-10 16:55:34,513 - training.test_evaluation - WARNING - 🚨 MODEL ALWAYS PREDICTS CLASS 1 ON TEST SET!
2025-08-10 16:55:34,514 - training.test_evaluation - WARNING -    This suggests the model didn't learn properly
2025-08-10 16:55:34,514 - training.test_evaluation - WARNING -    This suggests the model didn't learn properly
2025-08-10 16:55:34,516 - training.test_evaluation - INFO - 🔍 TEST PREDICTIONS vs LABELS:
2025-08-10 16:55:34,516 - training.test_evaluation - INFO - 🔍 TEST PREDICTIONS vs LABELS:
2025-08-10 16:55:34,649 - training.test_evaluation - INFO -    Test 0: Pred=1, True=0 ❌
2025-08-10 16:55:34,649 - training.test_evaluation - INFO -    Test 0: Pred=1, True=0 ❌
2025-08-10 16:55:34,652 - training.test_evaluation - INFO -    Test 1: Pred=1, True=1 ✅
2025-08-10 16:55:34,652 - training.test_evaluation - INFO -    Test 1: Pred=1, True=1 ✅
2025-08-10 16:55:34,654 - training.test_evaluation - INFO -    Test 2: Pred=1, True=0 ❌
2025-08-10 16:55:34,654 - training.test_evaluation - INFO -    Test 2: Pred=1, True=0 ❌
2025-08-10 16:55:34,657 - training.test_evaluation - INFO -    Test 3: Pred=1, True=0 ❌
2025-08-10 16:55:34,657 - training.test_evaluation - INFO -    Test 3: Pred=1, True=0 ❌
2025-08-10 16:55:34,660 - __main__ - INFO - ======================================================================
🧪 TEST EVALUATION SUMMARY 🧪
======================================================================
Training Accuracy: 54.5%
Test Accuracy: 25.0% (This is the REAL accuracy!)
✅ Realistic accuracy for this challenging task!
🚨 MODEL COLLAPSE: Always predicts class 1
F1 Score: 0.400
Precision: 0.250
Recall: 1.000
Data Source: Real LIGO GW150914
Epochs: 2
======================================================================
2025-08-10 16:55:34,660 - __main__ - INFO - ======================================================================
🧪 TEST EVALUATION SUMMARY 🧪
======================================================================
Training Accuracy: 54.5%
Test Accuracy: 25.0% (This is the REAL accuracy!)
✅ Realistic accuracy for this challenging task!
🚨 MODEL COLLAPSE: Always predicts class 1
F1 Score: 0.400
Precision: 0.250
Recall: 1.000
Data Source: Real LIGO GW150914
Epochs: 2
======================================================================
2025-08-10 16:55:34,662 - __main__ - INFO - 🎉 Training completed successfully!
2025-08-10 16:55:34,662 - __main__ - INFO - 🎉 Training completed successfully!
2025-08-10 16:55:34,663 - __main__ - INFO -    - Total epochs: 2
2025-08-10 16:55:34,663 - __main__ - INFO -    - Total epochs: 2
2025-08-10 16:55:34,665 - __main__ - INFO -    - Final loss: 0.6474
2025-08-10 16:55:34,665 - __main__ - INFO -    - Final loss: 0.6474
2025-08-10 16:55:34,666 - __main__ - INFO -    - Training accuracy: 0.5455
2025-08-10 16:55:34,666 - __main__ - INFO -    - Training accuracy: 0.5455
2025-08-10 16:55:34,668 - __main__ - INFO -    - Test accuracy: 0.2500 (REAL accuracy)
2025-08-10 16:55:34,668 - __main__ - INFO -    - Test accuracy: 0.2500 (REAL accuracy)
2025-08-10 16:55:34,669 - __main__ - INFO -    - Training time: 410.3s
2025-08-10 16:55:34,669 - __main__ - INFO -    - Training time: 410.3s
2025-08-10 16:55:34,671 - __main__ - INFO -    Model saved to: /mnt/c/Users/alpph/Documents/CPC-SNN-GW/outputs/sanity_2ep_cpu/standard_training_1bs/final_model.orbax
2025-08-10 16:55:34,671 - __main__ - INFO -    Model saved to: /mnt/c/Users/alpph/Documents/CPC-SNN-GW/outputs/sanity_2ep_cpu/standard_training_1bs/final_model.orbax
2025-08-10 16:55:34,693 - __main__ - INFO - ✅ Training completed successfully!
2025-08-10 16:55:34,693 - __main__ - INFO - ✅ Training completed successfully!
2025-08-10 16:55:34,696 - __main__ - INFO - 📊 Final metrics: {'final_train_loss': 0.6474207179112867, 'final_train_accuracy': 0.5454545454545454, 'final_test_accuracy': 0.25, 'final_val_loss': None, 'final_val_accuracy': None, 'total_epochs': 2, 'total_steps': 22, 'best_metric': 0.25, 'training_time_seconds': 410.29224586486816, 'model_params': 250000, 'has_proper_test_set': True, 'model_collapse': True, 'test_analysis': {'test_accuracy': 0.25, 'has_proper_test_set': True, 'data_leakage': False, 'model_collapse': True, 'collapsed_class': 1, 'class_counts_true': {0: 3, 1: 1}, 'class_counts_pred': {0: 0, 1: 4}, 'suspicious_patterns': ['model_collapse'], 'sensitivity': 1.0, 'specificity': 0.0, 'precision': 0.25, 'recall': 1.0, 'f1_score': 0.4, 'predictions': [1, 1, 1, 1], 'true_labels': [0, 1, 0, 0], 'probabilities': [0.5530251264572144, 0.5537925958633423, 0.5528395771980286, 0.5529587268829346], 'auc_roc': 0.0, 'auc_pr': 0.0, 'roc_curve': {}, 'pr_curve': {}, 'opt_threshold': 0.5, 'ece': 0.30315399169921875, 'event_level': {}}}
2025-08-10 16:55:34,696 - __main__ - INFO - 📊 Final metrics: {'final_train_loss': 0.6474207179112867, 'final_train_accuracy': 0.5454545454545454, 'final_test_accuracy': 0.25, 'final_val_loss': None, 'final_val_accuracy': None, 'total_epochs': 2, 'total_steps': 22, 'best_metric': 0.25, 'training_time_seconds': 410.29224586486816, 'model_params': 250000, 'has_proper_test_set': True, 'model_collapse': True, 'test_analysis': {'test_accuracy': 0.25, 'has_proper_test_set': True, 'data_leakage': False, 'model_collapse': True, 'collapsed_class': 1, 'class_counts_true': {0: 3, 1: 1}, 'class_counts_pred': {0: 0, 1: 4}, 'suspicious_patterns': ['model_collapse'], 'sensitivity': 1.0, 'specificity': 0.0, 'precision': 0.25, 'recall': 1.0, 'f1_score': 0.4, 'predictions': [1, 1, 1, 1], 'true_labels': [0, 1, 0, 0], 'probabilities': [0.5530251264572144, 0.5537925958633423, 0.5528395771980286, 0.5529587268829346], 'auc_roc': 0.0, 'auc_pr': 0.0, 'roc_curve': {}, 'pr_curve': {}, 'opt_threshold': 0.5, 'ece': 0.30315399169921875, 'event_level': {}}}
2025-08-10 16:55:34,698 - __main__ - INFO - 💾 Model saved to: /mnt/c/Users/alpph/Documents/CPC-SNN-GW/outputs/sanity_2ep_cpu/standard_training_1bs/final_model.orbax
2025-08-10 16:55:34,698 - __main__ - INFO - 💾 Model saved to: /mnt/c/Users/alpph/Documents/CPC-SNN-GW/outputs/sanity_2ep_cpu/standard_training_1bs/final_model.orbax
